ARM GAS  /tmp/ccIz1N1B.s 			page 1


   1              		.cpu cortex-m4
   2              		.eabi_attribute 27, 1
   3              		.eabi_attribute 28, 1
   4              		.eabi_attribute 23, 1
   5              		.eabi_attribute 24, 1
   6              		.eabi_attribute 25, 1
   7              		.eabi_attribute 26, 1
   8              		.eabi_attribute 30, 2
   9              		.eabi_attribute 34, 1
  10              		.eabi_attribute 18, 4
  11              		.file	"main.c"
  12              		.section	.gnu.lto_.profile.cc48e00ac8d799c3,"e",%progbits
  13 0000 789CE360 		.ascii	"x\234\343``\004B \000\000\000]\000\013"
  13      60044220 
  13      0000005D 
  13      000B
  14              		.text
  15              		.section	.gnu.lto_.icf.cc48e00ac8d799c3,"e",%progbits
  16 0000 789CE360 		.ascii	"x\234\343``d\220b@\000\026\206\247\223\336\26413\336"
  16      60649062 
  16      40001686 
  16      A793DEB4 
  16      3133DE
  17 0013 3D33F316 		.ascii	"=3\363\026\017\323\311}\235\247\230\231;\377\377\334"
  17      0FD3C97D 
  17      9DA79899 
  17      3BFFFFDC 
  18 0023 C4C50000 		.ascii	"\304\305\000\000\250\265\014\\"
  18      A8B50C5C 
  19              		.text
  20              		.section	.gnu.lto_.jmpfuncs.cc48e00ac8d799c3,"e",%progbits
  21 0000 789CE360 		.ascii	"x\234\343``d8\317\200\000,\014\214\214\214\365\363\231"
  21      606438CF 
  21      80002C0C 
  21      8C8C8CF5 
  21      F399
  22 0012 81C20C4C 		.ascii	"\201\302\014L`\304x\200\205\221\001\210\377302Mgf\354"
  22      60C47880 
  22      85910188 
  22      FF333032 
  22      4D6766EC 
  23 0026 6B7E7F8F 		.ascii	"k~\177\217\243\217y>3##\003\343.Fi\240P\303\234w\367"
  23      A38F793E 
  23      33232303 
  23      E32E4669 
  23      A050C39C 
  24 003c F8214240 		.ascii	"\370!B@E\273\031\245\321t\201\224\241\011\333CD\201"
  24      45BB19A5 
  24      D1748194 
  24      A109DB43 
  24      4481
  25 004e 9A2F3EB9 		.ascii	"\232/>\271)\017\321k\317\270\007U+#\262\365\362p\035"
  25      290FD16B 
  25      CFB80755 
  25      2B23B2F5 
  25      F2701D
  26 0061 FB5EDCB8 		.ascii	"\373^\334\270\310\015\321\"\317\270\027\233\261 \203"
ARM GAS  /tmp/ccIz1N1B.s 			page 2


  26      C80DD122 
  26      CFB8179B 
  26      B12083
  27 0070 98C1DE01 		.ascii	"\230\301\336\001\000\244F+\357"
  27      00A4462B 
  27      EF
  28              		.text
  29              		.section	.gnu.lto_.inline.cc48e00ac8d799c3,"e",%progbits
  30 0000 789CE360 		.ascii	"x\234\343``d\270\305\200\000,\014\014\342'\326}\271"
  30      6064B8C5 
  30      80002C0C 
  30      0CE227D6 
  30      7DB9
  31 0012 C494C9C8 		.ascii	"\304\224\311\310\310\300\301\310\300\300,\002\344\256"
  31      C8C0C1C8 
  31      C0C02C02 
  31      E4AE
  32 0020 62CA6460 		.ascii	"b\312d``kmhh`Jab`b\020i\0001\323@\252\031\200\006\230"
  32      606B6D68 
  32      68604A61 
  32      62606210 
  32      690031D3 
  33 003a 2CD87571 		.ascii	",\330uq9s\026#\003S\022\220\265\2309\013\250\270\017"
  33      39731623 
  33      03531290 
  33      B598390B 
  33      A8B80F
  34 004d AE180898 		.ascii	"\256\030\010\230\030\0161\\_\367\345'S6PM\332\225u_"
  34      180E315C 
  34      5FF7E527 
  34      5336504D 
  34      DA95755F 
  35 0061 B6326503 		.ascii	"\2662e\003\325LGQ\303\0152\253\337\017?=\001N33\310"
  35      D54C4751 
  35      C30D32AB 
  35      DF0F3F3D 
  35      014E3333 
  36 0076 5FFE3769 		.ascii	"_\3767i?s\005\320H\263\373S~lb\256\0009\277\021hf\035"
  36      3F7305D0 
  36      48B3FB53 
  36      7E6C62AE 
  36      0039BF11 
  37 008d D448462E 		.ascii	"\324HF.F0\011\366\031\000\005\2751\253"
  37      463009F6 
  37      190005BD 
  37      31AB
  38              		.text
  39              		.section	.gnu.lto_.pureconst.cc48e00ac8d799c3,"e",%progbits
  40 0000 789CE360 		.ascii	"x\234\343``d\340e```a\230\305\3028\213\205i\026\013"
  40      6064E065 
  40      60606061 
  40      98C5C238 
  40      8B856916 
  41 0015 F3561600 		.ascii	"\363V\026\000\0221\002\264"
  41      123102B4 
  42              		.text
  43              		.section	.gnu.lto_u_putx.cc48e00ac8d799c3,"e",%progbits
ARM GAS  /tmp/ccIz1N1B.s 			page 3


  44 0000 789C9554 		.ascii	"x\234\225TKkSA\030\2353s\337\271I|,\323Ew\305M\033p"
  44      4B6B5341 
  44      189D3373 
  44      DFB9497C 
  44      2CD34577 
  45 0018 A14BFD29 		.ascii	"\241K\375)\"\210.t\355\256c\372\362Qk\021\237hl\241"
  45      22882E74 
  45      EDAE63FA 
  45      F2516B11 
  45      9F686CA1 
  46 002c 04456955 		.ascii	"\004EiU|\327Vck\255\317\252\365\265P+\010\326\027j\013"
  46      7CD75663 
  46      6BADCFAA 
  46      F5B5502B 
  46      08D6176A 
  47 0041 4545D4F8 		.ascii	"EE\324\370}\367Nb\242]h \22333\347\234\371f\316G<\001"
  47      7DF74E62 
  47      A25D6820 
  47      933333E7 
  47      9CF966CE 
  48 0058 B1DE1662 		.ascii	"\261\336\026b\221\020\342\021}\221\026\220Z\353\025"
  48      9110E211 
  48      7D911690 
  48      5AEB15
  49 0067 EE264F4A 		.ascii	"\356&OJE\250\336\322\201\025\377\206\012\266\331\263"
  49      45A8DED2 
  49      8115FF86 
  49      0AB6D9B3 
  50 0077 2AC88663 		.ascii	"*\310\206c\220#S\2233\337\226\023\337\035\330\321\346"
  50      90235393 
  50      33DF9613 
  50      DF1DD8D1 
  50      E6
  51 0088 123F65F6 		.ascii	"\022?e\366V\272\3223V\276\261\362\020\030\231_A\001"
  51      56BAD233 
  51      56BEB1F2 
  51      1018995F 
  51      4101
  52 009a 12062564 		.ascii	"\022\006%d\322X\205\306*i\366V\206@\004\264\007\321"
  52      D25885C6 
  52      2A69F656 
  52      864004B4 
  52      07D1
  53 00ac 2C95653B 		.ascii	",\225e;)\327\363\203D2D\263J\210\312\307\371\015w\250"
  53      29D7F383 
  53      443244B3 
  53      4A88CAC7 
  53      F90D77A8 
  54 00c0 BD0A231D 		.ascii	"\275\012#\035\323\027\344\222\303\244\325\305\275;\335"
  54      D317E492 
  54      C3A4D5C5 
  54      BD3BDD
  55 00cf 017D4FAB 		.ascii	"\001}O\253\036%\304~U\246a\020K\2108q\270\260+P\013"
  55      1E25C47E 
  55      55A66110 
  55      4B883871 
  55      B8B02B50 
ARM GAS  /tmp/ccIz1N1B.s 			page 4


  56 00e4 2108BFEF 		.ascii	"!\010\277\357\317\335\227\015\005\335\235\323\305gm"
  56      CFDD970D 
  56      05DD9DD3 
  56      C5676D
  57 00f3 4A873D0A 		.ascii	"J\207=\012\270\010E\",\315 \233\021\202VH:\204\006\301"
  57      B8084522 
  57      2CCD209B 
  57      11825648 
  57      3A8406C1 
  58 0107 8297277F 		.ascii	"\202\227'\177\356N:\226q\3050\034Y\263J\334Z\232\254"
  58      EE4E3A96 
  58      71C5301C 
  58      59B34ADC 
  58      5A9AAC
  59 011a 5D60052E 		.ascii	"]`\005.\303\251Zl\345\222{\277l\247#\213p\"\213j\301"
  59      C3A95A6C 
  59      E5927BBF 
  59      6CA7238B 
  59      70228B6A 
  60 012f 15125C62 		.ascii	"\025\022\\b\001F\340\374\203S\275\300\350<6W+6c\204"
  60      0146E0FC 
  60      8353BDC0 
  60      E83C3657 
  60      2B366384 
  61 0143 A8A8E393 		.ascii	"\250\250\343\223vQ\377,u\350\342D\335\324\351\351\205"
  61      7651FF2C 
  61      75E8E244 
  61      DDD4E9E9 
  61      85
  62 0154 8B415795 		.ascii	"\213AW\225\222\007z\003\272\257MP9<\2704X\036\017>O"
  62      92077A03 
  62      BAAF4D50 
  62      393CB834 
  62      581E0F3E 
  63 0169 03460946 		.ascii	"\003F\011F!\017I\236\246xH\363t\001#!\266)1\363\355"
  63      210F499E 
  63      A67848F3 
  63      74012321 
  63      B62931F3 
  64 017e C872E8A2 		.ascii	"\310r\350\242\020\235JF\270\205\360;\264|o\357\277\020"
  64      109D4A46 
  64      B885F03B 
  64      B47C6FEF 
  64      BF10
  65 0190 72F97985 		.ascii	"r\371y\205\274\342\354\246r\371\257a\027\305e\303\302"
  65      BCE2ECA6 
  65      72F9AF61 
  65      17C565C3 
  65      C2
  66 01a1 3564C42B 		.ascii	"5d\304+\264>\033}\227\341\007!\0221\272\317\236\330"
  66      B43E1B7D 
  66      97E10721 
  66      1231BACF 
  66      9ED8
  67 01b3 E23003F0 		.ascii	"\3420\003\3601N\014\376t*u~xW]\331\367`;bA\"\326\350"
  67      314E0CFE 
  67      742A757E 
ARM GAS  /tmp/ccIz1N1B.s 			page 5


  67      78575DD9 
  67      F7603B62 
  68 01cb C29BF180 		.ascii	"\302\233\361\2005\016\262\270\036i:\2255\257\"\214\025"
  68      350EB2B8 
  68      1E693A95 
  68      35AF228C 
  68      15
  69 01dc 87E69ECF 		.ascii	"\207\346\236\317z\261b\031n\030\205]\251]|F\232\334"
  69      7AB16219 
  69      6E18855D 
  69      A95D7C46 
  69      9ADC
  70 01ee 95248125 		.ascii	"\225$\201%i\313\371Q*\225\224q\033\031z{\264/\340\224"
  70      69CBF951 
  70      2A959471 
  70      1B197A7B 
  70      B42FE094 
  71 0202 F22A4966 		.ascii	"\362*If]-\237\246\"37j\265s3w\037\253x\252\217\264j"
  71      5D2D9FA6 
  71      2233376A 
  71      B5733377 
  71      1FAB78AA 
  72 0219 8B96068F 		.ascii	"\213\226\006\217\277:&\013\350C\217\362p\013\031\334"
  72      BF3A260B 
  72      E8438FF2 
  72      700B19DC 
  73 0229 E4236963 		.ascii	"\344#icn\363\215\247*;\240[7\351\372\036\345\3436\012"
  73      6EF38DA7 
  73      2A3BA05B 
  73      37E9FA1E 
  73      E5E3360A 
  74 023d D8471DC7 		.ascii	"\330G\035\307\315 p\007Y.~O\307[;>-\025\037\330_z} "
  74      CD207007 
  74      592E7E4F 
  74      C75B3B3E 
  74      2D151FD8 
  75 0255 CD2758D0 		.ascii	"\315'X\320\300D\374\214/Fo\303\260\2102\376\351\303"
  75      C044FC8C 
  75      2F466FC3 
  75      B08832FE 
  75      E9C3
  76 0267 43C41481 		.ascii	"C\304\024\201\273\346\031\267\251Tg\333\223qzZ\272\222"
  76      BBE619B7 
  76      A95467DB 
  76      93717A5A 
  76      BA92
  77 0279 5B9554EE 		.ascii	"[\225T\356{\307\360\231\215\261zA^\245\371\222S[a\032"
  77      7BC7F099 
  77      8DB17A41 
  77      5EA5F992 
  77      535B611A 
  78 028d F15FAAEF 		.ascii	"\361_\252\357]\303\345\337\213\312\207)\377>\262d\027"
  78      5DC3E5DF 
  78      8BCA8729 
  78      FF3EB264 
  78      17
  79 029e DF60B8DC 		.ascii	"\337`\270\334\0102n\204>}k\237\2119\215\311\252F\030"
ARM GAS  /tmp/ccIz1N1B.s 			page 6


  79      08326E84 
  79      3E7D6B9F 
  79      89398DC9 
  79      AA4618
  80 02b1 8D4855C9 		.ascii	"\215HU\311{\177\346\0301l&\225\243\366\347\245D>\345"
  80      7B7FE618 
  80      316C2695 
  80      A3F6E7A5 
  80      443EE5
  81 02c4 6C83EA6C 		.ascii	"l\203\352l}\322{T\210\343s\266\374w\244\255\332l\307"
  81      7DD27B54 
  81      88E373B6 
  81      FC77A4AD 
  81      DA6CC7
  82 02d7 D8C0FD9F 		.ascii	"\330\300\375\237\344\036\224\223\273\312W\177X\225\\"
  82      E41E9493 
  82      BBCA577F 
  82      58955C
  83 02e6 E4E5915D 		.ascii	"\344\345\221]MR\361jU4\311\356J4\341\354_\321D\364 "
  83      4D52F16A 
  83      5534C9EE 
  83      4A34E1EC 
  83      5FD144F4 
  84 02fb AFFC7234 		.ascii	"\257\374r4c\377\031\315\243r4Q}\2179\232@|D\256\367"
  84      63FF19CD 
  84      A3723451 
  84      7D8F399A 
  84      407C44AE 
  85 0310 54173819 		.ascii	"T\0278\031S\005\242\243s\374N\"\325\330\330\264n\303"
  85      5305A2A3 
  85      73FC4E22 
  85      D5D8D8B4 
  85      6EC3
  86 0322 EAA6F5AB 		.ascii	"\352\246\365\253\326mh\\+\260\372\027\346\321\320["
  86      D66D685C 
  86      2BB0FA17 
  86      E6D1D05B 
  87              		.text
  88              		.section	.gnu.lto_init_sys.cc48e00ac8d799c3,"e",%progbits
  89 0000 789C9D57 		.ascii	"x\234\235W[S\024G\030\355\257\347\272\367\005\362\024"
  89      5B531447 
  89      18EDAFE7 
  89      BAF705F2 
  89      14
  90 0011 53957D8C 		.ascii	"S\225}\214/\312\203\017\346-\374\222T\222\227\230T\374"
  90      2FCA830F 
  90      E62DFC92 
  90      54929798 
  90      54FC
  91 0023 0BCE2E10 		.ascii	"\013\316.\020\304]\001\215\262\242 x+$V \261\254\022"
  91      C45D018D 
  91      B2A22078 
  91      2B245620 
  91      B1AC12
  92 0036 04615101 		.ascii	"\004aQ\001\021Q\002\242FE@Q\\\221\233\021/\210;\351"
  92      115102A2 
  92      46454051 
ARM GAS  /tmp/ccIz1N1B.s 			page 7


  92      5C919B11 
  92      2F883BE9 
  93 004a DBCCECAE 		.ascii	"\333\314\354\256\251\262vxhz\266{\3169}\372\373\276"
  93      A9B27678 
  93      687AB67B 
  93      CE397DFA 
  93      FBBE
  94 005c EED111A0 		.ascii	"\356\321\021\240\215 Ba\204\320\327\200\020|\206\000"
  94      8D204261 
  94      84D0D780 
  94      107C8600 
  95 006c 1B86F18D 		.ascii	"\033\206\361\215\026\3251H\242'\341\222\361\225\365"
  95      16D53148 
  95      A227E192 
  95      F195F5
  96 007b EDB2E195 		.ascii	"\355\262\341\225\333k+5\331\360\227\210\2612\031+\244"
  96      DB6B2B35 
  96      D9F09788 
  96      B132192B 
  96      A4
  97 008c 1321432A 		.ascii	"\023!C*\377\357W@\025\257\251\240\211\236\206\213\005"
  97      FFEF5740 
  97      15AFA9A0 
  97      899E868B 
  97      05
  98 009d 802E008A 		.ascii	"\200.\000\212\305X\231\016\0361\311\203\213\304\244"
  98      C558990E 
  98      1E31C983 
  98      8BC4A4
  99 00ac A0985424 		.ascii	"\240\230T$\306\312\202\340e\035\360\342\260\230\343"
  99      C6CA82E0 
  99      651DF0E2 
  99      B098E3
 100 00bb 1373C262 		.ascii	"\023s\302b\250\314\007~\001\344\307!1) &\205\304XY\000"
 100      A8CC077E 
 100      01E4C721 
 100      31292026 
 100      85C45859 
 101 00d0 80750C1D 		.ascii	"\200u\014\035\320.,\225\310\212\252\025\353\236\242"
 101      D02E2C95 
 101      C88AAA15 
 101      EB9EA2
 102 00df A037ECF3 		.ascii	"\2407\354\363\207\002\260K\225\220\375\2479]\217\323"
 102      8702B04B 
 102      9590FDA7 
 102      395D8FD3 
 103 00ef F53A5DBF 		.ascii	"\365:]\277\323\255\225\222\022\\\252z\332\2057\267\022"
 103      D3AD9592 
 103      125CAA7A 
 103      DA8537B7 
 103      12
 104 0100 0623953C 		.ascii	"\006#\225<\253\265\033c\206\324L\000\033lP\270\000\233"
 104      ABB51B63 
 104      86D44C00 
 104      1B6C50B8 
 104      009B
 105 0112 1122531F 		.ascii	"\021\"S\037\375\2259\030Pe1\004\335\240\222\235@\250"
ARM GAS  /tmp/ccIz1N1B.s 			page 8


 105      FD953918 
 105      50653104 
 105      DDA0929D 
 105      40A8
 106 0124 635C4919 		.ascii	"c\\I\031\031\263\312H\2758\011}\337~\005\250Y\002L\033"
 106      19B3CA48 
 106      BD38097D 
 106      DF7E05A8 
 106      59024C1B 
 107 0138 8936326D 		.ascii	"\21162m\024\332\250\264\321h\243\323\306C\033/m|\264"
 107      14DAA8B4 
 107      D168A3D3 
 107      C6431B2F 
 107      6D7CB4
 108 014b F1D306A1 		.ascii	"\361\323\006\241\270\204\226\326Oo\007#\205PB\302\254"
 108      B88496D6 
 108      4F6F0723 
 108      855042C2 
 108      AC
 109 015c 1F25FDE7 		.ascii	"\037%\375\347p\351\345\263\373\345^JK\264\324\224/?"
 109      70E9E5B3 
 109      FBE55E4A 
 109      4BB4D494 
 109      2F3F
 110 016e D46B8852 		.ascii	"\324k\210R\014TZ\307\336\206\333\001\376h\254\3546d"
 110      0C545AC7 
 110      DE86DB01 
 110      FE68ACEC 
 110      3664
 111 0180 F2D35CB2 		.ascii	"\362\323\\\262s\003N\301\211(YY\313\347\315\222\004"
 111      73034EC1 
 111      89285959 
 111      CBE7CD92 
 111      04
 112 0191 176113F4 		.ascii	"\027a\023\364\300&\266\226\316\013\315\243Zi\273Q\021"
 112      C026B696 
 112      CE0BCDA3 
 112      5A69BB51 
 112      11
 113 01a2 3522CD92 		.ascii	"5\"\315\222\014\275d\352!\276\256>(%\023nO\235h\001"
 113      0CBD64EA 
 113      21BEAE3E 
 113      2825136E 
 113      4F9D6801 
 114 01b6 8A08A040 		.ascii	"\212\010\240@\212\274\305\004,\333\002\012\203\357g"
 114      8ABCC504 
 114      2CDB020A 
 114      83EF67
 115 01c5 F0D42DB8 		.ascii	"\360\324-\270\304\340\207\226\027o\011x\004\227-\370"
 115      C4E08796 
 115      176F0978 
 115      04972DF8 
 116 01d5 F72EE1AF 		.ascii	"\367.\341\2570xL\341\007\030\374b\342\312=\037\207\247"
 116      30784CE1 
 116      0718FC62 
 116      E2CA3D1F 
 116      87A7
ARM GAS  /tmp/ccIz1N1B.s 			page 9


 117 01e7 3B0B3068 		.ascii	";\0130hQ\034\256tG1\304(\250Cp\225Q\034\270vn\330\313"
 117      511CAE74 
 117      4731C428 
 117      A8437095 
 117      511CB876 
 118 01fe 2922306C 		.ascii	")\"0l\301\367\270\204\277\306\340e\012?\302\340\207"
 118      C1F7B884 
 118      BFC6E065 
 118      0A3FC2E0 
 118      87
 119 020f EB07EFEB 		.ascii	"\353\007\357\353\034\276\266\307\300p\335f\230W]1\214"
 119      1CBEB6C7 
 119      C070DD66 
 119      98575D31 
 119      8C
 120 0220 32068532 		.ascii	"2\006\2052\334`\014\255\253\373gm\217*t\270i1\214\332"
 120      DC600CAD 
 120      ABFB676D 
 120      8F2A74B8 
 120      69318CDA 
 121 0234 0C769429 		.ascii	"\014v\224),\312\032\323\003\375\022\1774f\242,\312\372"
 121      2CCA1AD3 
 121      03FD127F 
 121      3466A22C 
 121      CAFA
 122 0246 3A077BFC 		.ascii	":\007{\374Y\032T\370\233h\030\023\032.\326]?\241di\030"
 122      591A54F8 
 122      9B681813 
 122      1A2ED65D 
 122      3FA16469 
 123 025b 671A54AA 		.ascii	"g\032T\252a\202i\270\261\321\020\025&\0321\014\267,"
 123      618269B8 
 123      B1D11015 
 123      261A310C 
 123      B72C
 124 026d 09375A35 		.ascii	"\0117Z5W\213\234d\004\264\010\300mF0\337q\252\011s\202"
 124      578B9C64 
 124      04B408C0 
 124      6D4630DF 
 124      71AA0973 
 125 0282 2821B863 		.ascii	"(!\270c\021d\252\264\3745jl\215\257k\273S\022\177$\245"
 125      1164AAB4 
 125      FC356A6C 
 125      8DAF6BBB 
 125      53127F24 
 126 0297 80ADF15A 		.ascii	"\200\255\361Z]\323\237r\226\004\035\376!\022\356\012"
 126      5DD39F72 
 126      96041DFE 
 126      2112EE0A 
 127 02a7 09370713 		.ascii	"\0117\007\023GCY\022\3561\011:\225p\237Ih\310Lg4\212"
 127      47435912 
 127      EE31093A 
 127      95709F49 
 127      68C84C67 
 128 02bd 4877191E 		.ascii	"Hw\031\036X\012L[Aa\370S\016\376C\206\337\177\266f\311"
 128      580A4C5B 
 128      4161F853 
ARM GAS  /tmp/ccIz1N1B.s 			page 10


 128      0EFE4386 
 128      DF7FB666 
 129 02d2 C7F12710 		.ascii	"\307\361'\020L[\370\235\325\356\360g\030>-\2360\313"
 129      4C5BF89D 
 129      D5EEF067 
 129      183E2D9E 
 129      30CB
 130 02e4 F07BDB5B 		.ascii	"\360{\333[\347\024n\241\371\3064C\360\210\276I\212\223"
 130      E7146EA1 
 130      F9C63443 
 130      F088BE49 
 130      8A93
 131 02f6 F4DC344D 		.ascii	"\364\3344M\211V' \214=\351\256a\306\330$A\036i\344S"
 131      89562720 
 131      8C3DE9AE 
 131      61C6D824 
 131      411E69E4 
 132 030b 9C8F1DCE 		.ascii	"\234\217\035\3169(%\372\313\353\253\206\025\016\206"
 132      392825FA 
 132      CBEBAB86 
 132      150E86
 133 031a 39DEC1DF 		.ascii	"9\336\301\337\3737\374\\\005\341{B\200\236@\305\364"
 133      FB37FC5C 
 133      05E17B42 
 133      809E40C5 
 133      F4
 134 032b E52B2066 		.ascii	"\345+ f\261\"B\377\342R\311\373\212;C\264\260$$9\267"
 134      B12242FF 
 134      E252C9FB 
 134      8A3B43B4 
 134      B0242439 
 135 0340 7E76B7B9 		.ascii	"~v\267\271\363\344)\323GO\021\230g\236|\270z\346\236"
 135      F3E429D3 
 135      474F1198 
 135      679E7CB8 
 135      7AE69E
 136 0353 977B6E02 		.ascii	"\227{n\002<\263s\323%~\332\301\177\316\360gb\275_\012"
 136      3CB373D3 
 136      257EDAC1 
 136      7FCEF067 
 136      62BD5F0A 
 137 0367 CBA31B12 		.ascii	"\313\243\033\022,p\202\236\364\273ja\261T\250\305/\034"
 137      2C70829E 
 137      F4BB6A61 
 137      B154A8C5 
 137      2F1C
 138 0379 8B172D8B 		.ascii	"\213\027-\213\333\204\3052\307;69\026\02359\014K\226"
 138      DB84C532 
 138      C73B3639 
 138      16133539 
 138      0C4B96
 139 038c C3DBC41C 		.ascii	"\303\333\304\034\333\340\204\244\234\277x\340\013\307"
 139      DBE084A4 
 139      9CBF78E0 
 139      0BC7
 140 039a D5F5FF5F 		.ascii	"\325\365\377_\365\367\350S\232\226\231&\037\325\264"
 140      F5F7E853 
ARM GAS  /tmp/ccIz1N1B.s 			page 11


 140      9A969926 
 140      1FD5B4
 141 03a9 C2969D1E 		.ascii	"\302\226\235\036_\270\025\344\266\236k\361\300\252}"
 141      5FB815E4 
 141      B69E6BF1 
 141      C0AA7D
 142 03b8 2EB86578 		.ascii	".\270ex\311\030\350\231\017\3772\206\306\365\205\001"
 142      C918E899 
 142      0FFF3286 
 142      C6F58501 
 143 03c8 0F673879 		.ascii	"\017g8y|\016\301+\021\313jn\240d\322\252\253\215\\c"
 143      7C0EC12B 
 143      11CB6A6E 
 143      A064D2AA 
 143      AB8D5C63 
 144 03dc 7C01CAF7 		.ascii	"|\001\312\367\232\361\331\325E&\347\334\033A\246-\345"
 144      9AF1D9D5 
 144      4526E7DC 
 144      1B41A62D 
 144      E5
 145 03ed 26CE9E11 		.ascii	"&\316\236\021\261\253J\241\273\372\326\331\325w\371"
 145      B1AB4AA1 
 145      BBFAD6D9 
 145      D577F9
 146 03fc 8923F01E 		.ascii	"\211#\360\036\306\232\336\212\304\221a=?o\324\254\274"
 146      C69ADE8A 
 146      C491613D 
 146      3F6FD4AC 
 146      BC
 147 040d 29CED879 		.ascii	")\316\330y\243/\347\330\2218\343.\256\3373yA*o\203\331"
 147      A32FE7D8 
 147      9138E32E 
 147      AEDF3379 
 147      412A6F83 
 148 0422 D196AC6F 		.ascii	"\321\226\254o\304\"oB\360\301\332\337\232\005wvg\034"
 148      C4226F42 
 148      F0C1DADF 
 148      9A057776 
 148      671C
 149 0434 BB4D863F 		.ascii	"\273M\206?\332w\376gq\234\354\216\200\201\255\343$\356"
 149      DA77FE67 
 149      719CEC8E 
 149      8081ADE3 
 149      24EE
 150 0446 4E7F14DB 		.ascii	"N\177\024\333\366\3060\305\037XM\336\025)bfh-,\267("
 150      F6C630C5 
 150      1F584DDE 
 150      15296266 
 150      682D2CB7 
 151 045b EEBAA4A8 		.ascii	"\356\272\244\250\300v9\257\304\245N)\231\036\371\350"
 151      C07639AF 
 151      C4A54E29 
 151      991EF9E8 
 152 046b 80F2B003 		.ascii	"\200\362\260\003jh\341\361\031\205?\032o\371U\357\372"
 152      6A68E1F1 
 152      19853F1A 
 152      6FF955EF 
ARM GAS  /tmp/ccIz1N1B.s 			page 12


 152      FA
 153 047c E9A5B82F 		.ascii	"\351\245\270/;)\274P\2057\301\257\230S\326\317\237\216"
 153      3B29BC50 
 153      8537C1AF 
 153      9853D6CF 
 153      9F8E
 154 048e 4A5994BB 		.ascii	"JY\224\273\031e\210RV\263U%g\253\326\304)\034\013\302"
 154      19658852 
 154      56B35525 
 154      67ABD6C4 
 154      291C0BC2 
 155 04a2 1ECCA3D4 		.ascii	"\036\314\243\324\263\226\033\245\325\243\"J\265\274"
 155      B3961BA5 
 155      D5A3224A 
 155      B5BC
 156 04b0 6339F2A9 		.ascii	"c9\362\251S9\216\355\253G\002\213(\355\022Q\252s\274"
 156      53398EED 
 156      AB47028B 
 156      28ED1251 
 156      AA73BC
 157 04c3 DAF3939D 		.ascii	"\332\363\223\235\326E\200\\\364\367\342\2748\325\263"
 157      D645805C 
 157      F4F7E2BC 
 157      38D5B3
 158 04d2 E2B4A8B2 		.ascii	"\342\264\250\262\222\307i\\\012\2628\245\021\353]\317"
 158      92C7695C 
 158      0AB238A5 
 158      11EB5DCF 
 159 04e2 CB294BAD 		.ascii	"\313)K\255\247P\2655\216\332\332|\265^\216\327\275\367"
 159      A750B535 
 159      8EDADA7C 
 159      B55E8ED7 
 159      BDF7
 160 04f4 D5555BAD 		.ascii	"\325U[\255\021\206\272|\271\336,\271\341x\245\225V\276"
 160      1186BA7C 
 160      B9DE2CB9 
 160      E178A595 
 160      56BE
 161 0506 95DCB4FA 		.ascii	"\225\334\264\372\303\335-g\037SH\277\377`?\333\300\341"
 161      C3DD2D67 
 161      1F5348BF 
 161      FF603FDB 
 161      C0E1
 162 0518 C9C5A392 		.ascii	"\311\305\243\222\330\300\010\374&6\220~?\031\262c\311"
 162      D8C008FC 
 162      2636907E 
 162      3F19B263 
 162      C9
 163 0529 6887B0C4 		.ascii	"h\207\260\304W\250%\007\034\302\2038\257\314\3709^\333"
 163      57A82507 
 163      1CC28338 
 163      AFCCF839 
 163      5EDB
 164 053b 5ACD1161 		.ascii	"Z\315\021a\211\037\352\271\037\317l?\374\364\252h\326"
 164      891FEAB9 
 164      1FCF6C3F 
 164      FCF4AA68 
ARM GAS  /tmp/ccIz1N1B.s 			page 13


 164      D6
 165 054c F7C97C86 		.ascii	"\367\311|\206\016Il\331\023\252\263\355\011\254\346"
 165      0E496CD9 
 165      13AAB3ED 
 165      09ACE6
 166 055b 7EED747C 		.ascii	"~\355t|\364\265\343c)\220Y5%\376T\227*7\202\344\227"
 166      F4B5E363 
 166      29905935 
 166      25FE5497 
 166      2A3782E4 
 167 0570 E5AEF49B 		.ascii	"\345\256\364\233\220\345\337O$\003\374\320@2\340\220"
 167      90E5DF4F 
 167      2403FCD0 
 167      4032E090 
 168 0580 C880C4BE 		.ascii	"\310\200\304\276'3\331\3539\314\326SD\327s\204\0318"
 168      2733D9EB 
 168      39CCD653 
 168      44D77384 
 168      1938
 169 0592 F5E2F1B9 		.ascii	"\365\342\361\271 \32761\213\240\321\312\352\007\266"
 169      20D73631 
 169      8BA0D1CA 
 169      EA07B6
 170 05a1 8402199A 		.ascii	"\204\002\031\232\030C1e8\312\030\322\375\023\223\242"
 170      18433165 
 170      38CA18D2 
 170      FD1393A2 
 171 05b1 0CCF6BD0 		.ascii	"\014\317k\320l\021L\271%ha\004%\224\340\030#\350M\214"
 171      6C114CB9 
 171      25686104 
 171      2594E018 
 171      23E84D8C 
 172 05c5 8D881800 		.ascii	"\215\210\030\0008N\336Z\202X\213\331\3136@X\015\253"
 172      384EDE5A 
 172      82588BD9 
 172      CB364058 
 172      0DAB
 173 05d7 D6972542 		.ascii	"\326\227%B\301-[\266\356\330\371\303\326_\276\333\261"
 173      C12D5BB6 
 173      EED8F9C3 
 173      D65FBEDB 
 173      B1
 174 05e8 73CB8FE8 		.ascii	"s\313\217\350?\0300A\202"
 174      3F183041 
 174      82
 175              		.text
 176              		.section	.gnu.lto_print_date.cc48e00ac8d799c3,"e",%progbits
 177 0000 789C9597 		.ascii	"x\234\225\227\333S\024G\024\306\373t\317\356\316\336"
 177      DB531447 
 177      14C6FB74 
 177      CFEECEDE 
 178 0010 B95F55F0 		.ascii	"\271_U\360\202\227\027$y2\361!\331\307<\345oH\231J\305"
 178      82971724 
 178      7932F121 
 178      D9C73CE5 
 178      6F48994A 
 179 0025 87F860F2 		.ascii	"\207\370`\362\2207\207e\005uQ\242e\360\022\021-\243"
ARM GAS  /tmp/ccIz1N1B.s 			page 14


 179      90378765 
 179      057551A2 
 179      65F01211 
 179      2DA3
 180 0037 524945B4 		.ascii	"RIE\264*j\305\033+$\022\214\0274\212\340\005\211A\021"
 180      2A6AC51B 
 180      2B24128C 
 180      17348AE0 
 180      05894111 
 181 004b E566A2A8 		.ascii	"\345f\242\250h\330\364\351\356\231\235\025q]\036N\365"
 181      68D8F4E9 
 181      EE999D15 
 181      715D1E4E 
 181      F5
 182 005c 9CFEE6F4 		.ascii	"\234\376\346\364\231\337\327=\263\350\004\310\223\000"
 182      99DFD73D 
 182      B3E804C8 
 182      9300
 183 006a 21658490 		.ascii	"!e\204\220\303@\010\024\023\240\206a|\350\252\324)0"
 183      C3400814 
 183      13A08661 
 183      7CE8AAD4 
 183      2930
 184 007c 3562B4E8 		.ascii	"5b\264\350\362\330\304\022\315\360h\007\352V\2734\303"
 184      F2D8C412 
 184      CDF06807 
 184      EA56BB34 
 184      C3
 185 008d 57A4E642 		.ascii	"W\244\346B\0328\224\310A\013\225\310\251D\205j.\344"
 185      1A3894C8 
 185      410B95C8 
 185      A944856A 
 185      2EE4
 186 009f 049712B9 		.ascii	"\004\227\022\271h\201\022\351JT\240\346B:\270\225\310"
 186      688112E9 
 186      4A54A0E6 
 186      423AB895 
 186      C8
 187 00b0 4DF395C8 		.ascii	"M\363\225\310\243D\371j.\344\001\257\022yi\236\022\371"
 187      A344F96A 
 187      2EE401AF 
 187      1279699E 
 187      12F9
 188 00c2 94284FCD 		.ascii	"\224(O\315\205|\340W\"?\315U\242\200\022\345\252\271"
 188      857CE057 
 188      223FCD55 
 188      A28012E5 
 188      AAB9
 189 00d4 5000824A 		.ascii	"P\000\202J\024\2449J\224\241D9j.\224\001\231J\224I\263"
 189      14A4394A 
 189      94A14439 
 189      6A2E9401 
 189      994A9449 
 190 00e9 95284B89 		.ascii	"\225(K\211\262\325\\(\013@\014\014\035\310*\312\212"
 190      B2D55C28 
 190      0B400C0C 
 190      1DC82ACA 
ARM GAS  /tmp/ccIz1N1B.s 			page 15


 190      8A
 191 00fa 3447A1D3 		.ascii	"4G\241\323U\240\273\363=\336<\237?7\020\314\311\310"
 191      55A0BBF3 
 191      3DDE3C9F 
 191      3F3710CC 
 191      C9C8
 192 010c CCCE8255 		.ascii	"\314\316\202U\356Lb\375\005\023C\177b\350M\014\335\211"
 192      EE4C62FD 
 192      0513437F 
 192      62E84D0C 
 192      DD89
 193 011e A12B3174 		.ascii	"\241+1t$\206,1\254c[\030\264\326\334\373\205.\332\317"
 193      24862C31 
 193      AC635B18 
 193      B4D6DCFB 
 193      852EDACF 
 194 0132 3B31625B 		.ascii	";1b[\316x\215\246\0304r\3156K\007\307`\021!\\\331\033"
 194      CE788DA6 
 194      183472CD 
 194      364B07C7 
 194      6011215C 
 195 0148 6E78E6DB 		.ascii	"nx\346\333\300\032\031\200\306/7\237\375\271\303\203"
 195      C01A1980 
 195      C62F379F 
 195      FDB9C383 
 196 0158 97144AF9 		.ascii	"\227\024J\371e\367\246\201:\017\313\004TF\373\017_u"
 196      65F7A681 
 196      3A0FCB04 
 196      5446FB0F 
 196      5F75
 197 016a 97ED318C 		.ascii	"\227\3551\214\260\021\333\267t\273\021\213\22462\006"
 197      B011DBB7 
 197      74BB118B 
 197      94363206 
 198 017a 2781F1B2 		.ascii	"'\201\361\262p\002\212\3418\3370\342\217\253\2537w\036"
 198      70028AE1 
 198      38DF30E2 
 198      8FABAB37 
 198      771E
 199 018c D2598EB8 		.ascii	"\322Y\216\270s\262\373\341Z\257\272sh73\2767(\336\331"
 199      73B2FBE1 
 199      5AAFBA73 
 199      683733BE 
 199      3728DED9 
 200 01a0 F2FA3BEF 		.ascii	"\362\372;\357\034\232\374\326\357\324 \006ep\012\312"
 200      1C9AFCD6 
 200      EFD42006 
 200      65700ACA 
 201 01b0 54D3701A 		.ascii	"T\323p\032\234|{\022j\346\233/;b\306d\274\306\210\355"
 201      9C7C7B12 
 201      6AE69B2F 
 201      3B62C664 
 201      BCC688ED 
 202 01c4 FC787B35 		.ascii	"\374x{5\274\003\244\221i\024\003\343\301\241\341\310"
 202      BC03A491 
 202      691403E3 
 202      C1A1E1C8 
ARM GAS  /tmp/ccIz1N1B.s 			page 16


 203 01d4 81C18997 		.ascii	"\201\301\211\227.\034\3518r\343\310\203\301\213\227"
 203      2E1CE938 
 203      72E3C883 
 203      C18B97
 204 01e3 3E1CF931 		.ascii	">\034\3711\0040\0041d\022\\$\213\3402\205(*\302P\214"
 204      04300431 
 204      64125C24 
 204      8BE03285 
 204      282AC250 
 205 01f8 61068699 		.ascii	"a\006\206\231\030fa(\301P\212a6\2069\030\346b\230\207"
 205      18666128 
 205      C1508A61 
 205      36863918 
 205      E6629887 
 206 020c A10CC37C 		.ascii	"\241\014\303|\014\0130,\304@H\224\221\241\211\246%`"
 206      0C0B302C 
 206      C4404894 
 206      91A189A6 
 206      2560
 207 021e C408A965 		.ascii	"\304\010\251eT\214\253\370\370\001\264\236\030\274\302"
 207      548CABF8 
 207      F801B49E 
 207      18BCC2
 208 022d F0411B58 		.ascii	"\360A\033X&\007\261\241j\264WG/\234\202\342x\335\361"
 208      2607B1A1 
 208      6AB45747 
 208      2F9C82E2 
 208      78DDF1
 209 0240 18939746 		.ascii	"\030\223\227F\247a\240[g\277i8\250\355\205=\225\334"
 209      A761A05B 
 209      67BF6938 
 209      A8ED853D 
 209      95DC
 210 0252 E75D4790 		.ascii	"\347]G\220\200\013\3328\316V\304\311\347/\236\251\335"
 210      800BDA38 
 210      CE56C4C9 
 210      E72F9EA9 
 210      DD
 211 0263 19AC3860 		.ascii	"\031\2548`D*\015\356\225\016\277\302^\330*q\376\006"
 211      442A0DEE 
 211      950EBFC2 
 211      5ED82A71 
 211      FE06
 212 0275 1562C58E 		.ascii	"\025b\305\216\245r\301\254W\313\035\240)\313\235\021"
 212      A572C1AC 
 212      57CB1DA0 
 212      29CB9D11 
 213 0285 E500CBB5 		.ascii	"\345\000\313\265\213r\341\2275\303\272\254\007\274$"
 213      8B72E197 
 213      35C3BAAC 
 213      07BC24
 214 0294 CF54D5D7 		.ascii	"\317T\325\327\200LP\236\3435.\365\367\224\340C\270\341"
 214      804C509E 
 214      E3352EF5 
 214      F794E043 
 214      B8E1
 215 02a6 03F89DD7 		.ascii	"\003\370\235\327\035\202H\251\360\226\31754\235\213"
ARM GAS  /tmp/ccIz1N1B.s 			page 17


 215      1D8248A9 
 215      F096CF35 
 215      349D8B
 216 02b5 BB2310AE 		.ascii	"\273#\020\256\324\033\231g\033\026\206\016\210\000\341"
 216      D41B9967 
 216      1B16860E 
 216      8800E1
 217 02c4 3737323C 		.ascii	"772<\016\265\214\365\304\343qf\361z\336\334\264~Qb\317"
 217      0EB58CF5 
 217      C4E37166 
 217      F17ADEDC 
 217      B47E5162 
 218 02d9 F0BD42ED 		.ascii	"\360\275B\355\233(\202\007\240/Z\357\022\333GL\332\304"
 218      9B288207 
 218      A02F5AEF 
 218      12DB474C 
 218      DAC4
 219 02eb F00738E1 		.ascii	"\360\0078\341,_\232\3009\354p\201\235\271O0?:v\261\213"
 219      2C5F9AC0 
 219      39EC7081 
 219      9DB94F30 
 219      3F3A76B1 
 220 0300 C94BA329 		.ascii	"\311K\243)\"\230\037k\276\373#\345\220\370\201\362\303"
 220      22981F6B 
 220      BEFB23E5 
 220      90F881F2 
 220      C3
 221 0311 054EE7BC 		.ascii	"\005N\347\274\242\363xM\307\015&\351\364\265\354\316"
 221      A2F3784D 
 221      C70D26E9 
 221      F4B5ECCE 
 222 0321 DDE84044 		.ascii	"\335\350@D\027\005\"*\326\"\320)(q&\203\016\271\344"
 222      1705222A 
 222      D622D029 
 222      28712683 
 222      0EB9E4
 223 0334 42B9EA4F 		.ascii	"B\271\352O\361\201\357\202\270\214\003\014\200K\274"
 223      F181EF82 
 223      B88C030C 
 223      804BBC
 224 0343 E05D88DC 		.ascii	"\340]\210\334n;\007J\305%\355\243\303W@J\010\\V\307"
 224      6E3B074A 
 224      C525EDA3 
 224      C357404A 
 224      085C56C7 
 225 0357 25CA8A86 		.ascii	"%\312\212\206\"\327\332\371\331\345h4\373N\352]w\362"
 225      22D7DAF9 
 225      D9E56834 
 225      FB4EEA5D 
 225      77F2
 226 0369 F0D778F7 		.ascii	"\360\327x\367[v\274\3533\354\366O\321-S\335^\201\012"
 226      5B76BCEB 
 226      33ECF64F 
 226      D12D53DD 
 226      5E810A
 227 037c 2EAA3F71 		.ascii	".\252?qd\322/\027.\207\253\374N\376\000/\253\233\273"
 227      64D22F17 
ARM GAS  /tmp/ccIz1N1B.s 			page 18


 227      2E87ABFC 
 227      4EFE002F 
 227      AB9BBB
 228 038f CBA5AD4C 		.ascii	"\313\245\255Ln\235\226x}\213\206\252\000\350\320%T|"
 228      6E9D9678 
 228      7D8B86AA 
 228      00E8D025 
 228      547C
 229 03a1 330CBAA5 		.ascii	"3\014\272\245H\343\272\244\315\340\3409~\327\251\373"
 229      48E3BAA4 
 229      CDE0E039 
 229      7ED7A9FB 
 230 03b1 DD97BC72 		.ascii	"\335\227\274r7\224\300\265\324\273\241[\356\006\207"
 230      3794C0B5 
 230      D4BBA15B 
 230      EE0687
 231 03c0 B91B1CB7 		.ascii	"\271\033\034\267\336\260\033\224\371]\301\327\233\337"
 231      DEB01B94 
 231      F95DC1D7 
 231      9BDF
 232 03ce 63997F1D 		.ascii	"c\231\177\035;*K\333\332\033\246\265=\010\353\246\315"
 232      3B2A4BDB 
 232      DA1BA6B5 
 232      3D08EBA6 
 232      CD
 233 03df 5A51703E 		.ascii	"ZQp>\257\231d\245\314\332\274+\034\265\274s\016O\361"
 233      AF9964A5 
 233      CCDABC2B 
 233      1CB5BC73 
 233      0E4FF1
 234 03f2 EE7A9ADE 		.ascii	"\356z\232\336\3352\275\023\355\364B\2050\013)\271\372"
 234      DD32BD13 
 234      EDF44285 
 234      300B29B9 
 234      FA
 235 0403 93280DFE 		.ascii	"\223(\015\376\260\307\363*\244}\331\360zJ\267-J}\330"
 235      B0C7F32A 
 235      A47DD9F0 
 235      7A4AB72D 
 235      4A7DD8
 236 0416 FEDCB429 		.ascii	"\376\334\264)\375eR\272\215m\335\261Q\022\005\347\361"
 236      FD6552BA 
 236      8D6DDDB1 
 236      511205E7 
 236      F1
 237 0427 9A499464 		.ascii	"\232I\224d\326F\251`\334\242\244O\245\324\227&\245\277"
 237      D646A960 
 237      DCA2A44F 
 237      A5D49726 
 237      A5BF
 238 0439 4D4AA29D 		.ascii	"MJ\242\235~\261\303\243\273\366\037t\310\035\376.\334"
 238      7EB1C3A3 
 238      BBF61F74 
 238      C81DFE2E 
 238      DC
 239 044a 55D0DC83 		.ascii	"U\320\334\203)\241\215\347N\003\355\236\005m\000\237"
 239      29A18DE7 
ARM GAS  /tmp/ccIz1N1B.s 			page 19


 239      4E03ED9E 
 239      056D009F 
 240 045a 6676DAD0 		.ascii	"fv\332\320\356\233\320\356a\227\2036h\242\340\034^3"
 240      EE9BD0EE 
 240      61978336 
 240      68A2E01C 
 240      5E33
 241 046c 099ACCDA 		.ascii	"\011\232\314\332\240\345\277\260\240yF\246@\033H\023"
 241      A0E5BFB0 
 241      A07946A6 
 241      401B4813 
 242 047c DA03139A 		.ascii	"\332\003\023\232h\347\241\200\326v\364\306 \225\320"
 242      68E7A180 
 242      D676F4C6 
 242      2095D0
 243 048b 2A6028F1 		.ascii	"*`(\361Z\030V'\\}Rv_\355\014\203|/d\300\260\371^\350"
 243      5A185627 
 243      5C7D5276 
 243      5FED0C83 
 243      7C2F64C0 
 244 04a3 784F8A5C 		.ascii	"xO\212\\\\\227\352\314\217\3103\3572\317\274w,\365\231"
 244      5C97EACC 
 244      8FC833EF 
 244      32CFBC77 
 244      2CF599
 245 04b6 DF57328D 		.ascii	"\337W2\2153\243\2263c\270~I\332\316<2\235\031E\024\377"
 245      33A39633 
 245      63B87E49 
 245      DACE3C32 
 245      9D194514 
 246 04cb D89C1105 		.ascii	"\330\234\021\005Ky\315$gd\326\346L^\345j\323\031\337"
 246      4B79CD24 
 246      6764D6E6 
 246      4C5EE56A 
 246      D319DF
 247 04de E81467C6 		.ascii	"\350\024g\306\322t\346_\323\031\321\316c\341\214\365"
 247      D274E65F 
 247      D319D1CE 
 247      63E18CF5 
 248 04ee 13CE01A5 		.ascii	"\023\316\001\245\360\304r\346\246_2\327\371\217\213"
 248      F0C472E6 
 248      A65F32D7 
 248      F98F8B
 249 04fd 84131FC9 		.ascii	"\204\023\037\311\244\233\347\223^\320\036\236{\233\357"
 249      A49BE793 
 249      5ED01E9E 
 249      7B9BEF
 250 050c F3B874C7 		.ascii	"\363\270t\307c\272\343\177\222\332\235\375\323|\216"
 250      63BAE37F 
 250      92DA9DFD 
 250      D37C8E
 251 051b 9F5AE63C 		.ascii	"\237Z\346<\303\026f\246m\316s\323\234\247Hc\302f\216"
 251      C31666A6 
 251      6DCE73D3 
 251      9CA74863 
 251      C2668E
 252 052e 28388BD7 		.ascii	"(8\213\327L2Gfm\346\344V[\346\004\246\232\363,Ms^\230"
ARM GAS  /tmp/ccIz1N1B.s 			page 20


 252      4C324766 
 252      6DE6E456 
 252      5BE604A6 
 252      9AF32C4D 
 253 0545 E688765E 		.ascii	"\346\210v^\312c\023;\277\311+\315y\037\376\263\314\331"
 253      CA63133B 
 253      BFC92BCD 
 253      791FFEB3 
 253      CCD9
 254 0557 B15862F7 		.ascii	"\261Xb\367\2429\326\347\363\271\372|\372\370D\222;~"
 254      A239D6E7 
 254      F3B9FA7C 
 254      FAF84492 
 254      3B7E
 255 0569 9EE3C58C 		.ascii	"\236\343\305\214\035#\275A\371\371\214\023\230L\355"
 255      1D23BD41 
 255      F9F98C13 
 255      984CED
 256 0578 565CBAE5 		.ascii	"V\\\272\3457\335\012N\244v\353\3514\337O\203\232nUR"
 256      37DD0A4E 
 256      A476EBE9 
 256      34DF4F83 
 256      9A6E5552 
 257 058c DE5271DA 		.ascii	"\336Rq\332n\205\251r\213W\"PE\023n\211\2023x\315$\267"
 257      6E85A972 
 257      8B572250 
 257      45136E89 
 257      823378CD 
 258 05a2 64D6E656 		.ascii	"d\326\346VN\324r+cl\212[\\\236\226[\021\252\334\022"
 258      4ED4722B 
 258      636C8A5B 
 258      5C9E965B 
 258      11AADC12 
 259 05b6 EDACA615 		.ascii	"\355\254\246\025\312\036\356C\363\216\013\012|\200\373"
 259      CA1EEE43 
 259      F38E0B0A 
 259      7C80FB
 260 05c5 93E44490 		.ascii	"\223\344D\220\347\336\206|5\025\344\203&y\374o\321\320"
 260      E7DE867C 
 260      3515E483 
 260      2679FC6F 
 260      D1D0
 261 05d7 DE4CBEBD 		.ascii	"\336L\276\275p\232\267X\215\205~\0152)L\033\375Z\023"
 261      709AB758 
 261      8D857E0D 
 261      32294C1B 
 261      FD5A13
 262 05ea 7D0D3EEB 		.ascii	"}\015>\353:\033zQ\260\210\327LB/\2636\364\331\033-\364"
 262      3A1B7A51 
 262      B088D74C 
 262      422FB336 
 262      F4D91B2D 
 263 05ff 598FA6A0 		.ascii	"Y\217\246\240_\223&\372\250\211^\264SK\361\240\234n"
 263      5F9326FA 
 263      A8895EB4 
 263      534BF1A0 
 263      9C6E
ARM GAS  /tmp/ccIz1N1B.s 			page 21


 264 0611 DBD4A57E 		.ascii	"\333\324\245~\357z`=-&#\020\356\213n\325\004c\331\004"
 264      EF7A603D 
 264      2D262310 
 264      EE8B6ED5 
 264      0463D904 
 265 0625 8895C331 		.ascii	"\210\225\3031\274\012\224\227/\376r\345\262\305_|\262"
 265      BC0A9497 
 265      2FFE72E5 
 265      B2C55F7C 
 265      B2
 266 0636 7C45F932 		.ascii	"|E\3712B?]I\277Z\211\311\345+T\362s\362?\316\204\037"
 266      423F5D49 
 266      BF5A89C9 
 266      E52B54F2 
 266      73F23FCE 
 267 064c 64       		.ascii	"d"
 268              		.text
 269              		.section	.gnu.lto_main.cc48e00ac8d799c3,"e",%progbits
 270 0000 789C9596 		.ascii	"x\234\225\226\337O\024W\024\307\357\231;3;3;\273\330"
 270      DF4F1457 
 270      14C7EF99 
 270      3B333B33 
 270      3BBBD8
 271 0013 8AA60931 		.ascii	"\212\246\0111!i|\320T%}h|l\323\347\276\365\037hM\232"
 271      21697CD0 
 271      54257D68 
 271      7C6CD3E7 
 271      BEF51F68 
 272 0029 FA501FEA 		.ascii	"\372P\037\352K\037\2328\013\253k\221*\030-h\273\356"
 272      4B1F9A38 
 272      0BAB6B91 
 272      2A182D68 
 272      BBEE
 273 003b 1663A0A9 		.ascii	"\026c\240\251b\2671\241\200\302\002*]\374\201\242\200"
 273      62B731A1 
 273      80C2022A 
 273      5DFC81A2 
 273      80
 274 004c 88221550 		.ascii	"\210\"\025P\240P@\021\321\202\333s\356\275\353.F\033"
 274      A0504011 
 274      D182DB73 
 274      EEBDEB2E 
 274      461B
 275 005e DD646FEE 		.ascii	"\335do\356\217s\317\347\234\357=wf,\006,f3\366.c\254"
 275      8F73CFE7 
 275      9CEF3D77 
 275      662C062C 
 275      6633F62E 
 276 0074 1FFF1060 		.ascii	"\037\377\020`\240y\236\367\241/di\300U\217\203\256z"
 276      A0799EF7 
 276      A12F6469 
 276      C0558F83 
 276      AE7A
 277 0086 BAE676CF 		.ascii	"\272\346v\317<\335\254{\216\277n\337N\237\356\271\256"
 277      3CDDAC7B 
 277      8EBF6EDF 
 277      4E9FEEB9 
ARM GAS  /tmp/ccIz1N1B.s 			page 22


 277      AE
 278 0097 5AFBC80F 		.ascii	"Z\373\310\017\266\350\200\001>em\252^\253\345\323L\265"
 278      B6E88001 
 278      3E656DAA 
 278      5EABE5D3 
 278      4CB5
 279 00a9 CF52FB2C 		.ascii	"\317R\373,e\336j\331\232\321R7\365\001\2569\255W\367"
 279      65DE6AD9 
 279      9AD15237 
 279      F501AE39 
 279      AD57F7
 280 00bc DBB8E628 		.ascii	"\333\270\346(r\253\005l\207\306u\327o\230>\313v`\207"
 280      72AB056C 
 280      87C675D7 
 280      6F983ECB 
 280      766087
 281 00cf C1D9F39F 		.ascii	"\301\331\363\237\315 \251\203\231m\344\264/k\241g\273"
 281      CD20A983 
 281      996DE4B4 
 281      2F6BA167 
 281      BB
 282 00e0 FB782587 		.ascii	"\373x%\207\301\342\350\202\273\227\3078\003\035\207"
 282      C1E2E882 
 282      BB97C738 
 282      031D87
 283 00ef 073A4FA5 		.ascii	"\007:O\245\034\032\002\024\342\260\264\272f.\270\256"
 283      1C1A0214 
 283      E2B0B4BA 
 283      662EB8AE 
 284 00ff 06C95EB2 		.ascii	"\006\311^\262\362T\376\341\332\244\036\343\032;\204"
 284      F254FEE1 
 284      DAA41EE3 
 284      1A3B84
 285 010e D64D5000 		.ascii	"\326MP\000\215P <\301iX\307\030\332\337M<;\0300u2\240"
 285      8D50203C 
 285      C16958C7 
 285      18DADF4D 
 285      3C3B1830 
 286 0125 E9331800 		.ascii	"\3513\030\0000\246\341\312\261\013\355\315A\376\026"
 286      30A6E1CA 
 286      B10BEDCD 
 286      41FE16
 287 0134 9055FBD5 		.ascii	"\220U\373\325\324\224\273\366\250\360zo\230\037\366"
 287      D494BBF6 
 287      A8F07A6F 
 287      981FF6
 288 0143 92E14274 		.ascii	"\222\341Bt\013\315\300_\364\314\240\005\326\342\226"
 288      0BCDC05F 
 288      F4CCA005 
 288      D6E296
 289 0152 C38D9162 		.ascii	"\303\215\221b\207\257\024\333\253B\373\313\034\265}"
 289      87AF14DB 
 289      AB42FBCB 
 289      1CB57D
 290 0161 7EFBF3DD 		.ascii	"~\373\363\335\311\227\355n\205\265'\273\215\244\367"
 290      C997ED6E 
 290      85B527BB 
ARM GAS  /tmp/ccIz1N1B.s 			page 23


 290      8DA4F7
 291 0170 2C1DF192 		.ascii	",\035\361\222\275!\250n\362\027\342\361rL\002\033\216"
 291      BD21A86E 
 291      F217E2F1 
 291      724C021B 
 291      8E
 292 0181 8DAE53CF 		.ascii	"\215\256S\317\240\306\244\306G\215E\215M\215C\215_\204"
 292      A0C6A4C6 
 292      478D458D 
 292      4D8D438D 
 292      5F84
 293 0193 E10A77F9 		.ascii	"\341\012w\371\242\277\212\246W\213\011\306\366p\226"
 293      A2BF8AA6 
 293      578B09C6 
 293      F67096
 294 01a2 C8032FC9 		.ascii	"\310\003/\311X\031\327\260W\202\275I(\211?|G(\200!G"
 294      5819D7B0 
 294      5782BD49 
 294      28893F7C 
 294      47288021 
 295 01b7 6B2FA6ED 		.ascii	"k/\246\3550\024\207\254\0307\016q\324\004\332 L\201"
 295      301487AC 
 295      18370E71 
 295      D404DA20 
 295      4C81
 296 01c9 986C02DA 		.ascii	"\230l\002\332\036,\234\230l\371d\231~\032\313\0214L"
 296      1E2C9C98 
 296      6CF96499 
 296      7E1ACB11 
 296      344C
 297 01db B90EED89 		.ascii	"\271\016\355\211\232BR\261\230c\014g\361\260\333\351"
 297      9A4252B1 
 297      98630C67 
 297      F1B0DBE9 
 298 01eb ACE11C98 		.ascii	"\254\341\034\230\270\260\267dz\320\242C\364\011\275"
 298      B8B0B764 
 298      7AD0A243 
 298      F409BD
 299 01fa 42A99A25 		.ascii	"B\251\232%5\214{\273=:\346\221\266\356{\201cp4\024\206"
 299      358C7BBB 
 299      3D3AE691 
 299      B6EE7B81 
 299      63703414 
 300 020f 18B7A003 		.ascii	"\030\267\240\0035;O\232\301\237p\014p\375Q[\375\274"
 300      353B4F9A 
 300      C19F700C 
 300      70FD515B 
 300      FDBC
 301 0221 9FB6D8E0 		.ascii	"\237\266\330\340\211_!\244p]\206:t6d\274Hr\004\351\350"
 301      895F21A4 
 301      705D863A 
 301      743664BC 
 301      487204E9 
 302 0236 C389E301 		.ascii	"\303\211\343\0019\364\024i\274\266b8\210$\344\370\341"
 302      39F41469 
 302      BCB66238 
 302      8824E4F8 
ARM GAS  /tmp/ccIz1N1B.s 			page 24


 302      E1
 303 0247 02723A89 		.ascii	"\002r:\211\203\013-g\342G\234\242:/\034\362\342\237"
 303      830B2D67 
 303      E2479CA2 
 303      3A2F1CF2 
 303      E29F
 304 0259 C7B80B17 		.ascii	"\307\270\013\027\021]\205uC\3510\270\004Eht\266\242"
 304      115D8575 
 304      43E930B8 
 304      04456874 
 304      B6A2
 305 026b F2914D0E 		.ascii	"\362\221M\0169\314\246\323\267\203pYE1v\"Q\013*\210"
 305      39CCA6D3 
 305      B7837059 
 305      45317622 
 305      510B2A88 
 306 027f D7477409 		.ascii	"\327Gt\011\004(\304\025\201\210t\246F\002\022A\"3\270"
 306      0428C415 
 306      818874A6 
 306      46021241 
 306      2233B8
 307 0292 9A41A412 		.ascii	"\232A\244\022\3617Gt\013\204\246\020\327\004\342\300"
 307      F1374774 
 307      0B84A610 
 307      D704E2C0 
 308 02a2 1F373AB8 		.ascii	"\0377:\270D\340I&\001\256g\020\375\011W\021\356\317"
 308      44E04926 
 308      01AE6710 
 308      FD095711 
 308      EECF
 309 02b4 FEB21054 		.ascii	"\376\262\020T\322\225K\351\252#\023\015Z\006\332\223"
 309      D2954BE9 
 309      AA23130D 
 309      5A06DA93 
 310 02c4 03BDF863 		.ascii	"\003\275\370c\367\301\200\204\026\022\263W0\271b\366"
 310      F7C18084 
 310      1612B357 
 310      30B962F6 
 311 02d4 096663E9 		.ascii	"\011fc\351dCP\245\225dp#C\034\310&\365:\376eR\375\313"
 311      644350A5 
 311      95647023 
 311      431CC826 
 311      F53AFE65 
 312 02eb 8EE6A600 		.ascii	"\216\346\246\000\364][\012+@:\235n\311\203\001\211\030"
 312      F45D5B0A 
 312      2B403A9D 
 312      6EC98301 
 312      8918
 313 02fd 2C8D46CF 		.ascii	",\215F\317\347-\253e\376\222Z>\222\251e\276\274\226"
 313      E72DAB65 
 313      FE925A3E 
 313      92A965BE 
 313      BC96
 314 030f 6F632DDF 		.ascii	"oc-\337\022\265<\270\274\302\002\242\302\352g\272z\271"
 314      12B53CB8 
 314      BCC202A2 
 314      C2EA67BA 
ARM GAS  /tmp/ccIz1N1B.s 			page 25


 314      7AB9
 315 0321 1C7AB561 		.ascii	"\034z\265a!S\343\311\321_U\032A\030\3024\356\2504\346"
 315      2153E3C9 
 315      D15F551A 
 315      4118C234 
 315      EEA834E6 
 316 0335 76A706B8 		.ascii	"v\247\006\270Lc\250\276bM\325\373\224\312_\"\025\011"
 316      4C63A8BE 
 316      624DD5FB 
 316      94CA5F22 
 316      1509
 317 0347 627057A4 		.ascii	"bpW\244\262\363DU\223AN\363`\304\204\341\214T\023\211"
 317      B2F34455 
 317      93414EF3 
 317      60C484E1 
 317      8C541389 
 318 035b 6F5510AF 		.ascii	"oU\020\257\203\210\177A\356G\204{C\271\037\025\356\207"
 318      83887F41 
 318      EE47847B 
 318      43B91F15 
 318      EE87
 319 036d CF8D0CF8 		.ascii	"\317\215\014\370\244R\273\361(\356\211\207S\031\347"
 319      A452BBF1 
 319      28EE8987 
 319      5319E7
 320 037c 8B73099B 		.ascii	"\213s\011\233\236\025@#\375Zs]\017\203\020\016\021~"
 320      9E154023 
 320      FD5A735D 
 320      0F83100E 
 320      117E
 321 038e FA49F1DE 		.ascii	"\372I\361\336\015\244O\224C\256\010+\204\010\363\373"
 321      0DA44F94 
 321      43AE082B 
 321      8408F3FB 
 322 039e 9A925C0E 		.ascii	"\232\222\\\016\275+\236\020\241\263<\372\233N\027\232"
 322      BD2B9E10 
 322      A1B33CFA 
 322      9B4E179A 
 323 03ae EE6A0C9F 		.ascii	"\356j\014\237\263c\030\345}\025e\327\371\262#y9\365"
 323      B36318E5 
 323      7D1565D7 
 323      F9B22379 
 323      39F5
 324 03c0 322E82A4 		.ascii	"2.\202\244w\003\262\2120\331\222\037\"\337\005$N\223"
 324      7703B28A 
 324      30D9921F 
 324      22DF0524 
 324      4E93
 325 03d2 C4F8F19B 		.ascii	"\304\370\361\233\235\216*\037\013\376\026\222\2244G"
 325      9D8E2A1F 
 325      0BFE1692 
 325      943447
 326 03e1 FA6D69C5 		.ascii	"\372mi\305\321\020\255:\246\247\256\203\264b0)\214\212"
 326      D110AD3A 
 326      A6A7AE83 
 326      B4623029 
 326      8C8A
ARM GAS  /tmp/ccIz1N1B.s 			page 26


 327 03f3 1723206D 		.ascii	"\027# mt4\243\211\231]\015j\227\201\223\262D\306\015"
 327      7434A389 
 327      995D0D6A 
 327      978193B2 
 327      44C60D
 328 0406 9A7921EE 		.ascii	"\232y!\356x5=\020\377?\364\251l\350\377@\021\272d\243"
 328      78353D10 
 328      FF3FF4A9 
 328      6CE8FF40 
 328      11BA64A3 
 329 041a 101E6BBF 		.ascii	"\020\036k\277\245\230F\256X.\0065\255\336\004{\270\333"
 329      A59846AE 
 329      582E0635 
 329      ADDE047B 
 329      B8DB
 330 042c 975ABCC0 		.ascii	"\227Z\274\300\000\260\353\027\312\003\252n\314<\255"
 330      00B0EB17 
 330      CA03AA6E 
 330      CC3CAD
 331 043b DD2C9ED7 		.ascii	"\335,\236\327$\372\370\231O\263\245HOy\371\006C\326"
 331      24FAF899 
 331      4FB3A548 
 331      4F79F906 
 331      43D6
 332 044d 0C39CFBD 		.ascii	"\0149\317\2753J\347W\334\033 \370\254\010\225^\275\360"
 332      334AE757 
 332      DC1B20F8 
 332      AC08955E 
 332      BDF0
 333 045f 40AA7C00 		.ascii	"@\252|\000\245\021\236|\350,s%\007K\305\344\233\371"
 333      A5119E7C 
 333      E82C7325 
 333      074BC5E4 
 333      9BF9
 334 0471 7E98F53D 		.ascii	"~\230\365=G2\370DE\231\025;\373:8\245\303E:\315\301"
 334      4732F844 
 334      4599153B 
 334      FB3A38A5 
 334      C3453ACD 
 335 0486 9C74E84D 		.ascii	"\234t\350ME \332\363\210\202\260r\265z[\024\326\263"
 335      4520DAF3 
 335      8882B072 
 335      B57A5B14 
 335      D6B3
 336 0498 D93497A3 		.ascii	"\3314\227\243\362d\211G\273\247\033\306\037\347ecZ\011"
 336      F2648947 
 336      BBA71BC6 
 336      1FE76563 
 336      5A09
 337 04aa 8F31A679 		.ascii	"\2171\246y\025SY\305\350\220/\347p\026DT\026\021\236"
 337      155359C5 
 337      E8902FE7 
 337      70164454 
 337      16119E
 338 04bd C88C1777 		.ascii	"\310\214\027w\201\204\255\222\274\237{\256\024\213\202"
 338      8184AD92 
 338      BC9F7BAE 
ARM GAS  /tmp/ccIz1N1B.s 			page 27


 338      148B82
 339 04cc C98715F0 		.ascii	"\311\207\025\3604[0\302\306\216r\2276\375\224\331\344"
 339      345B30C2 
 339      C68E7297 
 339      36FD94D9 
 339      E4
 340 04dd 88B955CB 		.ascii	"\210\271U\313\214V\343\264H\226>\243<]\334\037,\201"
 340      8C56E3B4 
 340      48963EA3 
 340      3C5DDC1F 
 340      2C81
 341 04ef 5B1FCB65 		.ascii	"[\037\313e\027!\345\337'\356h\004\321`\015\374+\013"
 341      1721E5DF 
 341      27EE6804 
 341      D1600DFC 
 341      2B0B
 342 0501 601E5C58 		.ascii	"`\036\\X_``u\25765\334m\315\252\203\327\004\360RMP\236"
 342      5F606075 
 342      AF3635DC 
 342      6DCDAA83 
 342      D704F052 
 343 0518 4C7E1475 		.ascii	"L~\024u\337 /\250=5}\263\225e\010c\355\357I\023?:\222"
 343      DF202FA8 
 343      3D357DB3 
 343      95650863 
 343      EDEF4913 
 344 052f 2EFD686F 		.ascii	".\375ho\375N2\325w\035\2524%\322\204E(\360w\373\320"
 344      FD4E32D5 
 344      771DAA34 
 344      25D28445 
 344      28F077FB 
 345 0544 81B3A46E 		.ascii	"\201\263\244n\270\370\0328\271\376\025_\003\370I\006"
 345      B8F81A38 
 345      B9FE155F 
 345      03F84906 
 346 0554 4B99AF01 		.ascii	"K\231\257\001*U\220\037l\301\215\0337m\377z\313\246"
 346      2A55901F 
 346      6CC18D1B 
 346      376DFF7A 
 346      CBA6
 347 0566 AF3EDBBA 		.ascii	"\257>\333\272m\343\026\006[\341\033\232\332\272MM}\311"
 347      6DE31606 
 347      5BE11B9A 
 347      DABA4D4D 
 347      7DC9
 348 0578 FE03E9A5 		.ascii	"\376\003\351\245G\024"
 348      4714
 349              		.text
 350              		.section	.gnu.lto_.symbol_nodes.cc48e00ac8d799c3,"e",%progbits
 351 0000 789CE360 		.ascii	"x\234\343``d\330\303\000\004L\035\214\365\014\037~\255"
 351      6064D8C3 
 351      00044C1D 
 351      8CF50C1F 
 351      7EAD
 352 0012 B0609C70 		.ascii	"\260`\234p\216\201\241\236\201ag\303\301\0066\240,H"
 352      8E81A19E 
 352      816167C3 
ARM GAS  /tmp/ccIz1N1B.s 			page 28


 352      C10636A0 
 352      2C48
 353 0024 AE93B19E 		.ascii	"\256\223\261\236\361\035\016\271\036\306z\24678\344"
 353      F11D0EB9 
 353      1EC67AA6 
 353      3738E4
 354 0033 7A19EB99 		.ascii	"z\031\353\2317\362\303dv5,d\204H031\200\265,b\204\263"
 354      37F2C364 
 354      76352C64 
 354      84483033 
 354      3180B52C 
 355 004a D8812CB0 		.ascii	"\330\201,\260\025M\374@\326{0K\030\316\022\007\262\300"
 355      154DFC40 
 355      D67B304B 
 355      18CE1207 
 355      B2C0
 356 005c 8E7B24C5 		.ascii	"\216{$\305\314\314\0104R\211\231\231\351\357\227\215"
 356      CCCC0834 
 356      52899999 
 356      E9EF978D 
 357 006c 9C8C87F8 		.ascii	"\234\214\207\370\031\000\347\35588"
 357      1900E7ED 
 357      3838
 358              		.text
 359              		.section	.gnu.lto_.refs.cc48e00ac8d799c3,"e",%progbits
 360 0000 789CE360 		.ascii	"x\234\343``\004B \000\000\000]\000\013"
 360      60044220 
 360      0000005D 
 360      000B
 361              		.text
 362              		.section	.gnu.lto_.decls.cc48e00ac8d799c3,"e",%progbits
 363 0000 789CD55A 		.ascii	"x\234\325Z}T\024\307\226\357\352\232\201a\030 \253y"
 363      7D5414C7 
 363      96EFEA9A 
 363      81611820 
 363      AB79
 364 0012 2FD9357B 		.ascii	"/\3315{N6\307s\222wv_\020%1\357\234={\026\301\257\027"
 364      4E36C773 
 364      9277765F 
 364      102531EF 
 364      9C3D7B16 
 365 0029 92F006F2 		.ascii	"\222\360\006\362\262I6\313f\215\331\270/\232\034\305"
 365      B24936CB 
 365      668DD9B8 
 365      2F9A1CC5 
 366 0039 1CB3FF64 		.ascii	"\034\263\377d\370\020\025AQ\374\000QA\304\010\212F\361"
 366      F8101541 
 366      51FC0051 
 366      41C4088A 
 366      46F1
 367 004b 83200AE3 		.ascii	"\203 \012\343\200\310\207 \"(\202\"\214\312\247 _\212"
 367      80C88720 
 367      22288222 
 367      8CCAA720 
 367      5F8A
 368 005d 12C4BD55 		.ascii	"\022\304\275U\267\207\251\351f\222\354\177\273\243\277"
 368      B787A9E9 
ARM GAS  /tmp/ccIz1N1B.s 			page 29


 368      6692EC7F 
 368      BBA3BF
 369 006c AEBE5DBF 		.ascii	"\256\276]\277\276u\353\326\255[\325t\033$\"\231\177"
 369      BE75EBD6 
 369      AD5BD574 
 369      1B242299 
 369      7F
 370 007d 274937A9 		.ascii	"'I7\251$}&K\3223\370\351%I\272\002\000Q*\001X%\374\351"
 370      247D264B 
 370      D233F8E9 
 370      2549BA02 
 370      00512A01 
 371 0095 0015806A 		.ascii	"\000\025\200j@\015\240N\322\376\266\020I2B\371\205r"
 371      400DA04E 
 371      D2FEB610 
 371      493242F9 
 371      8572
 372 00a7 EF4B807A 		.ascii	"\357K\200z\300\253\200\217\000\215\200!\300 \240Ui\243"
 372      C0AB808F 
 372      008D8021 
 372      C020A055 
 372      69A3
 373 00b9 0BD007A0 		.ascii	"\013\320\007\240\212\376G\200\307S\350\336\011\272}"
 373      8AFE4780 
 373      C753E8DE 
 373      09BA7D
 374 00c8 14DD4C9F 		.ascii	"\024\335L\237\031\344?\021\324\363/P~\000\310\003\034"
 374      19E43F11 
 374      D4F32F50 
 374      7E00C803 
 374      1C
 375 00d9 069C0514 		.ascii	"\006\234\005\024\001\252\000\225\200\347\201\363\016"
 375      01AA0095 
 375      80E781F3 
 375      0E
 376 00e6 94F3007F 		.ascii	"\224\363\000\177\004\374\023 \000\020\010\210\000\314"
 376      04FC1320 
 376      00100888 
 376      00CC
 377 00f4 05AC03C4 		.ascii	"\005\254\003\304\000\326\002\262\001\011\200T@4\240"
 377      00D602B2 
 377      01098054 
 377      4034A0
 378 0103 00B01070 		.ascii	"\000\260\020p\021P\006(\005\020\305\027\352_:T\370)"
 378      11500628 
 378      0510C517 
 378      EA5F3A54 
 378      F829
 379 0115 764E93B0 		.ascii	"vN\223\260\355q\305\027\314n\207\215\255\212\217\252"
 379      ED71C517 
 379      CC6E878D 
 379      AD8A8FAA 
 380 0125 995EC12F 		.ascii	"\231^\301/\037)\276v\330 \372\247F\360\221\372\267\017"
 380      1F29BE76 
 380      D820FAA7 
 380      46F091FA 
 380      B70F
ARM GAS  /tmp/ccIz1N1B.s 			page 30


 381 0137 B8BF11DA 		.ascii	"\270\277\021\332\374Hi\257\006\256\3271_0\377C\331\000"
 381      FC4869AF 
 381      06AED731 
 381      5F30FF43 
 381      D900
 382 0149 788DE984 		.ascii	"x\215\351\204\362\276b\207\243\355q\301>\207\357>\204"
 382      F2BE6287 
 382      A3ED71C1 
 382      3E87EF3E 
 382      84
 383 015a 6B5E801E 		.ascii	"k^\200\0368\357\000\330\001w\001\017\340Z\257\204>\353"
 383      38EF00D8 
 383      0177010F 
 383      E05AAF84 
 383      3EEB
 384 016c 567CA257 		.ascii	"V|\242W\342\202\371\345\001\310\303\004m\326\214%%\326"
 384      E282F9E5 
 384      01C8C304 
 384      6DD68C25 
 384      25D6
 385 017e B6A42774 		.ascii	"\266\244't\023%/\031\3113\002\362\305\007}\015\004e"
 385      13252F19 
 385      C93302F2 
 385      C5077D0D 
 385      0465
 386 0190 563D5698 		.ascii	"V=V\230\221\346Ce~n\037N='\373\037\261\340\317\360\232"
 386      91E64365 
 386      7E6E1F4E 
 386      3D27FB1F 
 386      B1E0CFF0 
 387 01a5 44CE12EA 		.ascii	"D\316\022\352\324\224\233\221S\346C\377\232Ss\263K/"
 387      D4949B91 
 387      53E643FF 
 387      9A5373B3 
 387      4B2F
 388 01b7 791BD75B 		.ascii	"y\033\327[,1\026\313\3768\372\242D\346\314 \263fH\244"
 388      2C3116CB 
 388      FE38FAA2 
 388      44E6CC20 
 388      B36648A4 
 389 01cb 9870D5E7 		.ascii	"\230p\325\347\210?)\"3\310\031\002\327J\210\021n\351"
 389      883F2922 
 389      33C81902 
 389      D74A8811 
 389      6EE9
 390 01dd BD6C3D31 		.ascii	"\275l=1y\213\345\027n\261\362[\232\016\355z\352\323"
 390      798BE517 
 390      6EB1F25B 
 390      9A0EED7A 
 390      EAD3
 391 01ef 4E6E332B 		.ascii	"Nn3+\010!\213\211\304\377\361\377\222\3448E\3609\305"
 391      08218B89 
 391      C4FFF1FF 
 391      92E43845 
 391      F039C5
 392 0202 7F84E035 		.ascii	"\177\204\3405\211\310XH\374n\3449~\322d)\311\212\006"
 392      89C85848 
ARM GAS  /tmp/ccIz1N1B.s 			page 31


 392      FC6EE439 
 392      7ED26429 
 392      C98A06
 393 0215 99AB44DD 		.ascii	"\231\253D\335dR;\253\022UK\216\366\005u\216\033\271"
 393      64523BAB 
 393      12554B8E 
 393      F605758E 
 393      1BB9
 394 0227 55D2A479 		.ascii	"U\322\244yJ\235<i\242h\200J\255\253u\016\245\250\020"
 394      4A9D3C69 
 394      A268804A 
 394      ADAB750E 
 394      A5A810
 395 023a 3438C6E0 		.ascii	"48\306\340Y\203\255\302\313N\332\242a\200\254\271\177"
 395      5983ADC2 
 395      CB4EDAA2 
 395      6180ACB9 
 395      7F
 396 024b 437C935F 		.ascii	"C|\223_\226\370\200\234\266\237h!\364\037\371y\345\345"
 396      96F8809C 
 396      B69F6821 
 396      F41FF979 
 396      E5E5
 397 025d 84585F1D 		.ascii	"\204X_\035t\207\271\221\254\326\261k\361\027\222\213"
 397      7487B991 
 397      ACD6B16B 
 397      F117928B 
 398 026d 7C60D8A7 		.ascii	"|`\330\247\031\211\014\342\276\306\272\030\026\005\317"
 398      19890CE2 
 398      BEC6BA18 
 398      1605CF
 399 027c 1BC97320 		.ascii	"\033\311s \026\327tD\033_\330\316\206=9\326\362\234"
 399      16D77444 
 399      1B5FD8CE 
 399      863D39D6 
 399      F29C
 400 028e 4CBEF82D 		.ascii	"L\276\370-)\207\261\270\000c!\221\213\344\005\211\224"
 400      2987B1B8 
 400      00632191 
 400      8BE40589 
 400      94
 401 029f 111D9A50 		.ascii	"\021\035\232P\331\336\230e|%\323bm\263Xo\247\316\334"
 401      D9DE9865 
 401      7C25D362 
 401      6DB3586F 
 401      A7CEDC
 402 02b2 7DB3CB62 		.ascii	"}\263\313bI\200\033\211\216\021I)\214&\014%w\000\234"
 402      49801B89 
 402      8E114929 
 402      8C260C25 
 402      77009C
 403 02c5 4BC446EC 		.ascii	"K\304F\354\204\234'\355\314C\025\344\025\320p0\251 "
 403      849C27ED 
 403      CC4315E4 
 403      15D07030 
 403      A920
 404 02d7 975033B7 		.ascii	"\227P3\267u{VY\203\227\333\226\253X\313\253\225\206"
ARM GAS  /tmp/ccIz1N1B.s 			page 32


 404      757B5659 
 404      8397DB96 
 404      AB58CBAB 
 404      9586
 405 02e9 4FEE2E2C 		.ascii	"O\356.,\325+\015W\375\355.\213\025\002)Sf\034R)4Z\251"
 405      D52B0D57 
 405      FDED2E8B 
 405      15022953 
 405      661C5229 
 406 0300 6EB49A37 		.ascii	"n\264\2327:\2229\321\242\243\037\363Fw\324u>2)\232\206"
 406      3A9239D1 
 406      A2A31FF3 
 406      4677D475 
 406      3E32299A 
 407 0315 779B5C54 		.ascii	"w\233\\T]\022T]R\253\252\341\252\322.U\247P\272zj\373"
 407      5D12545D 
 407      52ABAAE1 
 407      AAD22E55 
 407      A750BA7A 
 408 032b 3F320AF6 		.ascii	"?2\012\366_\026\355\317\262\334\276k\200V\333\332-\326"
 408      5F16EDCF 
 408      B2DCBE6B 
 408      8056DBDA 
 408      2DD6
 409 033d 6B7FC246 		.ascii	"k\177\302F-2\343\220Z\241\321Zu\243u\274\321\306\307"
 409      2D32E390 
 409      5AA1D15A 
 409      75A375BC 
 409      D1C6C7
 410 0350 E7C64CF4 		.ascii	"\347\306L\364\277Y\2434:a\354\006%\306\031\004\032\""
 410      BF59A334 
 410      3A61EC06 
 410      25C61904 
 410      1A22
 411 0362 53CCA82B 		.ascii	"S\314\250+\240\256\236\030%r\025\010\015`I\232\305\300"
 411      A0AE9E18 
 411      25721508 
 411      0D60499A 
 411      C5C0
 412 0374 2FA45980 		.ascii	"/\244Y\200=\360\035V\326\3639\266\376\356\303sS\316"
 412      3DF01D56 
 412      D6F339B6 
 412      FEEEC373 
 412      53CE
 413 0386 648D12D2 		.ascii	"d\215\022\322\310oh\215\331\363\330\204\221\244\003"
 413      C86F688D 
 413      D9F3D884 
 413      91A403
 414 0395 715BD5C9 		.ascii	"q[\325\311J#F\322\313 \0369\235\230\356\211\265/\012"
 414      4A2346D2 
 414      CB201E39 
 414      9D98EE89 
 414      B52F0A
 415 03a8 71360DE3 		.ascii	"q6\015\343\254m\353\326bo\372\035\367\334\331\370\247"
 415      AC6DEBD6 
 415      626FFA1D 
 415      F7DCD9F8 
ARM GAS  /tmp/ccIz1N1B.s 			page 33


 415      A7
 416 03b9 C58CF9AA 		.ascii	"\305\214\371\252\221O\004?!7\275jT\222\314\226,\017"
 416      914F043F 
 416      2137BD6A 
 416      5492CC96 
 416      2C0F
 417 03cb 1A4B30A8 		.ascii	"\032K0\250\307/\\41;c-\231\261\026\257E\022\271\016"
 417      C72F5C34 
 417      313B632D 
 417      99B116AF 
 417      4512B90E 
 418 03df 765D6376 		.ascii	"v]cv\335\"\374\026\226@n\302\265\026\270\00674\0246"
 418      DD22FC16 
 418      96406EC2 
 418      B516B806 
 418      37341436 
 419 03f3 AEF7A689 		.ascii	"\256\367\246\211xw\311\263\035%:\264\303\300:}\374x"
 419      7877C9B3 
 419      1D253AB4 
 419      C3C03A7D 
 419      FC78
 420 0405 AA374DC6 		.ascii	"\2527M\306\272\374k9E\006\272\015\205\376\207\011v\035"
 420      BAFC6B39 
 420      4506BA0D 
 420      85FE8709 
 420      761D
 421 0417 4D456168 		.ascii	"MEahWy\257\221\246\243\320\031\177iB\351\331K ^\032"
 421      5779AF91 
 421      A6A3D019 
 421      7F6942E9 
 421      D94B205E 
 422 042c 3F5F6CC2 		.ascii	"?_l\302~\267\261\274z\255;:\332@\367r\256at\355\236"
 422      7EB7B1BC 
 422      7AAD3B3A 
 422      DA40F772 
 422      AE6174ED 
 423 0441 065F3293 		.ascii	"\006_2\223\377\246\317\314\262\304\305\302\\\311\013"
 423      FFA6CFCC 
 423      B2C4C5C2 
 423      5CC90B
 424 0450 5CBF3F21 		.ascii	"\\\277?!\311\222\031\003>\204yy\027\254\356'\323'\273"
 424      C9921903 
 424      3E847979 
 424      17ACEE27 
 424      D327BB
 425 0463 21117F76 		.ascii	"!\021\177v\010\200\003\336P\265\201B\220\304yp\366m"
 425      088003DE 
 425      50B58142 
 425      90C47970 
 425      F66D
 426 0475 0DFB0671 		.ascii	"\015\373\006q\245\327\213\364f7\364\353d\222o\023\371"
 426      A5D78BF4 
 426      6637F4EB 
 426      64926F13 
 426      F9
 427 0486 ED1A7E9B 		.ascii	"\355\032~\233\232\337,\362;5\374&\2259C\353\005\372"
 427      9ADF2CF2 
ARM GAS  /tmp/ccIz1N1B.s 			page 34


 427      3B35FC26 
 427      953943EB 
 427      05FA
 428 0498 9DA9FBCA 		.ascii	"\235\251\373\312\265o\341s\207'\020\211t\000\341\036"
 428      B56FE173 
 428      87271089 
 428      7400E11E 
 429 04a8 27303A1B 		.ascii	"'0:\033\321.2\223\364\001\036\000z\001\335\200\036\300"
 429      D12E3293 
 429      F4011E00 
 429      7A01DD80 
 429      1EC0
 430 04ba 7D32934D 		.ascii	"}2\223M\027llLl\314\356\246/\3146\030\250\212[\307\267"
 430      176C6C4C 
 430      6CCCEEA6 
 430      2FCC3618 
 430      A88A5BC7 
 431 04cf 51DA8283 		.ascii	"Q\332\202\203\332\263{\264\3044}J\023\310\200\242\347"
 431      DAB37BB4 
 431      C4347D4A 
 431      13C880A2 
 431      E7
 432 04e0 5758019A 		.ascii	"WX\001\232l\327\257\236\3631%\260y\304\343\223\014\272"
 432      6CD7AF9E 
 432      F33125B0 
 432      79C4E393 
 432      0CBA
 433 04f2 9830444C 		.ascii	"\2300DL\022\026\300\335\2307z\300H\273\321\204\350\234"
 433      1216C0DD 
 433      98377AC0 
 433      48BBD184 
 433      E89C
 434 0504 91119967 		.ascii	"\221\021\231g\353\372\311l]s\302:\323mR|\310\222\312"
 434      EBFAC96C 
 434      5D73C23A 
 434      D36D527C 
 434      C892CA
 435 0517 88231D97 		.ascii	"\210#\035\227\237xr]\347L\307\273\224t\034\007\351\030"
 435      9F78725D 
 435      E74CC7BB 
 435      94741C07 
 435      E918
 436 0529 886458C8 		.ascii	"\210dX\310,\303\352\314\362\210g\226{c\305\227e:\200"
 436      2CC3EACC 
 436      F2886796 
 436      7B63C597 
 436      653A80
 437 053c D6649D3E 		.ascii	"\326d\235>\271\221(\352\232g`\222\332'\363\314>*\250"
 437      B99128EA 
 437      9A676092 
 437      DA27F3CC 
 437      3E2AA8
 438 054f 1A55AB7A 		.ascii	"\032U\253z\314U\265V\225\334Q\246\331z6)\306s:~K\037"
 438      CC55B556 
 438      95DC51A6 
 438      D97A3629 
 438      C6733A7E 
ARM GAS  /tmp/ccIz1N1B.s 			page 35


 439 0565 A3E68273 		.ascii	"\243\346\202s\315\233}\331\004\266(\016\002\222\323"
 439      CD9B7DD9 
 439      04B6280E 
 439      0292D3
 440 0574 3F3FB14C 		.ascii	"??\261L\343?\203\305\005pw\265\035\336g\302\244\364"
 440      E33F83C5 
 440      057077B5 
 440      1DDE67C2 
 440      A4F4
 441 0586 EB267BF3 		.ascii	"\353&{\363\205\2237\274\247%+\312\377YG\306\211\250"
 441      859337BC 
 441      A7252BCA 
 441      FF5947C6 
 441      89A8
 442 0598 FD299986 		.ascii	"\375)\231\206Mp\227\035y\326\231\356\207VZ\230\225\331"
 442      4D70971D 
 442      79D699EE 
 442      87565A98 
 442      95D9
 443 05aa 3FB68D13 		.ascii	"?\266\215\023\032\203\233 kyb\037\241I($&m\037U\230"
 443      1A839B20 
 443      6B79621F 
 443      A1492824 
 443      266D1F55 
 444 05bf 8F79B63F 		.ascii	"\217y\266?t~\\\231\364V\276\034\333F\233|h\212\374+"
 444      747E5C99 
 444      F456BE1C 
 444      DB469B7C 
 444      688AFC2B 
 445 05d3 3A182763 		.ascii	":\030'c\007gq{\327\367\037\260\232\320^8(\366\306\310"
 445      0767717B 
 445      D7F71FB0 
 445      9AD05E38 
 445      28F6C6C8 
 446 05e7 3394505D 		.ascii	"3\224P]+O\303;\270\275\371\211\035CJ\306\035`\362\316"
 446      2B4FC33B 
 446      B8BDF989 
 446      1D434AC6 
 446      1D60F2CE 
 447 05fb 42FB802F 		.ascii	"B\373\200/\335\203\255n)}8\354M\367\241P\232l=\357\201"
 447      DD83AD6E 
 447      297D38EC 
 447      4DF7A150 
 447      9A6C3DEF 
 448 0610 CC2E26EF 		.ascii	"\314.&\357\031\037\217\323\321\357\261\362Lcu\226/V"
 448      191F8FD3 
 448      D1EFB1F2 
 448      4C637596 
 448      2F56
 449 0622 B631B93E 		.ascii	"\2661\271>&%\333\203\036\303\312\237\372\017\016x\320"
 449      2625DB83 
 449      1EC3CA9F 
 449      FA0F0E78 
 449      D0
 450 0633 33283CED 		.ascii	"3(<\355\264\035\325#\263\211\253\035\336=h\242eX\271"
 450      B41DD523 
 450      B389AB1D 
ARM GAS  /tmp/ccIz1N1B.s 			page 36


 450      DE3D68A2 
 450      6558B9
 451 0646 36BB21D1 		.ascii	"6\273!\321\223\326\242p:\271 ^\031\360:&\017\267$\225"
 451      93D6A270 
 451      3AB9205E 
 451      19F03A26 
 451      0FB72495 
 452 065a 9B681356 		.ascii	"\233h\023V\226U\334\271j\240v\024\252\323\353\242\215"
 452      9655DCB9 
 452      6AA07614 
 452      AAD3EBA2 
 452      8D
 453 066b C8ACE061 		.ascii	"\310\254\340a\337ul\035\245\367\261\322\341\327i\212"
 453      DF756C1D 
 453      A5F7B1D2 
 453      E1D7698A 
 454 067b 5F07EB4A 		.ascii	"_\007\353J\023\274\350#\254\254\331\260u\273L'P\270"
 454      13BCE823 
 454      ACACD9B0 
 454      75BB4C27 
 454      50B8
 455 068d 92D27CDB 		.ascii	"\222\322|\333\013\231o\261\001H\037\330c\242\361\024"
 455      0B996FB1 
 455      01481FD8 
 455      63A2F114 
 456 069d 5794FD6B 		.ascii	"W\224\375ks\0154\031\205\322\202\226n\031\211\263@\214"
 456      730D3419 
 456      85D28296 
 456      6E1989B3 
 456      408C
 457 06af AB4DBA69 		.ascii	"\253M\272i\242\251Xw\264k\235\325\223f\242p/\353\376"
 457      A2A95877 
 457      B46B9DD5 
 457      9366A270 
 457      2FEBFE
 458 06c2 6F90F71A 		.ascii	"o\220\367\032\323Q\363$\317\227\346`\225cm\233\206k"
 458      D351F324 
 458      CF97E660 
 458      95636D9B 
 458      866B
 459 06d4 DBD99653 		.ascii	"\333\331\226S\3764\037\253\366u\025\246\370\321\"\024"
 459      FE341FAB 
 459      F67515A6 
 459      F8D12214 
 460 06e4 DA6F7526 		.ascii	"\332ou&\370\3222\024\342K\266\237\363\242\265(\224\265"
 460      F8D23214 
 460      E24BB69F 
 460      F3A2B528 
 460      94B5
 461 06f6 B5127A1D 		.ascii	"\265\022z\035\317{\023\2547d\332\206BnaR\273\236v\243"
 461      CF7B13AC 
 461      3764DA86 
 461      426E6152 
 461      BB9E76A3 
 462 070a 70A720EE 		.ascii	"p\247 \356\221\216\366\241px|o\235\027\035B\241\356"
 462      918EF6A1 
 462      70787C6F 
ARM GAS  /tmp/ccIz1N1B.s 			page 37


 462      9D171D42 
 462      A1EE
 463 071c 4CDB3D5F 		.ascii	"L\333=_:\206\302\251\275\373\312\225=\\2\213\333;\007"
 463      3A86C2A9 
 463      BDFBCA95 
 463      3D5C328B 
 463      DB3B07
 464 072f 4BF7FA61 		.ascii	"K\367\372a4Z\274@\376\376\352\256A\017\372\224\223\377"
 464      345ABC40 
 464      FEFEEAAE 
 464      410FFA94 
 464      93FF
 465 0741 6E937DE4 		.ascii	"n\223}\344\226\254,A3\035+\221\366\227\305B\020\326"
 465      96AC2C41 
 465      331D2B91 
 465      F697C542 
 465      10D6
 466 0753 A67F68AD 		.ascii	"\246\177h\255\217\263X\266\276\310B\217\200\273\311"
 466      8FB358B6 
 466      BEC8428F 
 466      80BBC9
 467 0762 5979BA10 		.ascii	"Yy\272\020\220\333dUv\377Wg\276=\250\260\335/M\315\002"
 467      90DB6455 
 467      76FF5767 
 467      BE3DA8B0 
 467      DD2F4DCD 
 468 0777 FB9086ED 		.ascii	"\373\220\206\355\257^h>q\262\2634\354}\262\212n\377"
 468      AF5E683E 
 468      71B2B334 
 468      EC7DB28A 
 468      6EFF
 469 0789 37273D45 		.ascii	"7'=EC\337\2422\274^0\345\360\324\2468\311=\202\352\255"
 469      43DFA232 
 469      BC5E30E5 
 469      F0D4A638 
 469      C93D82EA 
 470 079e 6E548B2B 		.ascii	"nT\213+j\244\223\236\244\241oTY\322,\260\327k\330\361"
 470      6AA4939E 
 470      A4A16F54 
 470      59D22CB0 
 470      D76BD8F1 
 471 07b2 2A7695C0 		.ascii	"*v\225\300Nt\243[0\245^\360\341~7>D\345l\370\355\237"
 471      4E74A35B 
 471      30A55EF0 
 471      E17E373E 
 471      44E56CF8 
 472 07c8 4473361B 		.ascii	"Ds6\033\373L\315\330"
 472      FB4CCDD8 
 473 07d0 67A8C75E 		.ascii	"g\250\307^0\305\242\321=19\366.\253\352\021P\227\307"
 473      30C5A2D1 
 473      3D3139F6 
 473      2EABEA11 
 473      5097C7
 474 07e3 15313ACB 		.ascii	"\0251:\313\336'\345\231\3448\340\"\240\032p\014P\002"
 474      DE27E599 
 474      E438E022 
 474      A01A700C 
ARM GAS  /tmp/ccIz1N1B.s 			page 38


 474      5002
 475 07f5 A8055C02 		.ascii	"\250\005\\\002\024\002\362\001g\0005\000\033\240\024"
 475      1402F201 
 475      67003500 
 475      1BA014
 476 0804 5006A802 		.ascii	"P\006\250\002\024\003~\000\234\000\234\002T\002\254"
 476      14037E00 
 476      9C009C02 
 476      5402AC
 477 0813 80D3801F 		.ascii	"\200\323\200\037\001\027\000\005\200s\200\363\200\""
 477      01170005 
 477      807380F3 
 477      8022
 478 0821 C0654005 		.ascii	"\300e@\005\240\\\0266\017v\241?\353\334\014\204\350"
 478      A05C1636 
 478      0F76A13F 
 478      EBDC0C84 
 478      E8
 479 0832 5A212876 		.ascii	"Z!(vj\350;\324\3641!\340\276w3S\024:\254v\3261E;[\017"
 479      6AE83BD4 
 479      F43121E0 
 479      BE773353 
 479      143AAC76 
 480 084c 366BE89B 		.ascii	"6k\350\233D\355l\344z\"\235#\027\253\031\271h\365\310"
 480      44ED6CE4 
 480      7A229D23 
 480      17AB19B9 
 480      68F5C8
 481 085f 0951B147 		.ascii	"\011Q\261G\243|\267\306t\201\236\256\241\247\211A\004"
 481      A37CB7C6 
 481      74819EAE 
 481      A1A78941 
 481      04
 482 0870 96DB04CB 		.ascii	"\226\333\004\313w\271a\013\226\327\013\226'h,\337\240"
 482      77B9610B 
 482      96D70B96 
 482      27682CDF 
 482      A0
 483 0881 0EFF2F9C 		.ascii	"\016\377/\234\246\034\325(\177\242\336\253\332\005\247"
 483      A61CD528 
 483      7FA2DEAB 
 483      DA05A7
 484 0890 E76AE8CE 		.ascii	"\347j\350\316\355 \232bS\224\303.\201\214\221\251\225"
 484      ED209A62 
 484      5394C32E 
 484      818C91A9 
 484      95
 485 08a1 0B4E14C6 		.ascii	"\013N\024\306?\331\315\010\011\206\013\354T7\321\"$"
 485      3FD9CD08 
 485      09860BEC 
 485      5437D122 
 485      24
 486 08b2 1CC1EE1C 		.ascii	"\034\301\356\0347v\013\301R\365\211\323\345\331\032"
 486      37760BC1 
 486      52F589D3 
 486      E5D91A
 487 08c1 7A93DA2B 		.ascii	"z\223\332+=\302x\356u3\374N[l\002\373\200\033\345N\366"
ARM GAS  /tmp/ccIz1N1B.s 			page 39


 487      3DC278EE 
 487      7533FC4E 
 487      5B6C02FB 
 487      801BE54E 
 488 08d6 9830899E 		.ascii	"\2300\211\236i|8\3414\005\326\251\207yy\267\274\351"
 488      697C38E1 
 488      3405D6A9 
 488      877979B7 
 488      BCE9
 489 08e8 5A1D5FD4 		.ascii	"Z\035_\324\272GF\273U;pG\256 uJ\263\377G\322\005[r\355"
 489      BA4746BB 
 489      553B7047 
 489      AE20754A 
 489      B3FF47D2 
 490 0900 6D83B2B8 		.ascii	"m\203\262\270\313\277\342\322\317z\231\357\362\241\200"
 490      CBBFE2D2 
 490      CF7A99EF 
 490      F2A180
 491 090f A7F4921F 		.ascii	"\247\364\222\037\357'\230\010,\272.\235s\306\370U\245"
 491      EF279808 
 491      2CBA2E9D 
 491      73C6F855 
 491      A5
 492 0920 670DD042 		.ascii	"g\015\320B\243\230\220l\037\273\256QW\177n\215\252\372"
 492      A398906C 
 492      1FBBAE51 
 492      577F6E8D 
 492      AAFA
 493 0932 D8357B4D 		.ascii	"\3305{MAv\370}W~Y\211'\335\202~o\332\320\333\352=}J"
 493      4176F87D 
 493      577E5989 
 493      27DD827E 
 493      6FDAD0DB 
 494 094a D3C83545 		.ascii	"\323\3105E\217\312:\366\247\233\266-'\015b\377\257\273"
 494      8FCA3AF6 
 494      A79BB62D 
 494      270D62FF 
 494      AFBB
 495 095c 4605F6BF 		.ascii	"F\005\366\277\211\365\237t\337\317\270\245\3547S\331"
 495      89F59F74 
 495      DFCFB8A5 
 495      EC3753D9 
 496 096c 76A5E56C 		.ascii	"v\245\345l\3076?\272\007\233\317\311\311\335$\323l\024"
 496      C7363FBA 
 496      079BCFC9 
 496      C9DD24D3 
 496      6C14
 497 097e 4EDF3933 		.ascii	"N\33793 \323\303(\214X{`Z\345\243p\347Be\212\201\026"
 497      20D3C328 
 497      8C587B60 
 497      5AE5A370 
 497      E742658A 
 498 0994 A250B0F1 		.ascii	"\242P\260\361\262\335\203ZQ\250\034\315\231\360\243"
 498      B2DD835A 
 498      51A81CCD 
 498      99F0A3
 499 09a3 1751B85D 		.ascii	"\027Q\270]]\375\037\264\026\317\267\236h\311 \264\021"
ARM GAS  /tmp/ccIz1N1B.s 			page 40


 499      5DFD1FB4 
 499      16CFB79E 
 499      68C920B4 
 499      11
 500 09b4 8592A18D 		.ascii	"\205\222\241\215\357\322\233x^\276#cPO\355(X\262\256"
 500      EFD29B78 
 500      5EBE2363 
 500      504FED28 
 500      58B2AE
 501 09c7 ED24B40B 		.ascii	"\355$\264\013\205\274\304\223\013h?\236\037\230(\331"
 501      85BCC493 
 501      0B683F9E 
 501      1F9828D9 
 502 09d7 A9A32328 		.ascii	"\251\243#(\024\257\277\326i\240cJ\244V\307\3003\273"
 502      14AFBFD6 
 502      69A0634A 
 502      A456C7C0 
 502      33BB
 503 09e9 458FB75C 		.ascii	"E\217\267\\\271a\363\243\361(tom\270\347C\023Q\270Y"
 503      B961F3A3 
 503      F128746F 
 503      6DB8E743 
 503      1351B859 
 504 09fd D90E7B85 		.ascii	"\331\016{\205\255(\234l\3328\244\247\251(L\034\356\\"
 504      AD289C6C 
 504      DA38A4A7 
 504      A9284C1C 
 504      EE5C
 505 0a0f 075B7514 		.ascii	"\007[u\0242\257\214U\353\350!\024j{\273\212\275\350"
 505      32AF8C55 
 505      EBE82114 
 505      6A7BBB8A 
 505      BDE8
 506 0a21 311412B6 		.ascii	"1\024\022\266_;\353GO\241`\213\335_Ni\221rOn\354nOj"
 506      5F3BEB47 
 506      4FA1608B 
 506      DD5F4E69 
 506      91724F6E 
 507 0a39 45E168DE 		.ascii	"E\341h\336\243NOz\001\205\362\037\306S}\351%\024bs\357"
 507      A34E4F7A 
 507      0185F21F 
 507      C6537DE9 
 507      25146273 
 508 0a4e 2778D33A 		.ascii	"'x\323:\024\362\237\345\376$\323\006\024\212\007\372"
 508      14F29FE5 
 508      FE24D306 
 508      148A07FA 
 509 0a5e 4B7C688B 		.ascii	"K|h\213\322\316@\312AJ\355(\214\307\267\2352\320n\245"
 509      D2CE40CA 
 509      414AED28 
 509      8CC7B79D 
 509      32D06EA5 
 510 0a72 E66153BA 		.ascii	"\346aS\272\017\355G\341\212%\243\317\227\016\243p\352"
 510      0FED47E1 
 510      8A25A3CF 
 510      970EA370 
 510      EA
ARM GAS  /tmp/ccIz1N1B.s 			page 41


 511 0a83 D9C19B7E 		.ascii	"\331\301\233~tT\351vyz\207\262\037\315d\003|,/\366u"
 511      7454E976 
 511      797A87B2 
 511      1FCD6403 
 511      7C2C2FF6 
 512 0a98 653BCAFE 		.ascii	"e;\312\376Pt2g\207UG\3078\367w\315\331im^\256\333\321"
 512      50743267 
 512      875547C7 
 512      38F777CD 
 512      D9696D5E 
 513 0aaf 29F7A393 		.ascii	")\367\243\223\333R\236T\2269c{\014br3\375\331\277h\364"
 513      DB529E54 
 513      9639637B 
 513      0C627233 
 513      FDD9BF68 
 514 0ac4 08F4710D 		.ascii	"\010\364q\015]\363\007\215\241\345N\372M\015=O\235\016"
 514      5DF3078D 
 514      A1E54EFA 
 514      4D0D3D4F 
 514      9D0E
 515 0ad6 FFE2640F 		.ascii	"\377\342d\017j\330i\352\225V0\345'7\226\013lA\367}\015"
 515      6AD869EA 
 515      955630E5 
 515      2737960B 
 515      6C41F77D 
 516 0aeb 5BBD856D 		.ascii	"[\275\205m\376/'\373\221\206\255\331\037\217\011\312"
 516      FE2F27FB 
 516      9186ADD9 
 516      1F8F09CA 
 517 0afb 7BDD2817 		.ascii	"{\335(\027\351\202\366!\015]\263Gh\026:\312\376\312"
 517      E982F621 
 517      0D5DB347 
 517      68163ACA 
 517      FECA
 518 0b0d E34A576F 		.ascii	"\343JWo\355m\202\362'\032\345\3525\245J`?v\303\026V"
 518      ED6D82F2 
 518      271AE5EA 
 518      35A54A60 
 518      3F76C316 
 519 0b22 C3FEDE17 		.ascii	"\303\376\336\027\367\305Z*\376\235/\207c\032[\266\251"
 519      F7C55A2A 
 519      FE9D2F87 
 519      631A5BB6 
 519      A9
 520 0b33 4DBFD63B 		.ascii	"M\277\326;-\213\363\231\376\007\032\375\316\265\331"
 520      2D8BF399 
 520      FE071AFD 
 520      CEB5D9
 521 0b42 25493E83 		.ascii	"%I>\203$9\301\253\030\235e\310l:\223$\000R\0011\200"
 521      2439C1AB 
 521      189D65C8 
 521      6C3A9324 
 521      00520131 
 522 0b57 B58068C0 		.ascii	"\265\200h\300F@\" \023\260\016\260\007\260\005\260\027"
 522      46402220 
 522      13B00EB0 
 522      07B005B0 
ARM GAS  /tmp/ccIz1N1B.s 			page 42


 522      17
 523 0b68 B0011007 		.ascii	"\260\001\020\007\330\011\330\004\370\036\220\016H\002"
 523      D809D804 
 523      F81E900E 
 523      4802
 524 0b76 C403D603 		.ascii	"\304\003\326\003\016\000v\0002\000\007\001\273\001\333"
 524      0E007600 
 524      32000701 
 524      BB01DB
 525 0b85 0139806D 		.ascii	"\0019\200m\2004\300~@2 \005\220\005\310\005\304\002"
 525      8034C07E 
 525      40322005 
 525      9005C805 
 525      C402
 526 0b97 B6027601 		.ascii	"\266\002v\001\366Qa]\251\027\002\276M\323\337\011\225"
 526      F651615D 
 526      A91702BE 
 526      4DD3DF09 
 526      95
 527 0ba8 F77B04EF 		.ascii	"\367{\004\357\217h\330\031\232\270\021\224\267\270\231"
 527      8F68D819 
 527      9AB81194 
 527      B7B899
 528 0bb7 4D62DC08 		.ascii	"Mb\334\010\364\333nl\021\265\177)\204\231\206\256\331"
 528      F4DB6E6C 
 528      11B57F29 
 528      849986AE 
 528      D9
 529 0bc8 A3F708F4 		.ascii	"\243\367\010\364{\032\372\0065\275J\240wk\350\2334t"
 529      7B1AFA06 
 529      35BD4AA0 
 529      776BE89B 
 529      3474
 530 0bda 61460DB8 		.ascii	"aF\015\270I\005\342ft\231\353r>UZ\022\362\214\340\030"
 530      4905E266 
 530      7499EB72 
 530      3E555A12 
 530      F28CE018 
 531 0bee BB86ADDE 		.ascii	"\273\206\255\336\321\333V\010\177\363\325\346\031\025"
 531      D1DB5608 
 531      7FF3D5E6 
 531      1915
 532 0bfc DB2E18DE 		.ascii	"\333.\030\336\247a\253\237\361\355\202W:\3348Q`\013"
 532      A761AB9F 
 532      F1ED8257 
 532      3ADC3851 
 532      600B
 533 0c0e E1F2D04D 		.ascii	"\341\362\320M\270\010\031O`\017\273\3112\302C\273`I"
 533      B808194F 
 533      600FBBC9 
 533      32C243BB 
 533      6049
 534 0c20 9786AD7E 		.ascii	"\227\206\255~\260\256\027t\217\272\311\217B\222\021"
 534      B0AE1774 
 534      8FBAC98F 
 534      429211
 535 0c2f 3C68A153 		.ascii	"<h\241S{P\034LaxZ5\312\325\317\012U\002\273\335\315"
ARM GAS  /tmp/ccIz1N1B.s 			page 43


 535      7B501C4C 
 535      61785A35 
 535      CAD5CF0A 
 535      5502BBDD 
 536 0c44 608A8F96 		.ascii	"`\212\217\226B\244<\325\320U\033?\233\340\224\0367A"
 536      42A43CD5 
 536      D0551B3F 
 536      9BE0941E 
 536      3741
 537 0c56 2B2C1AC2 		.ascii	"+,\032\302\320\367\273\311u\342\364\024\224w\272\361"
 537      D0F7BBC9 
 537      75E2F414 
 537      9477BAF1 
 538 0c66 B8B8940A 		.ascii	"\270\270\224\012\364\273n\246\247\220Y\004\257\334r"
 538      F4BB6EA6 
 538      A7905904 
 538      AFDC72
 539 0c75 E3C3C93D 		.ascii	"\343\303\311=kW\355\025\017\032\355\3017\034G6^8M\246"
 539      6B57ED15 
 539      0F1AEDC1 
 539      371C4736 
 539      5E384DA6 
 540 0c89 4F998EC9 		.ascii	"O\231\216\311!e\354\376\237dd\350\315\325\247\371k\211"
 540      2165ECFE 
 540      9F6464E8 
 540      CDD5A7F9 
 540      6B89
 541 0c9b B8973EEC 		.ascii	"\270\227>\354\2322)\337KC\301\336.\365\355\331\252\247"
 541      9A3229DF 
 541      4B43C1DE 
 541      2EF5EDD9 
 541      AAA7
 542 0cad 49E886F4 		.ascii	"I\350\206\364\243\207\342(MA\341\346\331\3502_\232\216"
 542      A387E228 
 542      4D41E1E6 
 542      D9E8325F 
 542      9A8E
 543 0cbf 427B46CC 		.ascii	"B{F\314]=\315D!\243\267\253\315\233fs\301\320}\361h"
 543      5D3DCD44 
 543      21A3B7AB 
 543      CD9B6673 
 543      C1D07DF1 
 544 0cd4 BB913836 		.ascii	"\273\22186]\312\250-\026\036\252\301}\247~>1\375\321"
 544      5DCAA82D 
 544      161EAAC1 
 544      7DA77E3E 
 544      31FDD1
 545 0ce7 358DB9B2 		.ascii	"5\215\271\262\325[\232\036A\367\017\032\335\277\370"
 545      D55B9A1E 
 545      41F70F1A 
 545      DDBFF8
 546 0cf6 F6E79432 		.ascii	"\366\347\2242\222\005\340\261\223\200|@!\340\004\340"
 546      9205E0B1 
 546      93807C40 
 546      21E004E0 
 547 0d06 47C06997 		.ascii	"G\300i\227uM\260\354\270\246-\365\256\302.Xvlj\313\204"
 547      754DB0EC 
ARM GAS  /tmp/ccIz1N1B.s 			page 44


 547      B8A62DF5 
 547      AEC22E58 
 547      766C6ACB 
 548 0d1b 092CA83E 		.ascii	"\011,\250>\242!kv\240c\202n\366~o*\217:\";\376\206\245"
 548      A2216B76 
 548      A063826E 
 548      F67E6F2A 
 548      8F3A223B 
 549 0d32 C99B1EC6 		.ascii	"\311\233\036\306\261:\037\337\233\344\353\346=\324\031"
 549      B13A1FDF 
 549      9BE4EBE6 
 549      3DD419
 550 0d41 A5DD5FE1 		.ascii	"\245\335_\341\017\320tcsn\217N\214\252\"\027\033\316"
 550      0FD07463 
 550      736E8F4E 
 550      8CAA2217 
 550      1BCE
 551 0d53 62549DE5 		.ascii	"bT\235\345Qu\357\324\323\313&Z\250\004R\3121\013\241"
 551      5175EFD4 
 551      D3CB265A 
 551      A80452CA 
 551      310BA1
 552 0d66 E73C94A7 		.ascii	"\347<\224\247\206\216:\003\265)\323Ny_\362\274\362\276"
 552      868E3A03 
 552      B529D34E 
 552      795FF2BC 
 552      F2BE
 553 0d78 E4F89189 		.ascii	"\344\370\221\211K2\275\210\225[\366\217<\361p\274\227"
 553      4B32BD88 
 553      955BF68F 
 553      3CF170BC 
 553      97
 554 0d89 8DFBE557 		.ascii	"\215\373\345W5\372\023\373\033\237\370\021\341\305\350"
 554      35FA13FB 
 554      1B9FF811 
 554      E1C5E8
 555 0d98 831BF449 		.ascii	"\203\033\364IA\316\225hK\366,\356\270\022\350o\371\317"
 555      41CE9568 
 555      4BF62CEE 
 555      B812E86F 
 555      F9CF
 556 0daa 0D4A7389 		.ascii	"\015Js\211\360\266\357\234\206-\006\35666\340\016\272"
 556      F0B6EF9C 
 556      862D06EE 
 556      3636E00E 
 556      BA
 557 0dbb 8D1AC979 		.ascii	"\215\032\311y7tm0Z\351\014e\200\313\025\347\227\202"
 557      37746D30 
 557      5AE90C65 
 557      80CB15E7 
 557      9782
 558 0dcd A32F02CA 		.ascii	"\243/\002\312\000\027\\\002P4\250xj\363\035\303\336"
 558      00175C02 
 558      5034A878 
 558      6AF31DC3 
 558      DE
 559 0dde 50D695E6 		.ascii	"P\326\225\346G\373\321y\367O?<c\230>e\263\244B\321\343"
ARM GAS  /tmp/ccIz1N1B.s 			page 45


 559      47FBD179 
 559      F74F3F3C 
 559      63983E65 
 559      B3A442D1 
 560 0df3 A665F64E 		.ascii	"\246e\366N\243e\"\307$\016u\245K\263U8\324U|\250\363"
 560      A36522C7 
 560      240E75A5 
 560      4BB35538 
 560      D4557CA8 
 561 0e08 0E54D47A 		.ascii	"\016T\324z\213\\\366F\317\311\255Fn5\347\326\\\270\232"
 561      8B5CF646 
 561      CFC9AD46 
 561      6E35E7D6 
 561      5CB89A
 562 0e1b EA497FE2 		.ascii	"\352I\177\342&\322\363\331\327Ox\021/\374\326`\035\377"
 562      26D2F3D9 
 562      D74F7811 
 562      2FFCD660 
 562      1DFF
 563 0e2d 4C2036F9 		.ascii	"L 6\37192\371\231\300%0\263\206zI\244\026\014\277L\361"
 563      3932F999 
 563      C02530B3 
 563      867A49A4 
 563      160CBF4C 
 564 0e42 5B037681 		.ascii	"[\003v\201\177k\360\034\326\301\201?\314\367\017\273"
 564      7F6BF01C 
 564      D6C1813F 
 564      CCF70FBB 
 565 0e52 BC22AD72 		.ascii	"\274\"\255r\261\241\016m\250C{\037<,bo\333_3\222\357"
 565      B1A10E6D 
 565      A8437B1F 
 565      3C2C626F 
 565      DB5F3392 
 566 0e67 763ABF0C 		.ascii	"v:\277\014x\015\277\014X\027\227\263\331\233F{r\341"
 566      780DBF0C 
 566      581797B3 
 566      D99B467B 
 566      72E1
 567 0e79 C481F363 		.ascii	"\304\201\363c2F\340\261X\313_E\007\010\177\311\270J"
 567      3246E0B1 
 567      58CB5F45 
 567      07087FC9 
 567      B84A
 568 0e8b F93DCC87 		.ascii	"\371=\314\207\365`\337\025\312\337\276ue=\333\354'\032"
 568      F560DF15 
 568      CADFBE75 
 568      653DDBEC 
 568      271A
 569 0e9d D240C557 		.ascii	"\322@\305Wu\215hH#7\344\310\343\333\247\3654\001\233"
 569      758D6848 
 569      2337E4C8 
 569      E3DBA7F5 
 569      34019B
 570 0eb0 4ADA66B3 		.ascii	"J\332f\263\351\350f\024\342J\033O\231\3506\024\356U"
 570      E9E86614 
 570      E24A1B4F 
 570      99E83614 
ARM GAS  /tmp/ccIz1N1B.s 			page 46


 570      EE55
 571 0ec2 FF1063A0 		.ascii	"\377\020c\240\251(\354\2559Z\255\247\273Q(:|\264^\246"
 571      A928ECAD 
 571      395AADA7 
 571      BB51283A 
 571      7CB45EA6 
 572 0ed6 5928E415 		.ascii	"Y(\344\025\016l$\364\020\012\203\353~\210\242\307\361"
 572      0E6C24F4 
 572      100A83EB 
 572      7E88A2C7 
 572      F1
 573 0ee7 BC7F30E9 		.ascii	"\274\1770\351{\3453\012+\373@\247?\355\301\227\264\000"
 573      7BE5330A 
 573      2BFB40A7 
 573      3FEDC197 
 573      B400
 574 0ef9 EB8E340D 		.ascii	"\353\2164\015\336\243\342\313\302V\367/\013\215\207"
 574      DEA3E2CB 
 574      C256F72F 
 574      0B8D87
 575 0f08 B68CEF94 		.ascii	"\266\214\357\224\211\363\321\332%\270Z\301\007\270\025"
 575      89F3D1DA 
 575      25B85AC1 
 575      07B815
 576 0f17 6B5722AB 		.ascii	"kW\"\253\007\"\252\013\320\001\260\003:\001\335\200"
 576      0722AA0B 
 576      D001B003 
 576      3A01DD80 
 577 0f27 BB803B80 		.ascii	"\273\200;\200{b\234\337\316{\253\272\276\213\277&\342"
 577      7B629CDF 
 577      CE7BABBA 
 577      BE8BBF26 
 577      E2
 578 0f38 1B4E706E 		.ascii	"\033Npn\373\317?c\327\207:'\3065\015]\363\027\312*\201"
 578      FBCF3F63 
 578      D7873A27 
 578      C6350D5D 
 578      F317CA2A 
 579 0f4d 7EDD0D5D 		.ascii	"~\335\015]\311\003\321\220\007B\361O\310mt\032\271\255"
 579      C903D190 
 579      0742F14F 
 579      C86D741A 
 579      B9AD
 580 0f5f B09D6E51 		.ascii	"\260\235nQo\364z\336\026\036P\334X.\374=S`\337\320\260"
 580      6FF47ADE 
 580      161E50DC 
 580      582EFC3D 
 580      5360DFD0 
 581 0f74 D5AB9D5D 		.ascii	"\325\253\235]`\337\324\2605O\301B/\233\334\350\026\367"
 581      60DFD4B0 
 581      354FC142 
 581      2F9BDCE8 
 581      16F7
 582 0f86 6282F25B 		.ascii	"b\202\362[S+W>m\2703\332Y\340G\2130j\306\363k6\353\247"
 582      532B573E 
 582      6DB833DA 
 582      59E0478B 
ARM GAS  /tmp/ccIz1N1B.s 			page 47


 582      306AC6F3 
 583 0f9e 4F39     		.ascii	"O9"
 584 0fa0 FCA45751 		.ascii	"\374\244WQ\363\277\210\000\366Ju$\255\330S\2346\367"
 584      F3BF8800 
 584      F64A7524 
 584      ADD8539C 
 584      36F7
 585 0fb2 5D2CE9C3 		.ascii	"],\351\303i\323\307\247MS\364\217\375&Z\241\314\320"
 585      69D3C7A7 
 585      4D53F48F 
 585      FD265AA1 
 585      CCD0
 586 0fc4 A34D77BD 		.ascii	"\243Mw\275\234\337(L\010\337(\260\024\320O\235\037\026"
 586      9CDF284C 
 586      08DF28B0 
 586      14D04F9D 
 586      1F16
 587 0fd6 C0B9EB87 		.ascii	"\300\271\353\207\005\017(\373\260 ?\261r\227\037\255"
 587      050F28FB 
 587      B0203FB1 
 587      72971FAD 
 588 0fe6 47751DAD 		.ascii	"Gu\035\255\233Z\364\374\213\211\361\311/&R\373\366\364"
 588      9B5AF4FC 
 588      8B89F1C9 
 588      2F2652FB 
 588      F6F4
 589 0ff8 78BBFD64 		.ascii	"x\273\375db\210\276 "
 589      6288BE20 
 590 1000 9141AA7C 		.ascii	"\221A\252|2q\264\250\345\201\343C2\333&:\371\221\003"
 590      3271B4A8 
 590      E581E343 
 590      32DB263A 
 590      F99103
 591 1013 B0C88060 		.ascii	"\260\310\200`\313\200\332\226a\372\212\344\363\372\353"
 591      CB80DA96 
 591      61FA8AE4 
 591      F3FAEB
 592 1022 FEAB562E 		.ascii	"\376\253V.\361_\376\351\262\025\257/1,|\367\375\227"
 592      F15FFEE9 
 592      B215AF2F 
 592      312C7CF7 
 592      FD97
 593 1034 8303E64A 		.ascii	"\203\003\346J\236\253\227\255\210z+2J\016\224L\237\256"
 593      9EAB97AD 
 593      887A2B32 
 593      4A0E944C 
 593      9FAE
 594 1046 5CFECDDC 		.ascii	"\\\376\315\334\245\277_\376\367\237\177-\031\227|\265"
 594      A5BF5FFE 
 594      F79F7F2D 
 594      19977CB5 
 595 1056 326AE99A 		.ascii	"2j\351\232\337/\017\224<VG~\275:j\215/(X\266BQ\360\205"
 595      DF2F0F94 
 595      3C56477E 
 595      BD3A6A8D 
 595      2F2858B6 
 596 106e 6458B662 		.ascii	"dX\266bYT\344\252oW\031\277^\011*\"?\3734j\251\257K"
ARM GAS  /tmp/ccIz1N1B.s 			page 48


 596      5954E4AA 
 596      6F5719BF 
 596      5E092A22 
 596      3FFB346A 
 597 1085 1B928E95 		.ascii	"\033\222\216\225\272%_|\272\222\006\233\347\030XKsf"
 597      BA255F7C 
 597      BA92069B 
 597      E718584B 
 597      7366
 598 1097 47468130 		.ascii	"GF\2010\033\020@\347\231\315r\210Y\0167\353\026F\204"
 598      1B1040E7 
 598      99CD7288 
 598      590E37EB 
 598      164684
 599 10aa 99E7C2CD 		.ascii	"\231\347\302\315\237\255\374\306?\370\235\360\305\341"
 599      9FADFCC6 
 599      3FF89DF0 
 599      C5E1
 600 10b8 FE214BBF 		.ascii	"\376!K\277Y\266d\251\177x\004\374\177g\316\354\005\201"
 600      59B664A9 
 600      7F7804FC 
 600      7F67CEEC 
 600      0581
 601 10ca 6BD6F82F 		.ascii	"k\326\370/^\261\344\313\325\237-\365_\025\265|\316\354"
 601      5EB1E4CB 
 601      D59F2DF5 
 601      5F15B57C 
 601      CEEC
 602 10dc CF036705 		.ascii	"\317\003g\005\254Y\002\206\370\274\037\036d\216\210"
 602      AC590286 
 602      F8BC1F1E 
 602      648E88
 603 10eb 8CF8F6EB 		.ascii	"\214\370\366\353\245!K?Gc\227x\362\"r\215\227y~\370"
 603      A5214B3F 
 603      47639778 
 603      F222728D 
 603      97797EF8 
 604 10ff 7CF39FE7 		.ascii	"|\363\237\347\207\3145\206\205\206.\236\035\036\274"
 604      87CC3586 
 604      85862E9E 
 604      1D1EBC
 605 110e 60A1591F 		.ascii	"`\241Y\037\036\036\274\320<Y\365&\015\006\023\346\205"
 605      1E1EBCD0 
 605      3C59F526 
 605      0D0613E6 
 605      85
 606 111f 043B2FBD 		.ascii	"\004;/\275\341\025\0246ovh\330\374w\315\354,\000\317"
 606      E1151436 
 606      6F7668D8 
 606      FC77CDEC 
 606      2C00CF
 607 1132 1CB5815E 		.ascii	"\034\265\201^A\213\346\315Qj\027M\362\026\251ys<\231"
 607      418BE6CD 
 607      516A174D 
 607      F216A979 
 607      733C99
 608 1145 16B8C2CA 		.ascii	"\026\270\302\312\000\261f\266'\323\300k\026)\214E\256"
ARM GAS  /tmp/ccIz1N1B.s 			page 49


 608      00B166B6 
 608      27D3C06B 
 608      16298C45 
 608      AE
 609 1156 8C0003BB 		.ascii	"\214\000\003\273\327\034\036af'\001\354d\262n\226\201"
 609      D71C1E61 
 609      662701EC 
 609      64B26E96 
 609      81
 610 1167 DD8D758B 		.ascii	"\335\215u\213\034\244EH\242\301\213\315:\326IO\350/"
 610      1CA44548 
 610      A2C18BCD 
 610      3AD6494F 
 610      E82F
 611 1179 2BE560B3 		.ascii	"+\345`\263gH\360\333\354\324\333\034\034\354\360\223"
 611      6748F0DB 
 611      ECD4DB1C 
 611      1CECF093 
 612 1189 77D807E6 		.ascii	"w\330\007\346I\237\315{;,\340-3/\346b\361&\026o`\021"
 612      499FCD7B 
 612      3B2CE02D 
 612      332FE662 
 612      F126166F 
 613 119f 88C51C2C 		.ascii	"\210\305\034,fc\021\200\305,\263\036\212?\360\343[\374"
 613      66631180 
 613      C52CB31E 
 613      8A3FF0E3 
 613      5BFC
 614 11b1 38971FDF 		.ascii	"8\227\037\337\344\3077\3701\220\037\347\360\343l~\014"
 614      E4C737F8 
 614      31901FE7 
 614      F0E36C7E 
 614      0C
 615 11c2 E0C75960 		.ascii	"\340\307Y`w\250\371\235y\341\341x\022\004'\372\210\240"
 615      77A8F99D 
 615      79E1E178 
 615      120427FA 
 615      88A0
 616 11d4 05C1D005 		.ascii	"\005\301\320\005\220\365\021\341pA\027\021\036\302\016"
 616      90F511E1 
 616      70411711 
 616      1EC20E
 617 11e3 11668FF0 		.ascii	"\021f\217\360E\213\027@\027\341\"\375 \314\354\301\357"
 617      458B1740 
 617      17E122FD 
 617      20CCECC1 
 617      EF
 618 11f4 C522C8EC 		.ascii	"\305\"\310\354\001w,\236g\326}\360~\204Y\027f\236o\246"
 618      01772C9E 
 618      67D67DF0 
 618      7E845917 
 618      669E6FA6 
 619 1208 8BC3CD72 		.ascii	"\213\303\315r\004\032\371\007\350{\304d\337\365\357"
 619      041AF907 
 619      E87BC464 
 619      DFF5EF
 620 1217 85458057 		.ascii	"\205E\200W\340\370\366\374\017\315:v\240A\301f\017~"
ARM GAS  /tmp/ccIz1N1B.s 			page 50


 620      E0F8F6FC 
 620      0FCD3A76 
 620      A041C166 
 620      0F7E
 621 1229 39C06741 		.ascii	"9\300gAhP\370\"\007\227\3769(T\027\372^P\210.8\302\034"
 621      6850F822 
 621      0797FE39 
 621      285417FA 
 621      5E50882E 
 622 1240 AAE78DBC 		.ascii	"\252\347\215\274\354\022\251\216\250\204\011\2634r\311"
 622      EC12A98E 
 622      A88409B3 
 622      3472C9
 623 124f F2400849 		.ascii	"\362@\010IS\370\267\253\"\226-\371\013W\242\217\234"
 623      53F8B7AB 
 623      22962DF9 
 623      0B57A28F 
 623      9C
 624 1260 F7D5575F 		.ascii	"\367\325W_\362\350\177302J\027\032\3746D[\270\331L\337"
 624      F2E87F33 
 624      30324A17 
 624      1AFC3644 
 624      5BB8D94C 
 625 1275 0B012343 		.ascii	"\013\001#C\314\372\260\367\303B\300\234\360\260\371"
 625      CCFAB0F7 
 625      C342C09C 
 625      F0B0F9
 626 1284 F343C08A 		.ascii	"\363C\300\212\210\017\303\346\233\365\357\274\027\002"
 626      880FC3E6 
 626      9BF5EFBC 
 626      1702
 627 1292 7D085A60 		.ascii	"}\010Z`6-\014[\374\236\303\034/>\353\376\363\353e_\031"
 627      362D0C5B 
 627      FC9EC31C 
 627      2F3EEBFE 
 627      F3EB655F 
 628 12a7 F9D9EA55 		.ascii	"\371\331\352U\237\256\214\372\037*\003\371)"
 628      9FAE8CFA 
 628      1F2A03F9 
 628      29
 629              		.text
 630              		.section	.gnu.lto_.symtab.cc48e00ac8d799c3,"e",%progbits
 631 0000 6D61696E 		.ascii	"main\000"
 631      00
 632 0005 00       		.ascii	"\000"
 633 0006 00       		.ascii	"\000"
 634 0007 00       		.ascii	"\000"
 635 0008 00000000 		.ascii	"\000\000\000\000\000\000\000\000"
 635      00000000 
 636 0010 D0000000 		.ascii	"\320\000\000\000"
 637              		.text
 638              		.section	.gnu.lto_.opts,"e",%progbits
 639 0000 272D666E 		.ascii	"'-fno-openmp' '-fno-openacc' '-fno-pie' '-mcpu=cort"
 639      6F2D6F70 
 639      656E6D70 
 639      2720272D 
 639      666E6F2D 
ARM GAS  /tmp/ccIz1N1B.s 			page 51


 640 0033 65782D6D 		.ascii	"ex-m4' '-mthumb' '-mfpu=fpv4-sp-d16' '-mfloat-abi=h"
 640      34272027 
 640      2D6D7468 
 640      756D6227 
 640      20272D6D 
 641 0066 61726427 		.ascii	"ard' '-march=armv7e-m+fp' '-Ofast' '-flto' '-fdata-"
 641      20272D6D 
 641      61726368 
 641      3D61726D 
 641      7637652D 
 642 0099 73656374 		.ascii	"sections' '-ffunction-sections'\000"
 642      696F6E73 
 642      2720272D 
 642      6666756E 
 642      6374696F 
 643              		.text
 644              		.comm	__gnu_lto_v1,1,1
 645              		.comm	__gnu_lto_slim,1,1
 646              		.ident	"GCC: (15:9-2019-q4-0ubuntu1) 9.2.1 20191025 (release) [ARM/arm-9-branch revision 277599]"
ARM GAS  /tmp/ccIz1N1B.s 			page 52


DEFINED SYMBOLS
                            *ABS*:0000000000000000 main.c
                            *COM*:0000000000000001 __gnu_lto_v1
                            *COM*:0000000000000001 __gnu_lto_slim

NO UNDEFINED SYMBOLS
