ARM GAS  /tmp/ccpuBsDX.s 			page 1


   1              		.cpu cortex-m4
   2              		.eabi_attribute 27, 1
   3              		.eabi_attribute 28, 1
   4              		.eabi_attribute 23, 1
   5              		.eabi_attribute 24, 1
   6              		.eabi_attribute 25, 1
   7              		.eabi_attribute 26, 1
   8              		.eabi_attribute 30, 2
   9              		.eabi_attribute 34, 1
  10              		.eabi_attribute 18, 4
  11              		.file	"system_stm32f4xx.c"
  12              		.section	.gnu.lto_.profile.b1386ac2dc32bf80,"e",%progbits
  13 0000 789CE360 		.ascii	"x\234\343``\004B \000\000\000]\000\013"
  13      60044220 
  13      0000005D 
  13      000B
  14              		.text
  15              		.section	.gnu.lto_.icf.b1386ac2dc32bf80,"e",%progbits
  16 0000 789CE360 		.ascii	"x\234\343``d\220c@\000V\206\373\023\326\315\343dl\234"
  16      60649063 
  16      40005686 
  16      FB13D6CD 
  16      E3646C9C 
  17 0014 B3F5220F 		.ascii	"\263\365\"\017\323\223SM\241\314\235\033\036\336`g\231"
  17      D393534D 
  17      A1CC9D1B 
  17      1EDE6067 
  17      99
  18 0025 B3E9433D 		.ascii	"\263\351C=\003\000\322j\015\345"
  18      0300D26A 
  18      0DE5
  19              		.text
  20              		.section	.gnu.lto_.jmpfuncs.b1386ac2dc32bf80,"e",%progbits
  21 0000 789CE360 		.ascii	"x\234\343``d\340`@\000& f\004b\000\001\242\000\025"
  21      6064E060 
  21      40002620 
  21      66046200 
  21      01A20015 
  22              		.text
  23              		.section	.gnu.lto_.inline.b1386ac2dc32bf80,"e",%progbits
  24 0000 789CE360 		.ascii	"x\234\343``d\360`@\000&\006\006\341\206\206\206\005"
  24      6064F060 
  24      40002606 
  24      06E18686 
  24      8605
  25 0012 4CE98C0C 		.ascii	"L\351\214\014L\012@V\003S:\003\003\033\230\221\302\004"
  25      4C0A4056 
  25      03533A03 
  25      031B9891 
  25      C204
  26 0024 926600EA 		.ascii	"\222f\000\352\320\007r'0\203\224D\000Y\0370\2250\000"
  26      D0077227 
  26      30839444 
  26      00591F30 
  26      953000
  27 0037 007CA310 		.ascii	"\000|\243\020:"
  27      3A
ARM GAS  /tmp/ccpuBsDX.s 			page 2


  28              		.text
  29              		.section	.gnu.lto_.pureconst.b1386ac2dc32bf80,"e",%progbits
  30 0000 789CE360 		.ascii	"x\234\343``d`g```b\230\305\3028\213\005\000\005<\001"
  30      60646067 
  30      60606062 
  30      98C5C238 
  30      8B050005 
  31 0016 50       		.ascii	"P"
  32              		.text
  33              		.section	.gnu.lto_SystemInit.b1386ac2dc32bf80,"e",%progbits
  34 0000 789CA594 		.ascii	"x\234\245\224MHTQ\030\206\277\367\236;s/\205\011\255"
  34      4D485451 
  34      1886BFF7 
  34      9E3B732F 
  34      8509AD
  35 0013 220BDAB4 		.ascii	"\"\013\332\264\020\302\031\264U\253\240?Z\270\032\367"
  35      10C219B4 
  35      55ABA03F 
  35      5AB81AF7 
  36 0023 15364590 		.ascii	"\0256E\220\024\216\211\255<\223MJ\232F\240&\030c\204"
  36      148E89AD 
  36      3C934D4A 
  36      9A46A026 
  36      186384
  37 0036 082DB25A 		.ascii	"\010-\262Z\231\177MZY\251ejVZ\203I\226S\241\345&\350"
  37      997F4D5A 
  37      59A9656A 
  37      565A8349 
  37      9653A1E5 
  38 004c C7E9FCCC 		.ascii	"\307\351\374\314xEt19\314\375\230s\356\231\367\371\336"
  38      78457431 
  38      39CCFD98 
  38      73EE99F7 
  38      F9DE
  39 005e F79E7B6C 		.ascii	"\367\236{l\002\035v\021\035 \242\255\342\002#\030\234"
  39      021D7611 
  39      1D20A2AD 
  39      E2022318 
  39      9C
  40 006f F3DD56D0 		.ascii	"\363\335V\3206\000\365\213\333\240R\003\245\250a\365"
  40      3600F58B 
  40      DBA05203 
  40      A5A861F5 
  41 007f 0C3DE59F 		.ascii	"\014=\345\237\356\031\231-\342\016\217\3247\256\277"
  41      EE19992D 
  41      E20E8FD4 
  41      37AEBF
  42 008e C0439BC2 		.ascii	"\300C\233\302\214\250A\\\372\203vd\022\211\225Sw\026"
  42      8CA8415C 
  42      FA837664 
  42      12899553 
  42      7716
  43 00a0 6AD3DC66 		.ascii	"j\323\334f\342\026:\340\0260\242\326aW\204/\304\313"
  43      E2163AE0 
  43      1630A2D6 
  43      6157842F 
  43      C4CB
ARM GAS  /tmp/ccpuBsDX.s 			page 3


  44 00b2 796461C7 		.ascii	"yda\307\365\351-\033Aa\006C\026&\213)\213K\026\267,"
  44      F5E92D1B 
  44      41610643 
  44      16268B29 
  44      8B4B16B7 
  45 00c7 962CB62C 		.ascii	"\226,\266,D\225\214$\326\004\217\020U1C\017\202b\360"
  45      44958C24 
  45      D6048F10 
  45      5531430F 
  45      8262F0
  46 00da 053D9DB1 		.ascii	"\005=\235\261\361\320:\011\271\306 \340\325esQ\273\232"
  46      F1D03A09 
  46      B9C620E0 
  46      D5657351 
  46      BB9A
  47 00ec 859901D9 		.ascii	"\205\231\001\331\313\354d\325.=\342\343e|\203\230\351"
  47      CBEC64D5 
  47      2E3DE2E3 
  47      657C8398 
  47      E9
  48 00fd ADBDFBC1 		.ascii	"\255\275\373\301n\306\215\240\020\331\026f\014]\310"
  48      6EC68DA0 
  48      10D91666 
  48      0C5DC8
  49 010c 40273254 		.ascii	"@'2T\353]_\177\217\300{\213\237G\230\231\350F3\256j"
  49      EB5D5F7F 
  49      8FC07B8B 
  49      9F479899 
  49      E84633AE 
  50 0121 13F7E115 		.ascii	"\023\367\341\025\260\262+\345\320(C\323F\007\352\230"
  50      B0B22BE5 
  50      D02843D3 
  50      4607EA98 
  51 0131 94978945 		.ascii	"\224\227\211E,D\204\214h)zQ\255J\015\366\300\201\365"
  51      2C44848C 
  51      68297A51 
  51      AD4A0DF6 
  51      C081F5
  52 0144 C02B08DA 		.ascii	"\300+\010\332\\t\332\255\211l\2519\2272\327z\251a,M"
  52      5C74DAAD 
  52      896CA939 
  52      9732D77A 
  52      A9612C4D 
  53 0158 0FF9F70A 		.ascii	"\017\371\367\012n\212\251\217\365m\177\340\000\335x"
  53      6E8AA98F 
  53      F56D7FE0 
  53      00DD78
  54 0167 2880BD09 		.ascii	"(\200\275\011`[{x\320Z\004>R@\371d\360x\231;S\343\272"
  54      605B7B78 
  54      D05A043E 
  54      5240F964 
  54      F078993B 
  55 017e AB86FA13 		.ascii	"\253\206\372\023\366\200\276\345\336R@=qPO\2457S*\315"
  55      F680BEE5 
  55      DE52403D 
  55      71504FA5 
  55      37532ACD 
ARM GAS  /tmp/ccpuBsDX.s 			page 4


  56 0192 CFC49AAD 		.ascii	"\317\304\232\255\025\264\2326\257*\026\224 \023\317"
  56      15B49A36 
  56      AF2A1694 
  56      2013CF
  57 01a1 949C21E5 		.ascii	"\224\234!\345\372\341]\232\213\011\302\200n\2643\366"
  57      FAE15D9A 
  57      8B09C280 
  57      6EB433F6 
  58 01b1 2D199D2B 		.ascii	"-\031\235+\265n\007\235n\237\353`\352\222\301$\304\332"
  58      B56E079D 
  58      6E9FEB60 
  58      EA92C124 
  58      C4DA
  59 01c3 6FDFEC80 		.ascii	"o\337\354\200\016&\036\237\370\231\216\027k\010g\310"
  59      0E261E9F 
  59      F8998E17 
  59      6B0867C8 
  60 01d3 C1BD94E1 		.ascii	"\301\275\224\341\270u8szW\247\034\316\260\222\223\033"
  60      B8753873 
  60      7A57A71C 
  60      CEB09293 
  60      1B
  61 01e4 09232A9C 		.ascii	"\011#*\234\251\341\251\343:\233\313\223\274\311\300"
  61      A9E1A9E3 
  61      3A9BCB93 
  61      BCC9C0
  62 01f3 68329F5F 		.ascii	"h2\237_\311|\254\324\032~\3454<\266,\037[\2135\376\340"
  62      C97CACD4 
  62      1A7EE534 
  62      3CB62C1F 
  62      5B8B35FE 
  63 0208 DB93F1CC 		.ascii	"\333\223\361\314\305\323\361z\015\361\274qhoe<\266\216"
  63      C5D3F17A 
  63      0DF1BC71 
  63      686F653C 
  63      B68E
  64 021a E76FE8FF 		.ascii	"\347o\350\377\366\316\270\2223\245\334\004\274\311\315"
  64      F6CEB892 
  64      33A5DC04 
  64      BCC9CD
  65 0229 323F53D3 		.ascii	"2?S\323b\255\360\316J\275U^\332\204\336;\245\347\222"
  65      62ADF0CE 
  65      4ABD555E 
  65      DA84DE3B 
  65      A5E792
  66 023c 7AEF55DC 		.ascii	"z\357U\334\241\352\212\276\3053A\034X\210\212\177\316"
  66      A1EA8ABE 
  66      C533411C 
  66      58888A7F 
  66      CE
  67 024d E25CD3E7 		.ascii	"\342\\\323\347F\345^\235\225\225\014\316\211F\264/+"
  67      46E55E9D 
  67      95950CCE 
  67      8946B42F 
  67      2B
  68 025e CB73B4B0 		.ascii	"\313s\264\260\330\263'\327w\320\347\331\353/>\221\357"
  68      D8B327D7 
ARM GAS  /tmp/ccpuBsDX.s 			page 5


  68      77D0E7D9 
  68      EB2F3E91 
  68      EF
  69 026f F7F8F2C4 		.ascii	"\367\370\362\30477'{\377\316\222\022\217\357\324\231"
  69      3737277B 
  69      FFCE9212 
  69      8FEFD499 
  70 027f 423197E7 		.ascii	"B1\227\347/8}\362H\221?\340\011\234\015\024\371\013"
  70      2F387DF2 
  70      48913FE0 
  70      099C0D14 
  70      F90B
  71 0291 0E058A0A 		.ascii	"\016\005\212\012r\262\217\211\025Y\371\364\017E~\330"
  71      72B28F89 
  71      1559F9F4 
  71      0F457ED8 
  72 02a1 56       		.ascii	"V"
  73              		.text
  74              		.section	.gnu.lto_SystemCoreClockUpdate.b1386ac2dc32bf80,"e",%progbits
  75 0000 789C9556 		.ascii	"x\234\225V[LTW\024=\373\236;o\206A\305G\202\012\211"
  75      5B4C5457 
  75      143DFB9E 
  75      3B6F8641 
  75      C547820A 
  76 0015 218D3F60 		.ascii	"!\215?`\320\357\332\244\217\264\037~a\322\037\223\246"
  76      D0EFDAA4 
  76      8FB41F7E 
  76      61D21F93 
  76      A6
  77 0026 A1983491 		.ascii	"\241\2304\221H\204\032\375\362\316\200 \017\251\215"
  77      48841AFD 
  77      F2CE8020 
  77      0FA98D
  78 0035 E248DBC9 		.ascii	"\342H\333\311\200\210HZ\253\246\255\"\2038\205\242<"
  78      8088485A 
  78      ABA6AD22 
  78      833885A2 
  78      3C
  79 0046 15B1505F 		.ascii	"\025\261P_\305\372B\240\012\024EA^\335\373\234;3\200"
  79      C5FA42A0 
  79      0A144541 
  79      5EDDFB9C 
  79      3B3380
  80 0059 93140877 		.ascii	"\223\024\010w\317\275\347\256\275\366\332\373\354s\316"
  80      CFBDE7AE 
  80      BDF6DAFB 
  80      EC73CE
  81 0068 3533609D 		.ascii	"53`\2356\306\2663\306\212\361\002\033\003E\323\264\367"
  81      36C6B633 
  81      C68AF102 
  81      1B0345D3 
  81      B4F7
  82 007a 4C4EB3A2 		.ascii	"LN\263\242Z\360.\312\250\231\271\376\253\352\277\206"
  82      5AF02ECA 
  82      A899B9FE 
  82      ABEABF86 
  83 008a C0385875 		.ascii	"\3008Xu\254\032\2743(F\274\213S5\253I\376F\030\301\254"
ARM GAS  /tmp/ccpuBsDX.s 			page 6


  83      AC1ABC33 
  83      2846BC8B 
  83      5335AB49 
  83      FE4618C1 
  84 009f BF3305EF 		.ascii	"\2773\005\357\314A\274%xg\005\020w\232\031\330>\205"
  84      CC41BC25 
  84      78670510 
  84      779A19D8 
  84      3E85
  85 00b1 AB06A3C9 		.ascii	"\253\006\243\311l\261\302>\370\232\2739\324\347\366"
  85      6CB1C23E 
  85      F89ABB39 
  85      D4E7F6
  86 00c0 5E54D657 		.ascii	"^T\326W\"B\363\273\353\0349\332\376U^\316X\011^\362"
  86      2242F3BB 
  86      EB1C39DA 
  86      FE555ECE 
  86      58095EF2 
  87 00d4 0F6A603D 		.ascii	"\017j`=c\210\354qy\306\"\212\270\227\003\250\370x\244"
  87      6388EC71 
  87      79C6228A 
  87      B89703A8 
  87      F878A4
  88 00e7 E597662B 		.ascii	"\345\227f+=*\020\207\217\276\261\374G\016\3761\020\262"
  88      3D2A1087 
  88      8FBEB1FC 
  88      470EFE31 
  88      10B2
  89 00f9 BA216B9A 		.ascii	"\272!k\232\307\227k\232K\363_\253\213\256\314\322\232"
  89      C7976B9A 
  89      4BF35FAB 
  89      8BAECCD2 
  89      9A
  90 010a 34D5CB39 		.ascii	"4\325\3139\\\002\216\304P\0131\340\203\030\311\217\370"
  90      5C028EC4 
  90      500B31E0 
  90      8318C98F 
  90      F8
  91 011b 6CDF816E 		.ascii	"l\337\201n;\337\"|\013\212\306N+\272\357\275\012\256"
  91      3BDF227C 
  91      0B8AC64E 
  91      2BBAEFBD 
  91      0AAE
  92 012d 9DD014F2 		.ascii	"\235\320\024\362\274\034\336\363\333\3417%\234\177*"
  92      BC1CDEF3 
  92      DBE13725 
  92      9C7F2A
  93 013c 3CA70E8E 		.ascii	"<\247\016\216\316Xt\317\266\023A\317\337\302{\326\376"
  93      CE5874CF 
  93      B61341CF 
  93      DFC27BD6 
  93      FE
  94 014d D07891F3 		.ascii	"\320x\221\363m\302\323}\311\031\253;>;\036tl\010\357"
  94      6DC2D37D 
  94      C919AB3B 
  94      3E3B1E74 
  94      6C08EF
ARM GAS  /tmp/ccpuBsDX.s 			page 7


  95 0160 3870E7EE 		.ascii	"8p\347\356y\033O\021\216\316\334\251\346@\242\217\313"
  95      791B4F11 
  95      8ECEDCA9 
  95      E640A28F 
  95      CB
  96 0171 829E8DE1 		.ascii	"\202\236\215\341=\037\236\233.\266\033U\270\002\361"
  96      3D1F9E9B 
  96      2EB61B55 
  96      B802F1
  97 0180 F03B5EF5 		.ascii	"\360;^\365x\371\361\252\203x\275\336p\025\214\3309\314"
  97      78F9F1AA 
  97      8378BDDE 
  97      70158CD8 
  97      39CC
  98 0192 100E73A6 		.ascii	"\020\016s\246\323\340\327\246gr5\377\225w\313F\343\337"
  98      D3E0D7A6 
  98      677235FF 
  98      9577CB46 
  98      E3DF
  99 01a4 01E6E5AA 		.ascii	"\001\346\345\252B\206\223Q\311\030\310\030\311\230\310"
  99      42869351 
  99      C918C818 
  99      C998C8
 100 01b3 98C958C8 		.ascii	"\230\311X\310X\311\330\310D\220\261\223\211$\343 \023"
 100      58C9D8C8 
 100      4490B193 
 100      8924E320 
 100      13
 101 01c4 45660999 		.ascii	"Ef\011\231\245d\226\221\211&\263\034\215a\005\335\255"
 101      A5649691 
 101      8926B31C 
 101      8D6105DD 
 101      AD
 102 01d5 24B38A91 		.ascii	"$\263\212\221\250\030F\362V3\022\266\206\221\264\265"
 102      A81846F2 
 102      563312B6 
 102      8691B4B5 
 103 01e5 623C56D8 		.ascii	"b<V\3308F\242\343\005\206\261\002\316\250\265T\320\374"
 103      3846A2E3 
 103      0586B102 
 103      CEA8B554 
 103      D0FC
 104 01f7 8C157245 		.ascii	"\214\025rE>8\361a\000\352k\373\237\345\232(g\017\316"
 104      3E38F161 
 104      00EA6BFB 
 104      9FE59A28 
 104      670FCE
 105 020a 0187A2AC 		.ascii	"\001\207\242\254\241\0363u\224Q\024\367\314\301\222"
 105      A11E3375 
 105      945114F7 
 105      CCC192
 106 0219 6EBB7CD4 		.ascii	"n\273|\324\206\017h\324s\217\335\325\223P\001\345NZ"
 106      860F68D4 
 106      738FDDD5 
 106      935001E5 
 106      4E5A
 107 022b 025E6E82 		.ascii	"\002^n\202f,q\023\225\230\272\256\306\333n\332\360\223"
ARM GAS  /tmp/ccpuBsDX.s 			page 8


 107      662C7113 
 107      9598BAAE 
 107      C6DB6EDA 
 107      F093
 108 023d 96EDA477 		.ascii	"\226\355\244wfhA\3441Y\326V\330\200\361\262\216\346"
 108      666841E4 
 108      3159D656 
 108      D880F1B2 
 108      8EE6
 109 024f EE95D162 		.ascii	"\356\225\321bd\300\252\321\242\357D\013\253\020\001"
 109      64C0AAD1 
 109      A2EF440B 
 109      AB1001
 110 025e 6D48D30F 		.ascii	"mH\323\017\373K}\330\340\022D]\342q\225\032\327\225"
 110      FB4B7DD8 
 110      E012445D 
 110      E271951A 
 110      D795
 111 0270 89D5D1DB 		.ascii	"\211\325\321\333b\325N\231\347.\016\204\034\273\237"
 111      62D54E99 
 111      E72E0E84 
 111      1CBB9F
 112 027f DF697043 		.ascii	"\337ipC\2613[h\242p\355\260\216~\256\201\233\242\264"
 112      B1335B68 
 112      A270EDB0 
 112      8E7EAE81 
 112      9BA2B4
 113 0292 1678062D 		.ascii	"\026x\006-:G\375\346p\024\301\304\271H\374\362\271\203"
 113      3A47FDE6 
 113      7014C1C4 
 113      B948FCF2 
 113      B983
 114 02a4 0DB319A1 		.ascii	"\015\263\031\241\003\245\301uIzC\222\376\352\273\327"
 114      03A5C175 
 114      497A4392 
 114      FEEABBD7 
 115 02b4 1BA193DE 		.ascii	"\033\241\223\336\011Kz\362\3117\356HIJ\245{q\244%~6"
 115      094B7AF2 
 115      C937EE48 
 115      494AA57B 
 115      71A4257E 
 116 02c9 E74DE2EC 		.ascii	"\347M\342\354\224\234\177H\316\374<_\246N9\022\226r"
 116      949C7F48 
 116      CEFC3C5F 
 116      A64E3912 
 116      9672
 117 02db 7CB0E216 		.ascii	"|\260\342\026\227\224f|\034\031:3\241\316\346\354&\316"
 117      9794667C 
 117      1C193A33 
 117      A1CEE6EC 
 117      26CE
 118 02ed 2EC9F927 		.ascii	".\311\371'r2\232r\332\3444\020S\336\007\316\322\007"
 118      72329A72 
 118      DAE43410 
 118      53DE07CE 
 118      D207
 119 02ff B1545D91 		.ascii	"\261T]\221\315\000\270F\372\306\237\332h`v\025,\242"
ARM GAS  /tmp/ccpuBsDX.s 			page 9


 119      CD00B846 
 119      FAC69FDA 
 119      68607615 
 119      2CA2
 120 0311 0A9E536D 		.ascii	"\012\236Sm3\226lp9Q\207\245\234K\005\335w\257tP\003"
 120      33966C70 
 120      395187A5 
 120      9C4B05DD 
 120      77AF7450 
 121 0326 0069B80D 		.ascii	"\000i\270\015\331\000\267h\366\341\016\016\342\353\336"
 121      D900B768 
 121      F6E10E0E 
 121      E2EBDE
 122 0335 B6A97C93 		.ascii	"\266\251|\223\024\2505u\230\340\256X}\205\\\235\253"
 122      14A83575 
 122      98E0AE58 
 122      7D855C9D 
 122      AB
 123 0346 61C86B10 		.ascii	"a\310k\020\":\003\"&\203\"\376?\352\275P\324\277d\324"
 123      223A0322 
 123      268322FE 
 123      3FEABD50 
 123      D4BF64D4 
 124 035a E7578F0F 		.ascii	"\347W\217\017;dT\377\360\250\015z\364\250\206\271Q'"
 124      3B6454FF 
 124      F0A80D7A 
 124      F4A886B9 
 124      5127
 125 036c F4A85D22 		.ascii	"\364\250]\"*6\177A\277Mv\232\262\330\326\276/Z\233\352"
 125      2A367F41 
 125      BF4D769A 
 125      B2D8D6BE 
 125      2F5A9BEA 
 126 0380 0B7FCBD6 		.ascii	"\013\177\313\326\236\314\031\267K2.\371&n\234\364\030"
 126      9ECC19B7 
 126      4B322EF9 
 126      266E9CF4 
 126      18
 127 0391 49941556 		.ascii	"I\224\025V\300\003\344\021\375_b\220\240\325\210CP]"
 127      C003E411 
 127      FD5F6290 
 127      A0D58843 
 127      505D
 128 03a3 61472B97 		.ascii	"aG+\227\013\000\340\241\000\325\327V\025Z$h\321+\356"
 128      0B00E0A1 
 128      00D5D756 
 128      155A2468 
 128      D12BEE
 129 03b6 5148D6E3 		.ascii	"QH\326\343\300\212k\326W\323\032\311\327v\261\250\322"
 129      C08A6BD6 
 129      57D31AC9 
 129      D776B1A8 
 129      D2
 130 03c7 2C236E86 		.ascii	",#n\206'\310\363\004\262\373\032^5m\322u\211^g\242|"
 130      27C8F304 
 130      B2FB1A5E 
 130      356DD275 
ARM GAS  /tmp/ccpuBsDX.s 			page 10


 130      895E67A2 
 131 03dc 74DEF999 		.ascii	"t\336\371\231\276WdU\347x\016\217\202D\031\350\274q"
 131      BE576455 
 131      E7780E8F 
 131      824419E8 
 131      BC71
 132 03ee F6F6E86B 		.ascii	"\366\366\350kW\024\275\027pQ\257\021\0114o\2230\343"
 132      5714BD17 
 132      7051AF11 
 132      09346F93 
 132      30E3
 133 0400 62F53F0D 		.ascii	"b\365?\015\351\357\013\224\265j\243$3I\276\013\327K"
 133      E9EF0B94 
 133      B56AA324 
 133      3349BE0B 
 133      D74B
 134 0412 DC7A598D 		.ascii	"\334zY\215\320\037(\253\256\313\2140\304\334\256,\177"
 134      D01F28AB 
 134      AECB8C30 
 134      C4DCAE2C 
 134      7F
 135 0423 A94A6933 		.ascii	"\251Ji3x^H\320\331\234<\275\366\261\230\000bE\216\246"
 135      785E48D0 
 135      D99C3CBD 
 135      F6B19800 
 135      62458EA6 
 136 0437 79393E0F 		.ascii	"y9>\017\346h\241\263\260\353\374^\311#\272\371\237\267"
 136      E668A1B3 
 136      B0EBFC5E 
 136      C923BAF9 
 136      9FB7
 137 0449 53B42E36 		.ascii	"S\264.6\305g\241\024\237\317O\321\206|o\345\024\201"
 137      C567A114 
 137      9FCF4FD1 
 137      867C6FE5 
 137      1481
 138 045b E36FE7B0 		.ascii	"\343o\347\260\026\005\342;\221\2039\324\346\242\255"
 138      1605E23B 
 138      918339D4 
 138      E6A2AD
 139 046a ABF2F4B6 		.ascii	"\253\362\364\266\266/V\334`H\334PP\234\336\326\221\222"
 139      B62F56DC 
 139      6048DC50 
 139      509CDED6 
 139      9192
 140 047c AFACABC3 		.ascii	"\257\254\253\303\005\262\376Q0<O\253\003a\210qu\375"
 140      05B2FE51 
 140      303C4FAB 
 140      03618871 
 140      75FD
 141 048e 782152D6 		.ascii	"x!R\326\215\303\277\022\363}N\236C\202\242\020\247\367"
 141      8DC3BF12 
 141      F37D4E9E 
 141      4382A210 
 141      A7F7
 142 04a0 3A261468 		.ascii	":&\024h\3178|\201\2569\215\207|v\351\252\300\210\004"
 142      CF387C81 
ARM GAS  /tmp/ccpuBsDX.s 			page 11


 142      AE398D87 
 142      7C76E9AA 
 142      C08804
 143 04b3 55E79C2E 		.ascii	"U\347\234.\236\322#,\361\360U\010\246]\243'\177\334"
 143      9ED2232C 
 143      F1F05508 
 143      A65DA327 
 143      7FDC
 144 04c5 B0E04DE3 		.ascii	"\260\340M\343Eh\323x\211\203H\304\330+@\252Xc\315\311"
 144      4568D378 
 144      898348C4 
 144      D82B40AA 
 144      5863CDC9 
 145 04d9 7A050B6A 		.ascii	"z\005\013jj\251T\260\230\226\271{\306\317\025r\317h"
 145      6AA954B0 
 145      9896B97B 
 145      C6CF1572 
 145      CF68
 146 04eb 0FEC54A7 		.ascii	"\017\354T\247\373\027\276S\215\206\202\276\302\301\340"
 146      FB17BE53 
 146      8D8682BE 
 146      C2C1E0
 147 04fa 6E689D77 		.ascii	"nh\235w\010\327\004J\263t\261\023\366:t\304\216\005"
 147      08D7044A 
 147      B374B113 
 147      F63A74C4 
 147      8E05
 148 050c 26AC599F 		.ascii	"&\254Y\237\260e\222/\370\325h\005\025\306\347MX4\302"
 148      B065922F 
 148      F8D56805 
 148      15C6E74D 
 148      5834C2
 149 051f 10E33F7B 		.ascii	"\020\343?{\370\246IV\335\001o\004\306\325\321\234 1"
 149      F8A64956 
 149      DD016F04 
 149      C6D5D19C 
 149      2031
 150 0531 CB671F0D 		.ascii	"\313g\037\0156q4\370^^\032\020\251\343\247\252\255\234"
 150      367134F8 
 150      5E5E1A10 
 150      A9E3A7AA 
 150      AD9C
 151 0543 1A0607EF 		.ascii	"\032\006\007\357k#\355V\022\036\345\345\0210I\271O\350"
 151      6B23ED56 
 151      121EE5E5 
 151      113049B9 
 151      4FE8
 152 0555 B21BF7B7 		.ascii	"\262\033\367\267j\326\244\263\332!\221\222\035\246\304"
 152      6AD6A4B3 
 152      DA219192 
 152      1DA6C4
 153 0564 14440BDD 		.ascii	"\024D\013\335\323\220D\341&\003\237\006\361\030\221"
 153      D39044E1 
 153      26039F06 
 153      F11891
 154 0573 068EF6D7 		.ascii	"\006\216\366\327\366[\345\320\212\005U{&TmM\251\000"
 154      F65BE5D0 
ARM GAS  /tmp/ccpuBsDX.s 			page 12


 154      8A05557B 
 154      26546D4D 
 154      A900
 155 0585 590C3DCF 		.ascii	"Y\014=\317\225H\202\324\262m`\301\023\350T\202\224."
 155      954882D4 
 155      B26D60C1 
 155      13E85482 
 155      942E
 156 0597 8524AF64 		.ascii	"\205$\257d\203\340*}]!(\3046Y\300!\364}\305\330\207"
 156      83E02A7D 
 156      5D2128C4 
 156      3659C021 
 156      F47DC5D8 
 157 05ac 0909895F 		.ascii	"\011\011\211_\354\332\235\370\376\226\344O\222\023?"
 157      ECDA9DF8 
 157      FE96E44F 
 157      92133F
 158 05bb 48DDFD65 		.ascii	"H\335\375eJjb\362V\374\337\2621\351\243M{\366$&\357"
 158      4A6A62F2 
 158      56FCDFB2 
 158      31E9A34D 
 158      7BF62426 
 159 05d0 FC6A178E 		.ascii	"\374j\027\216mMMK\337\361yfjFb\306\336\214\314\324\264"
 159      6D4D4D4B 
 159      DFF17966 
 159      6A4662C6 
 159      DE8CCCD4 
 160 05e5 CF3232D3 		.ascii	"\31722\3236&mGDB\012S\323w\354H\263\240\311\020`zL7"
 160      36266D47 
 160      44420A53 
 160      D377EC48 
 160      B3A0C910 
 161 05fd A2D99DB2 		.ascii	"\242\331\235\262\223g\246\245\377\007\003\237\353l"
 161      9367A6A5 
 161      FF07039F 
 161      EB6C
 162              		.text
 163              		.section	.gnu.lto_.symbol_nodes.b1386ac2dc32bf80,"e",%progbits
 164 0000 789CE360 		.ascii	"x\234\343``d\010f\000\002\246V\306z\206\006 `a\234p"
 164      60640866 
 164      0002A656 
 164      C67A8606 
 164      2060619C 
 165 0015 8E81A19E 		.ascii	"\216\201\241\236\201aW\203#P\022$\325\306X\317\210]"
 165      81615783 
 165      23501224 
 165      D5C658CF 
 165      885D
 166 0027 8AB58991 		.ascii	"\212\265\211\221\241Q\011\304hfd\2040Z\030\231\300\014"
 166      A15109C4 
 166      68666484 
 166      305A1899 
 166      C00C
 167 0039 06004131 		.ascii	"\006\000A1\020\260"
 167      10B0
 168              		.text
 169              		.section	.gnu.lto_.refs.b1386ac2dc32bf80,"e",%progbits
ARM GAS  /tmp/ccpuBsDX.s 			page 13


 170 0000 789CE360 		.ascii	"x\234\343``d\220````gddbedbgdR`dRb`Vc`\322`d\322b\000"
 170      60649060 
 170      60606067 
 170      64646265 
 170      64626764 
 171 0023 000BF501 		.ascii	"\000\013\365\001\004"
 171      04
 172              		.text
 173              		.section	.gnu.lto_.decls.b1386ac2dc32bf80,"e",%progbits
 174 0000 789CCD59 		.ascii	"x\234\315YkPTG\026\276}{`f`\300\024\232\307\226\356"
 174      6B505447 
 174      16BE7D7B 
 174      606660C0 
 174      149AC796 
 175 0015 9666934A 		.ascii	"\226f\223J\266\266\"\276v\365\317V\205\014*\324\306"
 175      B6B622BE 
 175      76F5CF56 
 175      850C2AD4 
 175      C6
 176 0026 849A21F9 		.ascii	"\204\232!\371\261\265\011\345\022R\246V\243\245\230"
 176      B1B509E5 
 176      1252A656 
 176      A3A598
 177 0035 D23FBB17 		.ascii	"\322?\273\027DD\026\014\202h\002\021yE\303C\343\372"
 177      4444160C 
 177      82680211 
 177      7945C343 
 177      E3FA
 178 0047 0205741C 		.ascii	"\002\005t\034\020\001\025G\224\210\2402\202 \017E\004"
 178      10011547 
 178      9488A032 
 178      82200F45 
 178      04
 179 0058 91A7B2A7 		.ascii	"\221\247\262\247\037\303\364\334q\022\177\354V\355\350"
 179      1FC3F4DC 
 179      71127FEC 
 179      56EDE8
 180 0067 37B74FF7 		.ascii	"7\267O\367\327\247\317\243\357\351\036\325IHj\372\225"
 180      D7A7CFA3 
 180      EFE91ED5 
 180      49486AFA 
 180      95
 181 0078 24796349 		.ascii	"$ycI\232\220$i\022>\320\224\256H\316\217\014\260\002"
 181      9A902469 
 181      123ED094 
 181      AE48CE8F 
 181      0CB002
 182 008b AA0064EC 		.ascii	"\252\000d\354\022\240\005pWr\375lE\222\244\205\347*"
 182      12A00570 
 182      5772FD6C 
 182      4592A485 
 182      E72A
 183 009d C05B8045 		.ascii	"\300[\200E /\004\300\022\322?\001\377\000x\2038\013"
 183      202F04C0 
 183      12D23F01 
 183      FF007883 
 183      380B
ARM GAS  /tmp/ccpuBsDX.s 			page 14


 184 00af 9E2B01D1 		.ascii	"\236+\001\321\200O\001\233\000\363\020\245\321u\324"
 184      804F019B 
 184      00F310A5 
 184      D175D4
 185 00be 9FED30E0 		.ascii	"\237\3550\340\317\365\006\000f\000\352\370\032\263$"
 185      CFF50600 
 185      6600EAF8 
 185      1AB324
 186 00cd A76EA240 		.ascii	"\247n\242@\001\374\005\2321\360l\202\347un\277c-\304"
 186      01FC059A 
 186      31F06C82 
 186      E7756EBF 
 186      632DC4
 187 00e0 FD90053F 		.ascii	"\375\220\005?\304\317\036\214\232\0123\236\372\335A"
 187      C4CF1E8C 
 187      9A0A339E 
 187      FADD41
 188 00ef AD087C45 		.ascii	"\255\010|E\010\311H\242\177\350_\272\010m2\320x\321"
 188      08C948A2 
 188      7FE85FBA 
 188      086D32D0 
 188      78D1
 189 0101 0F42AC4F 		.ascii	"\017B\254O\242\023\020]\310\3217\365\221\246\236\222"
 189      A213105D 
 189      C8D137F5 
 189      91A69E92 
 190 0111 CC35C8CC 		.ascii	"\3145\310\314n\304\355w,\004C\242j\311\261\276\240\316"
 190      6EC4ED77 
 190      2C0443A2 
 190      6AC9B1BE 
 190      A0CE
 191 0123 31915A25 		.ascii	"1\221Z%M\231\307\307\344)\023E\003Tj]\255s(E<\355\310"
 191      4D99C7C7 
 191      E4291345 
 191      03546A5D 
 191      AD732845 
 192 013a 1191C96B 		.ascii	"\021\221\311k\326\032}\033\262\307(\212b\013G\376)\263"
 192      D61A7D1B 
 192      B2C7288A 
 192      620B47FE 
 192      29B3
 193 014c 6139E83F 		.ascii	"a9\350?b\035O\320\340_\323\366\375~\3732\3746m6fe\307"
 193      621D4FD0 
 193      E05FD3F6 
 193      FD7EFB32 
 193      FC366D36 
 194 0163 EA030F2A 		.ascii	"\352\003\017*\354\243\273\205%TA\202\351P\027\177.\245"
 194      ECA3BB85 
 194      25544182 
 194      E950177F 
 194      2EA5
 195 0175 CC6F0746 		.ascii	"\314o\007F\001>H\0061\247\321\026\213@\234\341\203^"
 195      013E4806 
 195      31A7D116 
 195      8B409CE1 
 195      835E
 196 0187 02313DB7 		.ascii	"\0021=\267\352\232\376\325t25e\213\362\222\214V\275"
ARM GAS  /tmp/ccpuBsDX.s 			page 15


 196      EA9AFED5 
 196      74323565 
 196      8BF2928C 
 196      56BD
 197 0199 822C6826 		.ascii	"\202,h&:\203f\202mg\321\253\022\332\250a\212\232\357"
 197      3A836682 
 197      6D67D1AB 
 197      12DAA861 
 197      8A9AEF
 198 01ac 1E4946AF 		.ascii	"\036IF\257g+v\273b\031\316ZR|1^\261\301\264w)\015\225"
 198      672B76BB 
 198      6219CE5A 
 198      527C315E 
 198      B1C1B477 
 199 01c3 238C4EA3 		.ascii	"#\214N\243@\032\024hK\250\014\265!t\012\335!Q\263\242"
 199      401A1468 
 199      4BA80CB5 
 199      21740ADD 
 199      2151B3A2 
 200 01d7 D741C1A1 		.ascii	"\327A\301\241\261\322g\032\\\216\250\331'K\257Z|\271"
 200      B1D2671A 
 200      5C8EA8D9 
 200      274BAF5A 
 200      7CB9
 201 01e9 B6B13F65 		.ascii	"\266\261?e(\226X\320%SU\225\202\252J\265\252*\252\252"
 201      289658D0 
 201      25535595 
 201      82AA4AB5 
 201      AA2AAAAA 
 202 01fd 3CFEE969 		.ascii	"<\376\351i-x\361\226\017\215\3604\350:\377\360\3015"
 202      2D78F196 
 202      0F8DF034 
 202      E83AFFF0 
 202      C135
 203 020f C4BA88FE 		.ascii	"\304\272\210\376\202\374\235\271\336\270\201-v;v\357"
 203      82FC9DB9 
 203      DEB8812D 
 203      763B76EF 
 204 021f 8881C540 		.ascii	"\210\201\305@\003\342\256\272c\265>,\006\263A\314\260"
 204      03E2AEBA 
 204      63B53E2C 
 204      06B341CC 
 204      B0
 205 0230 17E5187C 		.ascii	"\027\345\030|\022\024%V\311\336\242\350C$T\013\021\250"
 205      12142556 
 205      C9DEA2E8 
 205      4324540B 
 205      11A8
 206 0242 8108A0F3 		.ascii	"\201\010\240\363\210*\004kP5\364\235\203>\230`\333\033"
 206      882A046B 
 206      5035F49D 
 206      833E9860 
 206      DB1B
 207 0254 63D3C3FC 		.ascii	"c\323\303\374:\344\203\224\032\233\026\272\016\347w"
 207      3AE48394 
 207      1A9B16BA 
 207      0EE777
ARM GAS  /tmp/ccpuBsDX.s 			page 16


 208 0263 FC16B7B0 		.ascii	"\374\026\267\260\325.\306d\334\320\276\231\247\330\255"
 208      D52EC664 
 208      DCD0BE99 
 208      A7D8AD
 209 0272 8AA5BA60 		.ascii	"\212\245\272`F\316\026%\204R/2\277\246\264K\264\347"
 209      46CE1625 
 209      84522F32 
 209      BFA6B44B 
 209      B4E7
 210 0284 026D5D42 		.ascii	"\002m]Bo\302L\313\341\264\253Zf'q)\247i\250\331\237"
 210      6FC24CCB 
 210      E1B4AB5A 
 210      66277129 
 210      A769A8D9 
 211 0299 18A630C3 		.ascii	"\030\2460\303H\277s\362e\344#\241\300\231\250\236\031"
 211      48BF73F2 
 211      65E423A1 
 211      C099A89E 
 211      19
 212 02aa E5486C00 		.ascii	"\345Hl\000K\354\301\311{\231\323\230\217\012\"\252\355"
 212      4BECC1C9 
 212      7B99D398 
 212      8F0A22AA 
 212      ED
 213 02bb C9A318E4 		.ascii	"\311\243\030\344Y\0201$\204k\026\017\327\276\037\252"
 213      59103124 
 213      846B160F 
 213      D7BE1FAA 
 214 02cb FC702F73 		.ascii	"\374p/s\240\367\262\345\250/\013\210\222\247\340\327"
 214      A0F7B2E5 
 214      A82F0B88 
 214      92A7E0D7 
 215 02db 24B47026 		.ascii	"$\264p&\232\007\341\270\206\350\004\342\304U\260\243"
 215      9A07E1B8 
 215      86E804E2 
 215      C455B0A3 
 216 02eb 81AD3CB2 		.ascii	"\201\255<\262\257\254rZ@\012\335C\260\037\020j\004g"
 216      AFAC725A 
 216      400ADD43 
 216      B01F106A 
 216      0467
 217 02fd AFC0B88D 		.ascii	"\257\300\270\215\332\371\023\012`\306J,/\225\027\247"
 217      DAF9130A 
 217      60C64A2C 
 217      2F9517A7 
 218 030d 74C7FDA2 		.ascii	"t\307\375\242\356\001\313\221s\262\250\373\372\317\350"
 218      EE01CB91 
 218      73B2A8FB 
 218      FACFE8
 219 031c CED8965B 		.ascii	"\316\330\226[\257\2373\210\366):\324\004#\320\325\363"
 219      AF9F3388 
 219      F6293AD4 
 219      0423D0D5 
 219      F3
 220 032d F5D10A03 		.ascii	"\365\321\012\003\216\223\331[s!%\333\007\022\323oQ,"
 220      8E93D95B 
 220      732125DB 
ARM GAS  /tmp/ccpuBsDX.s 			page 17


 220      0712D36F 
 220      512C
 221 033f F505BFD9 		.ascii	"\365\005\277\331\251@b\200\207\232yb\234zI\317\0154"
 221      A9406280 
 221      879A7962 
 221      9C7A49CF 
 221      0D34
 222 0351 075A2D34 		.ascii	"\007Z-41\366o\363w{\263\340\222l\327L|\223.{L\314-\236"
 222      31F66FF3 
 222      777BB3E0 
 222      926CD74C 
 222      7C932E7B 
 223 0369 989BCC85 		.ascii	"\230\233\314\2053\223\273\317h\330\\\035y\343\012\317"
 223      3393BBCF 
 223      68D85C1D 
 223      79E30ACF 
 224 0379 4E185862 		.ascii	"N\030Xb,d8\2415=\303\240\216^+(\273M\225\331\211\207"
 224      2C6438A1 
 224      353DC3A0 
 224      8E5E2B28 
 224      BB4D95D9 
 225 038f B71C1E2A 		.ascii	"\267\034\036*#\373\343}\325\341\360D\316>r\332\3463"
 225      23FBE37D 
 225      D5E1F044 
 225      CE3E72DA 
 225      E633
 226 03a1 275526E1 		.ascii	"'U&\341\270\303\302\261?\377r\243\037\316d\341H?\337"
 226      B8C3C2B1 
 226      3FFF72A3 
 226      1FCE64E1 
 226      483FDF
 227 03b4 B4CB9787 		.ascii	"\264\313\227\207\243\341w1\212ECh\250\235G\303\251\226"
 227      A3E17731 
 227      8A454368 
 227      A89D47C3 
 227      A996
 228 03c6 F4B4D168 		.ascii	"\364\264\321h\334\245\321\270]w\246\235{\224@\366\322"
 228      DCA5D1B8 
 228      5D77A69D 
 228      7B9440F6 
 228      D2
 229 03d7 91A4CE01 		.ascii	"\221\244\316\001\376z\365\023\3057'\037\334\365g\362"
 229      FE7AF513 
 229      C537271F 
 229      DCF567F2 
 230 03e7 0C10BBAB 		.ascii	"\014\020\273\2533;\375\230\307\331\204~\347\326\275"
 230      333BFD98 
 230      C7D9847E 
 230      E7D6BD
 231 03f6 447F5CC0 		.ascii	"D\177\\\300\214(|\334]\254\363\030\312\036\036\312\032"
 231      8C287CDC 
 231      5DACF318 
 231      CA1E1ECA 
 231      1A
 232 0407 16CAC22B 		.ascii	"\026\312\302+\207o\3708\335\327\320\327\252\013\330"
 232      876FF838 
 232      DDD7D0D7 
ARM GAS  /tmp/ccpuBsDX.s 			page 18


 232      AA0BD8
 233 0416 F728BB97 		.ascii	"\367(\273\227\270\337\343p\377T\343\205\\n\205\235\310"
 233      B8DFE370 
 233      FF54E385 
 233      5C6E859D 
 233      C8
 234 0427 C71BAE3F 		.ascii	"\307\033\256?\321\343\243l\331\235y\217G\275\311\262"
 234      D1E3A36C 
 234      D99D798F 
 234      47BDC9B2 
 235 0437 5B60D9B8 		.ascii	"[`\331\270\027x\347\333\307\373\336\022W\356\373\231"
 235      1778E7DB 
 235      C7FBDE12 
 235      57EEFB99 
 236 0447 954FA494 		.ascii	"\225O\244\224\304\363\370\330\210\\V\335P\213p)[9\266"
 236      C4F3F8D8 
 236      885C56DD 
 236      508B7029 
 236      5B39B6
 237 045a B1B8849B 		.ascii	"\261\270\204\233\205A\254\376\251\272\316\263\377\203"
 237      8541ACFE 
 237      A9BACEB3 
 237      FF83
 238 0468 DCFF0166 		.ascii	"\334\377\001fD\356\203\357\024\275\332\177\347\256}"
 238      44EE83EF 
 238      14BDDA7F 
 238      E7AE7D
 239 0477 4CAC1874 		.ascii	"L\254\030tX\261\247\276\274\025\251M\366D\276\220i\213"
 239      58B1A7BE 
 239      BC15A94D 
 239      F644BE90 
 239      698B
 240 0489 F16156D5 		.ascii	"\361aV\325\020\271\363\331\321:-\256`&\247\245\216\324"
 240      10B9F3D9 
 240      D13A2DAE 
 240      6026A7A5 
 240      8ED4
 241 049b E9F059BE 		.ascii	"\351\360Y\276k\370\376\015\340\373w\260\250\377{o|\216"
 241      6BF8FE0D 
 241      E0FB77B0 
 241      A8FF7B6F 
 241      7C8E
 242 04ad 0D965434 		.ascii	"\015\226T4\177\355\271b\215so\346Qg\022\372\276\267"
 242      7FEDB962 
 242      8D736FE6 
 242      516712FA 
 242      BEB7
 243 04bf 18D4CE38 		.ascii	"\030\324\31687\335\004\261o\334a_\314\365\3612\203\332"
 243      37DD04B1 
 243      6FDC615F 
 243      CCF5F132 
 243      83DA
 244 04d1 194FE42B 		.ascii	"\031O\344+i\315\255zf\342\022\020\277\031\315\351\361"
 244      69CDAD7A 
 244      66E21210 
 244      BF19CDE9 
 244      F1
ARM GAS  /tmp/ccpuBsDX.s 			page 19


 245 04e2 C3B5CCC2 		.ascii	"\303\265\314\302\332\211s\347\015\216\304\277H\261\177"
 245      DA8973E7 
 245      0D8EC4BF 
 245      48B17F
 246 04f1 D037F1A3 		.ascii	"\3207\361\243?\256g\263+KZ\272e\246y\036\210E\305g\353"
 246      3FAE67B3 
 246      2B4B5ABA 
 246      65A6791E 
 246      8845C567 
 247 0506 7DF15536 		.ascii	"}\361U66\221\262\357\250\036\337`BG\356\375\227\031"
 247      3691B2EF 
 247      A81EDF60 
 247      4247EEFD 
 247      9719
 248 0518 EF6D90AC 		.ascii	"\357m\220\254yY\251z|\233\015M\246$|\253\305\355Lp\034"
 248      7959A97A 
 248      7C9B0D4D 
 248      A6247CAB 
 248      C5ED4C70 
 249 052d 4501EC28 		.ascii	"E\001\354(\332U\277+\317\027w\261\261\203'\2222\371"
 249      DA55BF2B 
 249      CF1777B1 
 249      B1832792 
 249      32F9
 250 053f 69F01AA9 		.ascii	"i\360\032\251\234C;29\325 l\357\031|{\037z\262c\217"
 250      9C433B32 
 250      39D5206C 
 250      EF197C7B 
 250      1F7AB263 
 251 0554 2FEE6353 		.ascii	"/\356cS/T\337\313\300\214\353K\012_b\354\270\326cZ\276"
 251      2F54DFCB 
 251      C08CEB4B 
 251      0A5F62EC 
 251      B8D6635A 
 252 0569 96595A76 		.ascii	"\226YZv\310\324\341\352g\231i^\352\202\224$\317D\377"
 252      C8D4E1EA 
 252      6799695E 
 252      EA829424 
 252      CF44FF
 253 057c 92093B45 		.ascii	"\222\011;E\016`Sh\250\333\037\305\034\224Y8_\344\250"
 253      0E605368 
 253      A8DB1FC5 
 253      1C945938 
 253      5FE4A8
 254 058f 3899F3B0 		.ascii	"8\231\363\260I'\352\336){\326]\321p\363]<\300\034\032"
 254      4927EADE 
 254      297BD65D 
 254      D170F35D 
 254      3CC01C1A 
 255 05a3 AABF7907 		.ascii	"\252\277y\007\341'L\210\273P{@\213\307xQ/\270T\343\215"
 255      E1274C88 
 255      BB507B40 
 255      8BC77851 
 255      2FB854E3 
 256 05b8 154C85BB 		.ascii	"\025L\205\273\235c\245\030oe\302\376\373\271\311z\234"
 256      9D63A518 
 256      6F65C2FE 
ARM GAS  /tmp/ccpuBsDX.s 			page 20


 256      FBB9C97A 
 256      9C
 257 05c9 C884A2B8 		.ascii	"\310\204\242\270\302\035\374\032\224D\212P\303\345\244"
 257      C21DFC1A 
 257      94448A50 
 257      C3E5A4
 258 05d8 67FC1E64 		.ascii	"g\374\036d'e\271g\250cR\207S(\371\225\336\362\216T_"
 258      2765B967 
 258      A8635287 
 258      5328F995 
 258      DEF28E54 
 259 05ed F4C6F33E 		.ascii	"\364\306\363>\323s\225\270-p\001\352Y2z\255KQR_C\012"
 259      D37395B8 
 259      2D7001EA 
 259      59327AAD 
 259      4B51525F 
 260 0603 B8902963 		.ascii	"\270\220)c\364oy\272\020\324\016\372=\037\276r\225]"
 260      F46F79BA 
 260      10D40EFA 
 260      3D1FBE72 
 260      955D
 261 0615 30A16E33 		.ascii	"0\241n3\334q\342\274\351\276\035Aj\366\023\201M\324"
 261      DC71E2BC 
 261      E9BE1D41 
 261      6AF61381 
 261      4DD4
 262 0627 F7AC656C 		.ascii	"\367\254el\242;\335M7\333\363\265h\212\336\260\311I"
 262      A23BDD4D 
 262      37DBF3B5 
 262      688ADEB0 
 262      C949
 263 0639 DFE646DF 		.ascii	"\337\346F\337*\273*o\023\330qn\354X\025\273N`owc'\310"
 263      2ABB2A6F 
 263      13D8716E 
 263      EC5815BB 
 263      4E606F77 
 264 0650 8229C4CF 		.ascii	"\202)\304\317\206\265N?\277q\243\007\272\352n\026\334"
 264      86B54E3F 
 264      BF71A307 
 264      BAEA6E16 
 264      DC
 265 0661 DCF37CB2 		.ascii	"\334\363|\262C5\034Om\233c(\373!\034R\017x\010\235%"
 265      43351C4F 
 265      6D9B6328 
 265      FB211C52 
 265      0F78089D 
 266 0676 F8BE1042 		.ascii	"\370\276\020B\370Xz8\033J3\352vcw\252C\330#\270\271"
 266      F8587A38 
 266      1B4A33EA 
 266      766377AA 
 266      43D823B8 
 267 068b C5435004 		.ascii	"\305CP\004[\254\\\373S\320>\306\265;\313\321\250\230"
 267      5BAC5CFB 
 267      53D03EC6 
 267      B53BCBD1 
 267      A898
 268 069d 7C203673 		.ascii	"| 6s\366\020\260\037q\266\263\022\367\253\222\337,\230"
ARM GAS  /tmp/ccpuBsDX.s 			page 21


 268      F610B01F 
 268      71B6B312 
 268      F7AB92DF 
 268      2C98
 269 06af 12EF219B 		.ascii	"\022\357!\233\202\345cB\020\323\334\3506\027G\211\345"
 269      82E56342 
 269      10D3DCE8 
 269      36174789 
 269      E5
 270 06c0 9BE02BC6 		.ascii	"\233\340+\306\033\245\312\001(\231\323\235o`\242\220"
 270      1BA5CA01 
 270      2899D39D 
 270      6F60A290 
 271 06d0 7D9A4E61 		.ascii	"}\232Na\333\016{\330\266\202-\003\202-\273<\330\342"
 271      DB0E7BD8 
 271      B6822D03 
 271      822DBB3C 
 271      D8E2
 272 06e2 74744C70 		.ascii	"ttLpt\322M\37137\345\002=\306M\3713\225\3626\301\224"
 272      74D24DF9 
 272      3337E502 
 272      3DC64DF9 
 272      3395F236 
 273 06f8 DD1E5E21 		.ascii	"\335\036^!\302\336\311\213\221\2024\022\312\200@|KC"
 273      C2DEC98B 
 273      91823412 
 273      CA80407C 
 273      4B43
 274 070a 40E8A478 		.ascii	"@\350\244x\345\312o\240<\300a@\026\340 \240\020P\004"
 274      E5CA6FA0 
 274      3CC06140 
 274      16E020A0 
 274      105004
 275 071d C801EC03 		.ascii	"\310\001\354\003\024\000\262\001\373\001?\002\016\001"
 275      1400B201 
 275      FB013F02 
 275      0E01
 276 072b 0E00F602 		.ascii	"\016\000\366\002\212\001?\000\362\001\337\003\276\223"
 276      8A013F00 
 276      F201DF03 
 276      BE93
 277 0739 DFE03FCC 		.ascii	"\337\340?\314\352[\323\3535\270\204\225'k\356\366^\315"
 277      EA5BD3EB 
 277      35B88495 
 277      276BEEF6 
 277      5ECD
 278 074b F4E7DA82 		.ascii	"\364\347\332\202\216p\353\377\267\346\014\244\226\025"
 278      8E70EBFF 
 278      B7E60CA4 
 278      9615
 279 0759 E80D8953 		.ascii	"\350\015\211S\277\202\320Q\227\200\035\223\015\022{"
 279      BF82D051 
 279      97801D93 
 279      0D127B
 280 0768 90A3EE87 		.ascii	"\220\243\356\207\316W\260\005\277\300\221\177\202\237"
 280      CE57B005 
 280      BFC0917F 
ARM GAS  /tmp/ccpuBsDX.s 			page 22


 280      829F
 281 0776 2D81B4FC 		.ascii	"-\201\264\3747\237;v\203__\201\313\217|'\271\204\224"
 281      379F3B76 
 281      835F5F81 
 281      CB8F7C27 
 281      B98494
 282 0789 FF138EF2 		.ascii	"\377\023\216\362\357\370\005\023\300\177\301\344\227"
 282      EFF80513 
 282      C07FC1E4 
 282      97
 283 0796 DA2710AE 		.ascii	"\332'\020\256c\253Z\252\223\240\00442!)9}\2303G\350"
 283      63AB5AAA 
 283      93A00434 
 283      32212939 
 283      7D983347 
 284 07ab 096B1D6E 		.ascii	"\011k\035n\362\303-lp\317\311\266~\177\334\301\204\235"
 284      F2C32D6C 
 284      70CFC9B6 
 284      7E7FDCC1 
 284      849D
 285 07bd 954383BE 		.ascii	"\225C\203\276\270\233\011\225)\226\263\374R\337E\344"
 285      B89B0995 
 285      2996B3FC 
 285      52DF45E4 
 286 07cd BD1313   		.ascii	"\275\023\023"
 287 07d0 711ADCC7 		.ascii	"q\032\334\307\006\033b\323\362\275\361\010\023\306\373"
 287      061B62D3 
 287      F2BDF108 
 287      13C6FB
 288 07df 0EF47BE3 		.ascii	"\016\364{\343X\015\025\236\336\263\036\362b\323\232"
 288      580D159E 
 288      DEB31EF2 
 288      62D39A
 289 07ee A89AC1EF 		.ascii	"\250\232\301\357\036\031p\022\033\334\232\177-I\213"
 289      1E197012 
 289      1BDC9A7F 
 289      2D498B
 290 07fd 773361B0 		.ascii	"w3a\260%\271\332\200\263\231PU\323~U\207\013\231\020"
 290      25B9DA80 
 290      B3995055 
 290      D37E5587 
 290      0B9910
 291 0810 D375781B 		.ascii	"\323ux\033\306\307\230\360\310V\231\250\307\247\231"
 291      C6C798F0 
 291      C85699A8 
 291      C7A799
 292 081f 70697B2A 		.ascii	"pi{*\024\374j&Lf\366\3575\340z&\224\347m-\320\341&&"
 292      14FC6A26 
 292      4C66F6EF 
 292      35E07A26 
 292      94E76D2D 
 293 0837 C4D527DF 		.ascii	"\304\325'\3374`;\023\016um\263hq\027\247]\032-\366\307"
 293      34603B13 
 293      0E756DB3 
 293      687117A7 
 293      5D1A2DF6 
 294 084c FD5C6839 		.ascii	"\375\\h9\036\210\307X;\247\353d\3324\274\305\213\012"
ARM GAS  /tmp/ccpuBsDX.s 			page 23


 294      1E88C758 
 294      3BA7EB64 
 294      DA34BCC5 
 294      8B0A
 295 085e F167D22B 		.ascii	"\361g\322+\3648\211\011U\366\333\010\247\263vo\242\345"
 295      F4388909 
 295      55F6DB08 
 295      A7B3766F 
 295      A2E5
 296 0870 868CB398 		.ascii	"\206\214\263\230Pp2\371\216\027>\300\204\366\222\270"
 296      507032F9 
 296      8E173EC0 
 296      84F692B8 
 297 0880 271A5CC4 		.ascii	"'\032\\\304\204\242\211,\233\036\037f\202\355\224\275"
 297      84A2892C 
 297      9B1E1F66 
 297      82ED94BD 
 298 0890 C31F9732 		.ascii	"\303\037\2272\341xVN5?hSH\332\332\017Tf9~\210\352\311"
 298      E178564E 
 298      353F6853 
 298      48DADA0F 
 298      5466397E 
 299 08a7 A97C35E3 		.ascii	"\251|5\343\2217.\243\3449;\332\036\337\222]\017\332"
 299      91372EA3 
 299      E4393BDA 
 299      1EDF925D 
 299      0FDA
 300 08b9 E9CF3974 		.ascii	"\351\3179tYEo-\305\275Eu\260ub1\271\360\241\032x/\272"
 300      59456F2D 
 300      C5BD4575 
 300      B0756231 
 300      B9F0A11A 
 301 08d0 5DEAAEFA 		.ascii	"]\352\256\372\030\035\370\253\263\006\\\343l\317\345"
 301      181DF8AB 
 301      B3065CE3 
 301      6CCFE5
 302 08df A859605F 		.ascii	"\250Y`_wc\007\252\252Q\363'N\266\315\215\235\240\256"
 302      776307AA 
 302      AA51F327 
 302      4EB6CD8D 
 302      9DA0AE
 303 08f2 D26D9F3A 		.ascii	"\322m\237:\351\347\335\350\352#\240A0\245\351\371\246"
 303      E9E7DDE8 
 303      EA23A041 
 303      30A5E9F9 
 303      A6
 304 0903 08970541 		.ascii	"\010\227\005Au\265\007\325\202%\326\010'\335\352F\277"
 304      75B507D5 
 304      8225D608 
 304      27DDEA46 
 304      BF
 305 0914 AF0E8AC0 		.ascii	"\257\016\212\300>\355\306\356T\261\353\004\366Y\017"
 305      3EEDC6EE 
 305      54B1EB04 
 305      F6590F
 306 0923 BAC57B8B 		.ascii	"\272\305{\213\020\303+\036b\350<\321\333>a\247(\311"
 306      10C32B1E 
ARM GAS  /tmp/ccpuBsDX.s 			page 24


 306      62E83CD1 
 306      DB3E61A7 
 306      28C9
 307 0935 FD65B7DC 		.ascii	"\375e\267\334\253o9\003\202)\247\334t\227N\261]jn3\324"
 307      AB6F3903 
 307      8229A7DC 
 307      74974EB1 
 307      5D6A6E33 
 308 094a DC1B74A8 		.ascii	"\334\033t\250\233\027\334;P$o\003\036\003F\000\267\000"
 308      9B17DC3B 
 308      50246F03 
 308      1E034600 
 308      B700
 309 095c F701E380 		.ascii	"\367\001\343\200Q@'\240\025p\0170\006x\010\350\007<"
 309      514027A0 
 309      15700F30 
 309      067808E8 
 309      073C
 310 096e 020C037A 		.ascii	"\002\014\003z\0017\001v@\033\340\011\340\001\240\035"
 310      01370176 
 310      401BE009 
 310      E001A01D 
 311 097e D0011800 		.ascii	"\320\001\030\000\334\005\364\000\372\000]\200\011\300"
 311      DC05F400 
 311      FA005D80 
 311      09C0
 312 098c 10609015 		.ascii	"\020`\220\025g\276\201\004\177*<$B\014\255\260)j\335"
 312      67BE8104 
 312      7F2A3C24 
 312      420CADB0 
 312      296ADD
 313 099f E8A36AFA 		.ascii	"\350\243j\372\230\260\341\256zxS8\035\016\010\313\030"
 313      98B0E1AE 
 313      7A785338 
 313      1D0E08CB 
 313      18
 314 09b0 D74EEA77 		.ascii	"\327N\352w\225\033\275R\334\374\364.\026\341\314\\\271"
 314      951BBD52 
 314      DCFCF42E 
 314      16E1CC5C 
 314      B9
 315 09c1 5BE6CAD4 		.ascii	"[\346\312\324\231\023v\305%7\345\261n\367\037\201~\321"
 315      991376C5 
 315      2537E5B1 
 315      6EF71F81 
 315      7ED1
 316 09d3 8D2E5E0B 		.ascii	"\215.^\013\210\345V\301\362\013\036\330\202\345\015"
 316      88E556C1 
 316      F20B1ED8 
 316      82E50D
 317 09e2 82E51637 		.ascii	"\202\345\0267\313\317\250\357\312\253\234\246\264\270"
 317      CBCFA8EF 
 317      CAAB9CA6 
 317      B4B8
 318 09f0 29EF5007 		.ascii	")\357P\007\275M\010\372On\364\333\242\345`\212\225+"
 318      BD4D08FA 
 318      4F6EF4DB 
ARM GAS  /tmp/ccpuBsDX.s 			page 25


 318      A2E5608A 
 318      952B
 319 0a02 8753121D 		.ascii	"\207S\022\035\367\240\\\010\242\220\377s\0362$\030."
 319      F7A05C08 
 319      A290FF73 
 319      1E322418 
 319      2E
 320 0a13 B0EB3CEC 		.ascii	"\260\353<\354\026\241\340\010v7z\260[\330,u\2378CNn"
 320      16A1E008 
 320      76377AB0 
 320      5BD82C75 
 320      9F38434E 
 321 0a28 E2AEF444 		.ascii	"\342\256\364Du>{\204|\326{H\277\323\026\253\300npc'"
 321      753E7B84 
 321      7CD67B48 
 321      BFD316AB 
 321      C06E7063 
 322 0a3d AAD863C2 		.ascii	"\252\330c\302Kt\322CQ\240\246\220\237\234\305\305\267"
 322      4B74D243 
 322      51A0A690 
 322      9F9CC5C5 
 322      B7
 323 0a4e 7CF1383B 		.ascii	"|\3618;\325\272\037\017w\033\246?\267V\240\247\\\321"
 323      D5BA1F0F 
 323      771BA63F 
 323      B756A0A7 
 323      5CD1
 324 0a60 FF49B920 		.ascii	"\377I\271 gn\233\375\221,\336\345\236\271\3709\311\356"
 324      676E9BFD 
 324      912CDEE5 
 324      9EB9F839 
 324      C9EE
 325 0a72 7293F42E 		.ascii	"r\223\364.\027?|>@\244\272^\311\024L\251\360 \377\012"
 325      173F7C3E 
 325      40A4BA5E 
 325      C9144CA9 
 325      F020FF0A 
 326 0a86 9A30DCE7 		.ascii	"\2320\334\347\242\226\374\343\251\223\033\303\270\344"
 326      A296FCE3 
 326      A9931BC3 
 326      B8E4
 327 0a94 212F920C 		.ascii	"!/\222\014+\327\257\371jq\324;k~\377\371:\311'r\355"
 327      2BD7AFF9 
 327      6A71D43B 
 327      6B7EFFF9 
 327      3AC92772 
 328 0aa9 FAE8A84D 		.ascii	"\372\350\250M\357\254Y$\371\2307o\210\216Z\023\372\345"
 328      EFAC5924 
 328      F998376F 
 328      888E5A13 
 328      FAE5
 329 0abb 17D1C173 		.ascii	"\027\321\301s\347\006~\266\376\253@\343\012s\250908"
 329      E7067EB6 
 329      FEAB40E3 
 329      0A73A839 
 329      3038
 330 0acd EAAB2F22 		.ascii	"\352\253/\"\243\002\315\341\360w\305\302\005\313\026"
ARM GAS  /tmp/ccpuBsDX.s 			page 26


 330      A302CDE1 
 330      F077C5C2 
 330      05CB16
 331 0adc 6DDA1468 		.ascii	"m\332\024h^\273q=\364\205G\255Y\267zet\324\206\300\015"
 331      5EBB713D 
 331      F48547AD 
 331      59B77A65 
 331      74D486C0 
 332 0af1 7472C486 		.ascii	"tr\304\206\3505\013\027|\016\214\271\221\272\345\037"
 332      E8350B17 
 332      7C0E8CB9 
 332      91BAE51F 
 333 0b01 7C34DB38 		.ascii	"|4\3338\177\261\264\364\277\241Mz\231\231g\\\273>\312"
 333      7FB1B4F4 
 333      BFA14D7A 
 333      9999675C 
 333      BB3ECA
 334 0b14 B87A6DE4 		.ascii	"\270zm\344\337?Z\367\031Pu\033\277\3702z\341\202\210"
 334      DF3F5AF7 
 334      1950751B 
 334      BFF8327A 
 334      E18288
 335 0b27 E869AA61 		.ascii	"\350i\252a-\031X\022\021\375\222\343\277\264\220\214"
 335      2D195812 
 335      11FD92E3 
 335      BFB4908C 
 336 0b37 35DE5A9D 		.ascii	"5\336Z\235\336/(\344\275\260\365Q\033\"\303W\376mu\224"
 336      DE2F28E4 
 336      BDB0F551 
 336      1B22C357 
 336      FE6D7594 
 337 0b4b CE31E417 		.ascii	"\3161\344\027\024&t\353MK\315KM\037/\015\236\247\011"
 337      142674EB 
 337      4D4BCD4B 
 337      4D1F2F0D 
 337      9EA709
 338 0b5e 35079934 		.ascii	"5\007\2314+V,3\341\240`\023\016\206g\3302\223&h\231"
 338      2B562C33 
 338      E1A06013 
 338      0E8667D8 
 338      32932668 
 339 0b73 D9A4796F 		.ascii	"\331\244yoY\220\311\013\206\200\020L\344\020\362e\204"
 339      5990C90B 
 339      8680104C 
 339      E410F265 
 339      84
 340 0b84 2F2F7388 		.ascii	"//s\210\321l\302\346\2200l4\302\323h\362\012\0125\031"
 340      D16CC2E6 
 340      90306C34 
 340      C2D368F2 
 340      0A0A3519 
 341 0b98 4D9A8FC3 		.ascii	"M\232\217\303?4iBa\314\313\030\366Qh0|\007\031M\263"
 341      3F346942 
 341      61CCCB18 
 341      F6516830 
 341      7C07194D 
 342 0bad 5DE213FA 		.ascii	"]\342\023\372e\344\352\215\237E\005Bb\242\"\"\327,\232"
ARM GAS  /tmp/ccpuBsDX.s 			page 27


 342      65E4EA8D 
 342      9F450542 
 342      62A22222 
 342      D72C9A
 343 0bc0 BB4AD299 		.ascii	"\273J\322\231\215\357E\204o^\3474k\261O\330\373\357"
 343      8DEF4584 
 343      6F5EE734 
 343      6BB14FD8 
 343      FBEF
 344 0bd2 872E301B 		.ascii	"\207.0\033\227-\207\305\314\306\345\246\251\241?b#1"
 344      972D87C5 
 344      CCC6E5A6 
 344      A9A13F62 
 344      2331
 345 0be4 2DD8E8EC 		.ascii	"-\330\350\354\372\203\036\234[\360~\330\322\017L\244"
 345      FA831E9C 
 345      5BF07ED8 
 345      D20F4CA4 
 346 0bf4 359FB51C 		.ascii	"5\237\265\034\243\213\364\020\221\205|4d\212\027\242"
 346      A38BF410 
 346      91857C34 
 346      648A17A2 
 347 0c04 E62DD412 		.ascii	"\346-\324\022-\320C\236\363\305\221\005Z\242\201\216"
 347      2DD0439E 
 347      F3C59105 
 347      5AA2818E 
 348 0c14 84704688 		.ascii	"\204pF\210+c\276\216\3145\231\303M\2441\2375`\216\243"
 348      2B63BE8E 
 348      CC3599C3 
 348      4DA4319F 
 348      35608EA3 
 349 0c28 B1C0D1A0 		.ascii	"\261\300\321\240C\330\030J\342\270\334\244\005/\311"
 349      43D8184A 
 349      E2B8DCA4 
 349      052FC9
 350 0c37 53369AB4 		.ascii	"S6\232\264\301\306?\223\346\342_\334L\216\000\362\315"
 350      C1C63F93 
 350      E6E25FDC 
 350      4C8E00F2 
 350      CD
 351 0c48 336FFEA6 		.ascii	"3o\376\246H\210\241\257\311h\2441\014\216\372\374?\014"
 351      4888A1AF 
 351      C968A431 
 351      0C8EFAFC 
 351      3F0C
 352 0c5a 482C11   		.ascii	"H,\021"
 353              		.text
 354              		.section	.gnu.lto_.symtab.b1386ac2dc32bf80,"e",%progbits
 355 0000 53797374 		.ascii	"SystemInit\000"
 355      656D496E 
 355      697400
 356 000b 00       		.ascii	"\000"
 357 000c 00       		.ascii	"\000"
 358 000d 00       		.ascii	"\000"
 359 000e 00000000 		.ascii	"\000\000\000\000\000\000\000\000"
 359      00000000 
 360 0016 C2000000 		.ascii	"\302\000\000\000"
ARM GAS  /tmp/ccpuBsDX.s 			page 28


 361 001a 53797374 		.ascii	"SystemCoreClockUpdate\000"
 361      656D436F 
 361      7265436C 
 361      6F636B55 
 361      70646174 
 362 0030 00       		.ascii	"\000"
 363 0031 00       		.ascii	"\000"
 364 0032 00       		.ascii	"\000"
 365 0033 00000000 		.ascii	"\000\000\000\000\000\000\000\000"
 365      00000000 
 366 003b C4000000 		.ascii	"\304\000\000\000"
 367 003f 53797374 		.ascii	"SystemCoreClock\000"
 367      656D436F 
 367      7265436C 
 367      6F636B00 
 368 004f 00       		.ascii	"\000"
 369 0050 00       		.ascii	"\000"
 370 0051 00       		.ascii	"\000"
 371 0052 00000000 		.ascii	"\000\000\000\000\000\000\000\000"
 371      00000000 
 372 005a CD000000 		.ascii	"\315\000\000\000"
 373 005e 41484250 		.ascii	"AHBPrescTable\000"
 373      72657363 
 373      5461626C 
 373      6500
 374 006c 00       		.ascii	"\000"
 375 006d 00       		.ascii	"\000"
 376 006e 00       		.ascii	"\000"
 377 006f 00000000 		.ascii	"\000\000\000\000\000\000\000\000"
 377      00000000 
 378 0077 DB000000 		.ascii	"\333\000\000\000"
 379 007b 41504250 		.ascii	"APBPrescTable\000"
 379      72657363 
 379      5461626C 
 379      6500
 380 0089 00       		.ascii	"\000"
 381 008a 00       		.ascii	"\000"
 382 008b 00       		.ascii	"\000"
 383 008c 00000000 		.ascii	"\000\000\000\000\000\000\000\000"
 383      00000000 
 384 0094 E4000000 		.ascii	"\344\000\000\000"
 385              		.text
 386              		.section	.gnu.lto_.opts,"e",%progbits
 387 0000 272D666E 		.ascii	"'-fno-openmp' '-fno-openacc' '-fno-pie' '-mcpu=cort"
 387      6F2D6F70 
 387      656E6D70 
 387      2720272D 
 387      666E6F2D 
 388 0033 65782D6D 		.ascii	"ex-m4' '-mthumb' '-mfpu=fpv4-sp-d16' '-mfloat-abi=h"
 388      34272027 
 388      2D6D7468 
 388      756D6227 
 388      20272D6D 
 389 0066 61726427 		.ascii	"ard' '-march=armv7e-m+fp' '-Ofast' '-flto' '-fdata-"
 389      20272D6D 
 389      61726368 
 389      3D61726D 
ARM GAS  /tmp/ccpuBsDX.s 			page 29


 389      7637652D 
 390 0099 73656374 		.ascii	"sections' '-ffunction-sections'\000"
 390      696F6E73 
 390      2720272D 
 390      6666756E 
 390      6374696F 
 391              		.text
 392              		.comm	__gnu_lto_v1,1,1
 393              		.comm	__gnu_lto_slim,1,1
 394              		.ident	"GCC: (15:9-2019-q4-0ubuntu1) 9.2.1 20191025 (release) [ARM/arm-9-branch revision 277599]"
ARM GAS  /tmp/ccpuBsDX.s 			page 30


DEFINED SYMBOLS
                            *ABS*:0000000000000000 system_stm32f4xx.c
                            *COM*:0000000000000001 __gnu_lto_v1
                            *COM*:0000000000000001 __gnu_lto_slim

NO UNDEFINED SYMBOLS
