ARM GAS  /tmp/cc7cvpAw.s 			page 1


   1              		.cpu cortex-m4
   2              		.eabi_attribute 27, 1
   3              		.eabi_attribute 28, 1
   4              		.eabi_attribute 23, 1
   5              		.eabi_attribute 24, 1
   6              		.eabi_attribute 25, 1
   7              		.eabi_attribute 26, 1
   8              		.eabi_attribute 30, 2
   9              		.eabi_attribute 34, 1
  10              		.eabi_attribute 18, 4
  11              		.file	"main.c"
  12              		.section	.gnu.lto_.profile.30e8380fc6ef75df,"e",%progbits
  13 0000 28B52FFD 		.ascii	"(\265/\375 \0061\000\000\002\000\000\000\000\000"
  13      20063100 
  13      00020000 
  13      000000
  14              		.text
  15              		.section	.gnu.lto_.icf.30e8380fc6ef75df,"e",%progbits
  16 0000 28B52FFD 		.ascii	"(\265/\375`1\000\335\002\000t\003%\001\000\004\000\322"
  16      603100DD 
  16      02007403 
  16      25010004 
  16      00D2
  17 0012 B0BC9901 		.ascii	"\260\274\231\001\010\002\000\002\001\001\357\277\302"
  17      08020002 
  17      0101EFBF 
  17      C2
  18 001f 98033E02 		.ascii	"\230\003>\002\000\002\002\003\004\005\006\263\225\373"
  18      00020203 
  18      040506B3 
  18      95FB
  19 002d CE042403 		.ascii	"\316\004$\003\324\246\300M\032\002\007\002\007\002\000"
  19      D4A6C04D 
  19      1A020702 
  19      070200
  20 003c 02080104 		.ascii	"\002\010\001\004\010\006\000\016\000 \013\310\0072v"
  20      0806000E 
  20      00200BC8 
  20      073276
  21 004b 9768AF08 		.ascii	"\227h\257\010Jv\200\030L\355\305\215!a\330I\371\231"
  21      4A768018 
  21      4CEDC58D 
  21      2161D849 
  21      F999
  22 005d 5D50FB1D 		.ascii	"]P\373\035O\005\030\002"
  22      4F051802 
  23              		.text
  24              		.section	.gnu.lto_.ipa_sra.30e8380fc6ef75df,"e",%progbits
  25 0000 28B52FFD 		.ascii	"(\265/\375 .\365\000\000\240\"\000\004\000\001\001\001"
  25      202EF500 
  25      00A02200 
  25      04000101 
  25      01
  26 0011 00010200 		.ascii	"\000\001\002\000\001\003\000\003\000\001\000\001\000"
  26      01030003 
  26      00010001 
  26      00
ARM GAS  /tmp/cc7cvpAw.s 			page 2


  27 001e 03003936 		.ascii	"\003\00096/vl\000\013"
  27      2F766C00 
  27      0B
  28              		.text
  29              		.section	.gnu.lto_.inline.30e8380fc6ef75df,"e",%progbits
  30 0000 28B52FFD 		.ascii	"(\265/\375`b\000\265\006\000\322\013)/pk2\034\216\377"
  30      606200B5 
  30      0600D20B 
  30      292F706B 
  30      321C8EFF 
  31 0014 ED8EF198 		.ascii	"\355\216\361\230\034\354kT\010A\005\032\260fp\274\341"
  31      1CEC6B54 
  31      0841051A 
  31      B06670BC 
  31      E1
  32 0025 05A66C0D 		.ascii	"\005\246l\015D\337\"\004\203\362\205z\214\217\024\007"
  32      44DF2204 
  32      83F2857A 
  32      8C8F1407 
  33 0035 7D4282A4 		.ascii	"}B\202\244\355-e\012\377K\224\036\336{\020\267\307\224"
  33      ED2D650A 
  33      FF4B941E 
  33      DE7B10B7 
  33      C794
  34 0047 62C2EA40 		.ascii	"b\302\352@\350\304\264B\302\3120\230%D\360\017\270T"
  34      E8C4B442 
  34      C2CA3098 
  34      2544F00F 
  34      B854
  35 0059 E3AA380D 		.ascii	"\343\2528\015\235\227\206\\\025g\217\373[\230EG\223"
  35      9D97865C 
  35      15678FFB 
  35      5B984547 
  35      93
  36 006a A1745AD8 		.ascii	"\241tZ\330EG\2239\230\022\267d\342\2364w\203\334\020"
  36      45479339 
  36      9812B764 
  36      E29E3477 
  36      83DC10
  37 007d A5DDCDC0 		.ascii	"\245\335\315\300\004\356\235\372\336{\317W\212qU\033"
  37      04EE9DFA 
  37      DE7BCF57 
  37      8A71551B 
  38 008d 02803F2A 		.ascii	"\002\200?*'\3074@j\342\006i1\252\303\215\203<K]\340"
  38      27C73440 
  38      6AE20669 
  38      31AAC38D 
  38      833C4B5D 
  39 00a2 11A9272A 		.ascii	"\021\251'*u\204\225~\\\325\246\340\333T\010\023\000"
  39      7584957E 
  39      5CD5A6E0 
  39      DB540813 
  39      00
  40 00b3 591B7245 		.ascii	"Y\033rE\000\272&p\263\230\346\321\271\005\343\002\314"
  40      00BA2670 
  40      B398E6D1 
  40      B905E302 
ARM GAS  /tmp/cc7cvpAw.s 			page 3


  40      CC
  41 00c4 840C0801 		.ascii	"\204\014\010\001\204\274Pi\211\262K8\010\227\250\232"
  41      84BC5069 
  41      89B24B38 
  41      0897A89A 
  42 00d4 A2E2665E 		.ascii	"\242\342f^0\312\016\327\034\257\000C"
  42      30CA0ED7 
  42      1CAF0043 
  43              		.text
  44              		.section	.gnu.lto_.jmpfuncs.30e8380fc6ef75df,"e",%progbits
  45 0000 28B52FFD 		.ascii	"(\265/\375 \231\255\002\000\244\003\215\000\004\000"
  45      2099AD02 
  45      00A4038D 
  45      000400
  46 000f 0101017F 		.ascii	"\001\001\001\177\002\011\001\000\000\002\001\300\004"
  46      02090100 
  46      000201C0 
  46      04
  47 001c 0100C004 		.ascii	"\001\000\300\004\001\377\000\001\002\006i\001\000\006"
  47      01FF0001 
  47      02066901 
  47      0006
  48 002a 6901FF01 		.ascii	"i\001\377\001\266\001\001\267\001?\006i\001?\377\001"
  48      B60101B7 
  48      013F0669 
  48      013FFF01 
  49 003a 1F1F01B8 		.ascii	"\037\037\001\270\001\003\000\000\000\000\000\012\000"
  49      01030000 
  49      0000000A 
  49      00
  50 0047 60003067 		.ascii	"`\0000g\024\301\266\342\015\247\345\315\313p\032\320"
  50      14C1B6E2 
  50      0DA7E5CD 
  50      CB701AD0 
  51 0057 4EBCBA4B 		.ascii	"N\274\272K7\320\006"
  51      37D006
  52              		.text
  53              		.section	.gnu.lto_.pureconst.30e8380fc6ef75df,"e",%progbits
  54 0000 28B52FFD 		.ascii	"(\265/\375 \021\211\000\000\015\000\000\000\004\000"
  54      20118900 
  54      000D0000 
  54      000400
  55 000f 9A04019A 		.ascii	"\232\004\001\232\004\002\232\004\003\265\004"
  55      04029A04 
  55      03B504
  56              		.text
  57              		.section	.gnu.lto_.ipa_modref.30e8380fc6ef75df,"e",%progbits
  58 0000 28B52FFD 		.ascii	"(\265/\375 \332%\003\000\004\003\316\000\004\000\000"
  58      20DA2503 
  58      000403CE 
  58      00040000 
  59 0010 20101000 		.ascii	" \020\020\000\001\002\014\000\001\002\015\001\000\002"
  59      01020C00 
  59      01020D01 
  59      0002
  60 001e 020E020F 		.ascii	"\002\016\002\017\005\002\015\001\000\021\002\022\000"
  60      05020D01 
ARM GAS  /tmp/cc7cvpAw.s 			page 4


  60      00110212 
  60      00
  61 002b 020C0003 		.ascii	"\002\014\000\003\003\023\004\002\024\000\001\002\024"
  61      03130402 
  61      14000102 
  61      14
  62 0038 0C000015 		.ascii	"\014\000\000\025\000} \000\306\005j\246\260\000H \000"
  62      007D2000 
  62      C6056AA6 
  62      B0004820 
  62      00
  63 0049 C6816248 		.ascii	"\306\201bHo\353\241\030l\014\011\275\315\034\015\014"
  63      6FEBA118 
  63      6C0C09BD 
  63      CD1C0D0C 
  64 0059 81B42608 		.ascii	"\201\264&\010\341`\022\206\324n`\270\231\203\000SV\030"
  64      E1601286 
  64      D46E60B8 
  64      99830053 
  64      5618
  65 006b B401     		.ascii	"\264\001"
  66              		.text
  67              		.section	.gnu.lto_.lto.30e8380fc6ef75df,"e",%progbits
  68 0000 0B000000 		.ascii	"\013\000\000\000\001\000\001\000"
  68      01000100 
  69              		.text
  70              		.section	.gnu.lto_u_putx.136.30e8380fc6ef75df,"e",%progbits
  71 0000 28B52FFD 		.ascii	"(\265/\375`\311\003\255\030\000\226-\236H\300XM:\200"
  71      60C903AD 
  71      1800962D 
  71      9E48C058 
  71      4D3A80
  72 0013 640406CC 		.ascii	"d\004\006\314\300q\273;\004\302\241gh.\373\300\211\271"
  72      C071BB3B 
  72      04C2A167 
  72      682EFBC0 
  72      89B9
  73 0025 6501C2DE 		.ascii	"e\001\302\336\0328@\245\313R$\352\035\276K,\035\250"
  73      1A3840A5 
  73      CB5224EA 
  73      1DBE4B2C 
  73      1DA8
  74 0037 8F29AE28 		.ascii	"\217)\256(\213\000-\230\"\216<\035H\336H7\004o\212\012"
  74      8B002D98 
  74      228E3C1D 
  74      48DE4837 
  74      046F8A0A 
  75 004b 8F9A5A53 		.ascii	"\217\232ZSk\204lB\244L)\216\000\200\000\206\000\366"
  75      6B846C42 
  75      A44C298E 
  75      00800086 
  75      00F6
  76 005d 930041D3 		.ascii	"\223\000A\323\007\3466S\022Te\316\351Z\025\226\016\267"
  76      07E63653 
  76      125465CE 
  76      E95A1596 
  76      0EB7
ARM GAS  /tmp/cc7cvpAw.s 			page 5


  77 006f E7AA5598 		.ascii	"\347\252U\230B\201\237(\275n\265\307\277\235\000\215"
  77      42819F28 
  77      BD6EB5C7 
  77      BF9D008D 
  78 007f C9D0F8E1 		.ascii	"\311\320\370\341*!\"\024_=\311\214\226B\303\334?\256"
  78      2A212214 
  78      5F3DC98C 
  78      9642C3DC 
  78      3FAE
  79 0091 2042F1D4 		.ascii	" B\361\324\000\324\027\263\202\250\350`\222\331\211"
  79      00D417B3 
  79      82A8E860 
  79      92D989
  80 00a0 4E80D207 		.ascii	"N\200\322\007\030\315L\350\327\002\243\304\305\356\013"
  80      18CD4CE8 
  80      D702A3C4 
  80      C5EE0B
  81 00af 12E1421C 		.ascii	"\022\341B\034e\035\214\025(M7\232\325T~1\270wFENCc\211"
  81      651D8C15 
  81      284D379A 
  81      D5547E31 
  81      B8774645 
  82 00c7 7B24DEA5 		.ascii	"{$\336\245F\022_q\004\352\004\3149\217t\0051\376\250"
  82      46125F71 
  82      04EA04CC 
  82      398F7405 
  82      31FEA8
  83 00da 7E31734E 		.ascii	"~1sN\353\320Ht\263n\377\2661\330K\023\222\346$\204\345"
  83      EBD04874 
  83      B36EFFB6 
  83      31D84B13 
  83      92E62484 
  84 00ef 479FECA4 		.ascii	"G\237\354\244\037]\233\2354\017\303\302\012\024o\315"
  84      1F5D9B9D 
  84      340FC3C2 
  84      0A146FCD 
  85 00ff 96EA164F 		.ascii	"\226\352\026O\315\222jQ\252W\236Z\345\251C\251Nyj\224"
  85      CD926A51 
  85      AA579E5A 
  85      E5A943A9 
  85      4E796A94 
  86 0113 548352FD 		.ascii	"T\203R\375yj\351\251\275\037\375\333\251\265S\037\000"
  86      796AE9A9 
  86      BD1FFDDB 
  86      A9B5531F 
  86      00
  87 0124 288566C4 		.ascii	"(\205f\304\305\307\234\"\262\\\231I^\323\213\334\222"
  87      C5C79C22 
  87      B25C9949 
  87      5ED38BDC 
  87      92
  88 0135 D297CC38 		.ascii	"\322\227\3148\316\303k\370F\204\3149O\343Hv\207\313"
  88      CEC36BF8 
  88      4684CC39 
  88      4FE34876 
  88      87CB
  89 0147 70822547 		.ascii	"p\202%Gs\316\016\266\007;\274\247\241\355\253\255\240"
ARM GAS  /tmp/cc7cvpAw.s 			page 6


  89      73CE0EB6 
  89      073BBCA7 
  89      A1EDABAD 
  89      A0
  90 0158 41CF8F78 		.ascii	"A\317\217x\274s\306\030\362cN\033-_\000\357\271'{\234"
  90      BC73C618 
  90      F2634E1B 
  90      2D5F00EF 
  90      B9277B9C 
  91 016c 67EEA346 		.ascii	"g\356\243F\325\344CQ\226\364\311\254mY\010EGdX|\364"
  91      D5E44351 
  91      96F4C9AC 
  91      6D590845 
  91      4764587C 
  92 0181 E95B9BFF 		.ascii	"\351[\233\377er\012\032\305\255\371\007\244\270*#\347"
  92      65720A1A 
  92      C5ADF907 
  92      A4B82A23 
  92      E7
  93 0192 E4F307E4 		.ascii	"\344\363\007\344j\305\325)2\023\3079\366\0355\340\234"
  93      6AC5D529 
  93      3213C739 
  93      F61D35E0 
  93      9C
  94 01a3 2A1CF839 		.ascii	"*\034\3709\256\343\306oq\257\233@,\346sd\216\274\267"
  94      AEE3C66F 
  94      71AF9B40 
  94      2CE67364 
  94      8EBCB7
  95 01b6 DAE35E60 		.ascii	"\332\343^`\014r\253\261\324\3159\247\\\233\265S\255"
  95      0C72ABB1 
  95      D4CD39A7 
  95      5C9BB553 
  95      AD
  96 01c7 6EB8AC95 		.ascii	"n\270\254\225\331{\240\352\020|\203\374\206{\241\232"
  96      D97BA0EA 
  96      107C83FC 
  96      867BA19A 
  97 01d7 CB08A4A3 		.ascii	"\313\010\244\243]\233Q\347\221\337#\375!\246\344\212"
  97      5D9B51E7 
  97      91DF23FD 
  97      21A6E48A 
  98 01e7 00291577 		.ascii	"\000)\025w7\021\271\373\01527\315\013N\354u\343\222"
  98      3711B9FB 
  98      0D3237CD 
  98      0B4EEC75 
  98      E392
  99 01f9 C189B95E 		.ascii	"\301\211\271^^D\3034\304\\:0\016;\257\233\226\315\213"
  99      5E44C334 
  99      C45C3A30 
  99      0E3BAF9B 
  99      96CD8B
 100 020c 03CC420B 		.ascii	"\003\314B\013\246\363\222\320\252\301\211\331Hh9\310"
 100      A6F392D0 
 100      AAC189D9 
 100      486839C8 
 101 021c 30614202 		.ascii	"0aB\002\004\014*(X`\001\303\005\327\316kF\347%\263\003"
ARM GAS  /tmp/cc7cvpAw.s 			page 7


 101      040C2A28 
 101      586001C3 
 101      05D7CE6B 
 101      46E725B3 
 102 0231 A3E0B281 		.ascii	"\243\340\262\201\305p^\032\\\260\233\034\032W\004\373"
 102      C5705E1A 
 102      5CB09B1C 
 102      1A5704FB 
 103 0241 FC7690E9 		.ascii	"\374v\220\351\004\022\037\315\342\324>\347\231\003A"
 103      04121FCD 
 103      E2D43EE7 
 103      990341
 104 0250 6D4AB5DA 		.ascii	"mJ\265\332Z\217\203<\376-\230s\354M5\340\267\317\205"
 104      5A8F833C 
 104      FE2D9873 
 104      EC4D35E0 
 104      B7CF85
 105 0263 28B90A7A 		.ascii	"(\271\012z\213Z\231SL\327\225\250\265\341\270\256\007"
 105      8B5A9953 
 105      4CD795A8 
 105      B5E1B8AE 
 105      07
 106 0274 AEEDC675 		.ascii	"\256\355\306u\257\304:\217\334\325\375\355\006hGZ\002"
 106      AFC43A8F 
 106      DCD5FDED 
 106      0668475A 
 106      02
 107 0285 42A83138 		.ascii	"B\25018#\0154\304 \252@d\3020h\032\003\220\002\241\261"
 107      230D34C4 
 107      20AA4064 
 107      C230681A 
 107      039002A1 
 108 029a B2031130 		.ascii	"\262\003\021055c\0305\206v\003\220\320\0204\005\270"
 108      35356318 
 108      35867603 
 108      90D01034 
 108      05B8
 109 02ac BDB2A27F 		.ascii	"\275\262\242\177\012\200\354\025\224r\201a\262Qi\237"
 109      0A80EC15 
 109      94728161 
 109      B251699F 
 110 02bc 0CF3F4BB 		.ascii	"\014\363\364\273\366W\004aR\350#\257B\025\302\326\255"
 110      F6570461 
 110      52E823AF 
 110      4215C2D6 
 110      AD
 111 02cd 127D0EC3 		.ascii	"\022}\016\303s]o~\270\007\342\204\223\314_\3541\312"
 111      735D6F7E 
 111      B807E284 
 111      93CC5FEC 
 111      31CA
 112 02df 98970924 		.ascii	"\230\227\011$\275\013\305\233H\377wS\365\303!\224\326"
 112      BD0BC59B 
 112      48FF7753 
 112      F5C32194 
 112      D6
 113 02f0 31A1C90D 		.ascii	"1\241\311\015\250\244\226\215\263\303\035\254\322\024"
ARM GAS  /tmp/cc7cvpAw.s 			page 8


 113      A8A4968D 
 113      B3C31DAC 
 113      D214
 114 02fe 9A001518 		.ascii	"\232\000\025\030M\000?\212\3651\331c\257O`\340\312~"
 114      4D003F8A 
 114      F531D963 
 114      AF4F60E0 
 114      CA7E
 115 0310 C5B61E16 		.ascii	"\305\266\036\026\365.\205^\"\003J6\317\250\001"
 115      F52E855E 
 115      22034A36 
 115      CFA801
 116              		.text
 117              		.section	.gnu.lto_init_sys.137.30e8380fc6ef75df,"e",%progbits
 118 0000 28B52FFD 		.ascii	"(\265/\375`2\010\345!\000\306\364\277H\200\334Q\007"
 118      603208E5 
 118      2100C6F4 
 118      BF4880DC 
 118      5107
 119 0012 05C2AF3B 		.ascii	"\005\302\257; \007\326\324\325\224U[\003\"\306^\220"
 119      2007D6D4 
 119      D594555B 
 119      0322C65E 
 119      90
 120 0023 B4259A9E 		.ascii	"\264%\232\236q\214=\332#\237\306\036\015\202<+\015\260"
 120      718C3DDA 
 120      239FC61E 
 120      0D823C2B 
 120      0DB0
 121 0035 C3D3F979 		.ascii	"\303\323\371y\306\364\261\264m\033J(U\233ia\257\233"
 121      C6F4B1B4 
 121      6D1B4A28 
 121      559B6961 
 121      AF9B
 122 0047 B3977789 		.ascii	"\263\227w\211\211'-\226\244\355\275\367N)\245\255\000"
 122      89272D96 
 122      A4EDBDF7 
 122      4E29A5AD 
 122      00
 123 0058 9E00AE00 		.ascii	"\236\000\256\00066b\006\023\000x\177<K\202^\200\311"
 123      36366206 
 123      1300787F 
 123      3C4B825E 
 123      80C9
 124 006a 7B2FFB3C 		.ascii	"{/\373<X\345\032\323\030\345?\215\332\006\247\332r\265"
 124      58E51AD3 
 124      18E53F8D 
 124      DA06A7DA 
 124      72B5
 125 007c DB0D2DC5 		.ascii	"\333\015-\305AO\263\314y7\342.\240\246U\022\372\332"
 125      414FB3CC 
 125      7937E22E 
 125      A0A65512 
 125      FADA
 126 008e 2647E374 		.ascii	"&G\343t\024]e\261\240\234\230r\264\255\251s8\2204\201"
 126      145D65B1 
 126      A09C9872 
ARM GAS  /tmp/cc7cvpAw.s 			page 9


 126      B4ADA973 
 126      38903481 
 127 00a2 A8E093D7 		.ascii	"\250\340\223\327\274\251o-\230n\364\015\321\207\323"
 127      BCA96F2D 
 127      986EF40D 
 127      D187D3
 128 00b1 742FA09C 		.ascii	"t/\240\234\230nt:l\234\356\022\264\361\303Q\307\242"
 128      986E743A 
 128      6C9CEE12 
 128      B4F1C351 
 128      C7A2
 129 00c3 A5241CF6 		.ascii	"\245$\034\366Y\243\315R\347\336{\023\266(u\034\206\020"
 129      59A3CD52 
 129      E7DE7B13 
 129      B628751C 
 129      8610
 130 00d5 E8650E4A 		.ascii	"\350e\016JF\347\224(pI\310M\210T\362\244!\313\352\250"
 130      46E79428 
 130      7049C84D 
 130      8854F2A4 
 130      21CBEAA8 
 131 00e9 2010FF46 		.ascii	" \020\377F\322%\021)T\224\2042\332Q\006\367^v%!S3\200"
 131      D2251129 
 131      54948432 
 131      DA5106F7 
 131      5E762521 
 132 0100 666E16CC 		.ascii	"fn\026\314|\201\031\335\020[}\005\304\255r{\267\253"
 132      7C8119DD 
 132      105B7D05 
 132      C4AD727B 
 132      B7AB
 133 0112 6A7D3F9D 		.ascii	"j}?\235\245%\366\273\274\246\202\325SF\370\276n\367"
 133      A525F6BB 
 133      BCA682D5 
 133      5346F8BE 
 133      6EF7
 134 0124 7A273299 		.ascii	"z'2\231\"\335\013\324Q\276\210\227_&KB}\365\3632\352"
 134      22DD0BD4 
 134      51BE8897 
 134      5F264B42 
 134      7DF5F332 
 135 0139 9468AB1F 		.ascii	"\224h\253\037\226\261\357\275\327D;Q\303E-u\306\354"
 135      96B1EFBD 
 135      D7443B51 
 135      C3452D75 
 135      C6EC
 136 014b F56446D1 		.ascii	"\365dF\321KR\244\367\362X\300\235\244\225\250\370\247"
 136      4B52A4F7 
 136      F258C09D 
 136      A495A8F8 
 136      A7
 137 015c 206D9637 		.ascii	" m\2267\211\354r\2578\3334}c\3112*7c>\372\374\213\314"
 137      89EC72AF 
 137      38DB347D 
 137      63C9322A 
 137      37633EFA 
 138 0173 C7DB3C4F 		.ascii	"\307\333<Oi\310\370\211\314\355\254\266\263\255\235"
ARM GAS  /tmp/cc7cvpAw.s 			page 10


 138      69C8F889 
 138      CCEDACB6 
 138      B3AD9D
 139 0182 6BED4C6B 		.ascii	"k\355Lk\347\264\235\321v>\333\331l\347\262\235\277\235"
 139      E7B49DD1 
 139      763EDBD9 
 139      6CE7B29D 
 139      BF9D
 140 0194 BD9D7B65 		.ascii	"\275\235{e\2674\330\330\275K\355\331=\232YC\230\271"
 140      B734D8D8 
 140      BD4BEDD9 
 140      3D9A5943 
 140      98B9
 141 01a6 03478E44 		.ascii	"\003G\216DAMJ\336\366\361\011\033\223\004k\346\017\356"
 141      414D4ADE 
 141      F6F1091B 
 141      93046BE6 
 141      0FEE
 142 01b8 0BB366CD 		.ascii	"\013\263f\315?\021K\272\275\232\035\271\302U\350\344"
 142      3F114BBA 
 142      BD9A1DB9 
 142      C255E8E4 
 143 01c8 1614638A 		.ascii	"\026\024c\212s\226\275\236\346\237e\314\377\260'IP\013"
 143      7396BD9E 
 143      E69F65CC 
 143      FFB02749 
 143      500B
 144 01da 4DC6486B 		.ascii	"M\306Hk<\277\010\346\324\003C\217I\226\321v\030\321"
 144      3CBF08E6 
 144      D403438F 
 144      4996D176 
 144      18D1
 145 01ec D0615435 		.ascii	"\320aT5\306\0013\232\030\315/\226/ \327\353\371_\276"
 145      C601339A 
 145      18CD2F96 
 145      2F20D7EB 
 145      F95FBE
 146 01ff 6F7DF9B7 		.ascii	"o}\371\267:C#\365g\276\266W\244\025\257n9\264\027+]"
 146      3A4323F5 
 146      67BEB657 
 146      A415AF6E 
 146      39B4172B 
 147 0214 E517B9FB 		.ascii	"\345\027\271\373\257\270\200\302\234'\366T\373\213\250"
 147      AFB880C2 
 147      9C27F654 
 147      FB8BA8
 148 0223 FA82E466 		.ascii	"\372\202\344f\230\217\275\236\375\376\036\346\302\306"
 148      988FBD9E 
 148      FDFE1EE6 
 148      C2C6
 149 0231 919BF157 		.ascii	"\221\233\361W\332\377`Z\320HQ\271Y\227\317\270\266="
 149      DAFF605A 
 149      D04851B9 
 149      5997CFB8 
 149      B63D
 150 0243 D376E82E 		.ascii	"\323v\350.+-F\326\312\222\214\322\036N\346\017\315\025"
 150      2B2D46D6 
ARM GAS  /tmp/cc7cvpAw.s 			page 11


 150      CA928CD2 
 150      1E4EE60F 
 150      CD15
 151 0255 4C6267A8 		.ascii	"Lbg\250\267\023b\177\206z\354\316\316\215y!z,\021\357"
 151      B713627F 
 151      867AECCE 
 151      CE8D7921 
 151      7A2C11EF 
 152 0269 44D14E48 		.ascii	"D\321NH\027\264;\301\363\321\361\210v\016t@C\275 \007"
 152      17B43BC1 
 152      F3D1F188 
 152      760E7440 
 152      43BD2007 
 153 027d BA051A7A 		.ascii	"\272\005\032zz\016\030P\020\001A\002\237\014\030\330"
 153      7A0E1850 
 153      10014102 
 153      9F0C18D8 
 154 028d A2DD08A2 		.ascii	"\242\335\010\242\335O\021\357\001\033\304\353\015\355"
 154      DD4F11EF 
 154      011BC4EB 
 154      0DED
 155 029b 42B03CA1 		.ascii	"B\260<\241\022$\330\006\314\015b\352\353\347-w\023\327"
 155      1224D806 
 155      CC0D62EA 
 155      EBE72D77 
 155      13D7
 156 02ad 9144C58C 		.ascii	"\221D\305\214\246\274i(\306XF\305E\253\201\017\235\206"
 156      A6BC6928 
 156      C65846C5 
 156      45AB810F 
 156      9D86
 157 02bf D7E8B1B9 		.ascii	"\327\350\261\271\335\243c\260!@\030\216\331\340\236"
 157      DDA363B0 
 157      2140188E 
 157      D9E09E
 158 02ce C869AFA7 		.ascii	"\310i\257\247\372\036U\005F\355\365\264\275\372\036"
 158      FA1E5505 
 158      46EDF5B4 
 158      BDFA1E
 159 02dd 26B4FD73 		.ascii	"&\264\375s!U\235\237\004\217q\005\212\355\213\271Z\356"
 159      21559D9F 
 159      048F7105 
 159      8AED8BB9 
 159      5AEE
 160 02ef D2BE0683 		.ascii	"\322\276\006\203\366\217\254\335\236x\223\246\027\375"
 160      F68FACDD 
 160      9E7893A6 
 160      17FD
 161 02fd F4BD0BC8 		.ascii	"\364\275\013\310\223\320\177\244\025\355\366\233\340"
 161      93D07FA4 
 161      15EDF69B 
 161      E0
 162 030a 400F80AD 		.ascii	"@\017\200\255\250a,\351\025\242!\221\202\224$Ik\340"
 162      A8612CE9 
 162      15A22191 
 162      82942449 
 162      6BE0
ARM GAS  /tmp/cc7cvpAw.s 			page 12


 163 031c 0211291A 		.ascii	"\002\021)\032=\021\2204\247(2\231\031)I\252\003\343"
 163      3D119034 
 163      A7283299 
 163      192949AA 
 163      03E3
 164 032e 66CB4B5C 		.ascii	"f\313K\\GV\201\005\277\316&\302\352\201\215Xm\376\340"
 164      47568105 
 164      BFCE26C2 
 164      EA818D58 
 164      6DFEE0
 165 0341 0F78938D 		.ascii	"\017x\223\215ms\255\235\277-I\316J\034\331\326\322S"
 165      6D73AD9D 
 165      BF2D49CE 
 165      4A1CD9D6 
 165      D253
 166 0353 6C00F685 		.ascii	"l\000\366\205\200d#\203KJ[!\242\261\332eD_!n\351\265"
 166      80642383 
 166      4B4A5B21 
 166      A2B1DA65 
 166      445F216E 
 167 0369 FD73B7E8 		.ascii	"\375s\267\350|>\351q\3218\334\310\242f\302.i\303\215"
 167      7C3EE971 
 167      D138DCC8 
 167      A266C22E 
 167      69C38D
 168 037c 7C0381F9 		.ascii	"|\003\201\371\264\232\227\202\025\001\007K\0168?\304"
 168      B49A9782 
 168      1501074B 
 168      0E383FC4 
 169 038c 010B00B4 		.ascii	"\001\013\000\264R\000\250\224\205\361\326I<\030\376"
 169      5200A894 
 169      85F1D649 
 169      3C18FE
 170 039b 1AFC4B5F 		.ascii	"\032\374K_^\321\024Ob\376\210\375Y\177\014\336H\274"
 170      5ED1144F 
 170      62FE88FD 
 170      597F0CDE 
 170      48BC
 171 03ad BF6155F8 		.ascii	"\277aU\370\331\242x\000\364\364\035\360\021\340\301"
 171      D9A27800 
 171      F4F41DF0 
 171      11E0C1
 172 03bc FC93190B 		.ascii	"\374\223\031\013\257k\370%\317\325#\226\372Z\020\311"
 172      AF6BF825 
 172      CFD52396 
 172      FA5A10C9 
 173 03cc F8B24473 		.ascii	"\370\262DsE\337\037\304$\014\037\254\001\264v&\025@"
 173      45DF1FC4 
 173      240C1FAC 
 173      01B47626 
 173      1540
 174 03de 942BE664 		.ascii	"\224+\346d>\365\002\241\333\036\027F\360\012V\275\227"
 174      3EF502A1 
 174      DB1E1746 
 174      F00A56BD 
 174      97
 175 03ef 048CA1D0 		.ascii	"\004\214\241\320\244\351\017\020\257\353\003gP-\205"
ARM GAS  /tmp/cc7cvpAw.s 			page 13


 175      A4E90F10 
 175      AFEB0367 
 175      502D85
 176 03fe 430F2AA7 		.ascii	"C\017*\247p\270\364\217\225>\033\305G&%\330\275\352"
 176      70B8F48F 
 176      953E1BC5 
 176      472625D8 
 176      BDEA
 177 0410 7BCA2322 		.ascii	"{\312#\"\301T)\350\241P\214\012\305\3634\226\221&0Z"
 177      C15429E8 
 177      A1508C0A 
 177      C5F33496 
 177      9126305A 
 178 0424 69D94FDA 		.ascii	"i\331O\332\363\331\033\030\027\332\250\274\";\207\254"
 178      F3D91B18 
 178      17DAA8BC 
 178      223B87AC 
 179 0434 ACAE53CA 		.ascii	"\254\256S\312pN\324\210\322\364\347?H\017e\212\263\032"
 179      704ED488 
 179      D2F4E73F 
 179      480F658A 
 179      B31A
 180              		.text
 181              		.section	.gnu.lto_print_date.140.30e8380fc6ef75df,"e",%progbits
 182 0000 28B52FFD 		.ascii	"(\265/\375`\320\011\325&\000\212D\320\016E\200\234\316"
 182      60D009D5 
 182      26008A44 
 182      D00E4580 
 182      9CCE
 183 0012 709F657A 		.ascii	"p\237ez\225N\214,\264.|\236G\017=\016\240H>8\357\024"
 183      954E8C2C 
 183      B42E7C9E 
 183      470F3D0E 
 183      A0483E38 
 184 0028 3B0D86D4 		.ascii	";\015\206\324Ju\274\224\252\361\227c\306\033\022\224"
 184      4A75BC94 
 184      AAF19763 
 184      C61B1294 
 185 0038 DD776577 		.ascii	"\335wewH\0234\242P!\030{\240\376\340\210\307 \263\237"
 185      481334A2 
 185      5021187B 
 185      A0FEE088 
 185      C720B39F 
 186 004c 9A8890BD 		.ascii	"\232\210\220\275\267\224)\005\341\000\302\000\325\000"
 186      B7942905 
 186      E100C200 
 186      D500
 187 005a A7965611 		.ascii	"\247\226V\021\270\363<\032x\351\015\272\227\301\373"
 187      B8F33C1A 
 187      78E90DBA 
 187      97C1FB
 188 0069 982FC9F7 		.ascii	"\230/\311\367\230/me\223\371\021\354\3740\304\313\012"
 188      982F6D65 
 188      93F911EC 
 188      FC30C4CB 
 188      0A
 189 007a 36E7790A 		.ascii	"6\347y\012W\207\327\245s\336\271\347\034\353\030\270"
ARM GAS  /tmp/cc7cvpAw.s 			page 14


 189      5787D7A5 
 189      73DEB9E7 
 189      1CEB18B8 
 190 008a B33A4F0F 		.ascii	"\263:O\017p\007\200\316\317'\307\367\323\343\001\355"
 190      700780CE 
 190      CF27C7F7 
 190      D3E301ED 
 191 009a 74017266 		.ascii	"t\001rfPI\012\255Z\371eW\035\307\260\2645\243\212\363"
 191      50490AAD 
 191      5AF96557 
 191      1DC7B0B4 
 191      35A38AF3 
 192 00ae F0784F8F 		.ascii	"\360xO\2176\037\012\344\361\235\257\003\000c\373\241"
 192      361F0AE4 
 192      F19DAF03 
 192      0063FBA1 
 193 00be 3A5FFFE5 		.ascii	":_\377\345\270\217\327\032\020\315\311q\337\215\377"
 193      B88FD71A 
 193      10CDC971 
 193      DF8DFF
 194 00cd E0500BA2 		.ascii	"\340P\013\242\275\035\\7\316c\301e\343@]hBtw\366\033"
 194      BD1D5C37 
 194      CE63C165 
 194      E3405D68 
 194      427477F6 
 195 00e2 7770D9B8 		.ascii	"wp\331\270\216\306\003\274K\214\032gb\2323;R\227\230"
 195      8EC603BC 
 195      4B8C1A67 
 195      629A333B 
 195      529798
 196 00f5 2D238D9B 		.ascii	"-#\215\2333\036\304\302\354GDb\214i\3113\3168\271\023"
 196      331EC4C2 
 196      EC474462 
 196      8C69C933 
 196      CE38B913 
 197 0109 26E34264 		.ascii	"&\343Bdn\005\214 ?c\026\331\240\015\334\223\023\211"
 197      6E058C20 
 197      3F6316D9 
 197      A00DDC93 
 197      1389
 198 011b 41A6FBE3 		.ascii	"A\246\373\343I\"]nFh\254\031e\\s\022\316\363\264n\031"
 198      49225D6E 
 198      4668AC19 
 198      655C7312 
 198      CEF3B46E 
 199 0130 B9EEA1DB 		.ascii	"\271\356\241\333\012d;\204\255\273\020'\314\227\300"
 199      0A643B84 
 199      ADBB1027 
 199      CC97C0
 200 013f 3D99B124 		.ascii	"=\231\261$f\352\306>b\351~\331\307\363\015\300\332\300"
 200      66EAC63E 
 200      62E97ED9 
 200      C7F30DC0 
 200      DAC0
 201 0151 79BD6C52 		.ascii	"y\275lR\275D\252\013\220j\002\244Z\211T\017 \325I\244"
 201      BD44AA0B 
 201      906A02A4 
ARM GAS  /tmp/cc7cvpAw.s 			page 15


 201      5A89540F 
 201      20D549A4 
 202 0165 1A89541F 		.ascii	"\032\211T\037\221\352 \2516\"\325\002Hu\021\251&\"\325"
 202      91EA20A9 
 202      3622D502 
 202      487511A9 
 202      2622D5
 203 0178 43A45A88 		.ascii	"C\244Z\210T\007\235\354\3469\222\033\270j\235U\377V"
 203      54079DEC 
 203      E639921B 
 203      B86A9D55 
 203      FF56
 204 018a 9DB36A1F 		.ascii	"\235\263j\037\251\356\255\232\267\352\035\251\326\255"
 204      A9EEAD9A 
 204      B7EA1DA9 
 204      D6AD
 205 0198 3A47AACD 		.ascii	":G\252\315U\227\253&I\365\256ZW}\004\025^h\370:O\030"
 205      5597AB26 
 205      49F5AE5A 
 205      577D0415 
 205      5E68F83A 
 206 01ae 71DE9CC7 		.ascii	"q\336\234\307\362\211\220\223\375H\256\366\333\036\006"
 206      F2899093 
 206      FD48AEF6 
 206      DB1E06
 207 01bd 8C2DC2DB 		.ascii	"\214-\302\333\332Ba\243\026\007\2066\345\355\354M\300"
 207      DA4261A3 
 207      16078636 
 207      E5EDEC4D 
 207      C0
 208 01ce CC20BC5D 		.ascii	"\314 \274]\311\217(\236\304\313D\354<\317\336K\033\205"
 208      C98F289E 
 208      C4CB44EC 
 208      3CCFDE4B 
 208      1B85
 209 01e0 DD7BA9FB 		.ascii	"\335{\251\373\221\227\271\207$Epw\236b9\334<\350^\372"
 209      9197B987 
 209      24457077 
 209      9E6239DC 
 209      3CE85EFA 
 210 01f4 621FB33A 		.ascii	"b\037\263:Y\212`\326N\213\204f\342\313\034\355\321v"
 210      598A60D6 
 210      4E8B8466 
 210      E2CB1CED 
 210      D176
 211 0206 09BE64FE 		.ascii	"\011\276d\376\314\303\223\321\005\030\220\264\003\316"
 211      CCC393D1 
 211      051890B4 
 211      03CE
 212 0214 4CFC5BD2 		.ascii	"L\374[\322\376l,\267_[~3\017\037\306\014Z/,'p\345JK"
 212      FE6C2CB7 
 212      5F5B7E33 
 212      0F1FC60C 
 212      5A2F2C27 
 213 022c C0CCC47F 		.ascii	"\300\314\304\177)\241S\332\233\225\245\321\243Lr\313"
 213      29A153DA 
 213      9B95A5D1 
ARM GAS  /tmp/cc7cvpAw.s 			page 16


 213      A34C72CB 
 214 023c 5D724935 		.ascii	"]rI5\272\033\213\311\263\273Y\206\204\245\241\301i\372"
 214      BA1B8BC9 
 214      B3BB5986 
 214      84A5A1C1 
 214      69FA
 215 024e 92F9A387 		.ascii	"\222\371\243\207\327R\302\367\366\240k\313\026\032r"
 215      D752C2F7 
 215      F6A06BCB 
 215      161A72
 216 025d BFFC6FDA 		.ascii	"\277\374o\332\224\025F\241\365\362\222\271\264J\266"
 216      941546A1 
 216      F5F292B9 
 216      B44AB6
 217 026c 644C96AE 		.ascii	"dL\226\256\361\317/\231\005viU\315\217&\336\012\225"
 217      F1CF2F99 
 217      05766955 
 217      CD8F26DE 
 217      0A95
 218 027e 57293A0B 		.ascii	"W):\013\354\274\223\223\371\262\300\376x%\243\024\254"
 218      ECBC9393 
 218      F9B2C0FE 
 218      7825A314 
 218      AC
 219 028f B132F23C 		.ascii	"\2612\362<\317s\367Ku\355\020P\372-\007\2634\316\021"
 219      CF73F74B 
 219      75ED1050 
 219      FA2D07B3 
 219      34CE11
 220 02a2 1E657E75 		.ascii	"\036e~u\257U\003K\335\230g\277\244\021-8WR\217\242\304"
 220      AF55034B 
 220      DD9867BF 
 220      A4112D38 
 220      57528FA2 
 221 02b7 B345634C 		.ascii	"\263EcL\342OJ\350\316S\007\003\337\355N\252~\336~\274"
 221      E24F4AE8 
 221      CE530703 
 221      DFED4EAA 
 221      7EDE7EBC 
 222 02cb 24CFD3ED 		.ascii	"$\317\323\355\374\0113\0261\005EeB\251@\250\235\232"
 222      FC093316 
 222      31054565 
 222      42A940A8 
 222      9D9A
 223 02dd A6A08A52 		.ascii	"\246\240\212RB'\252*aS\323\317O \240\204TO&\252\212"
 223      4227AA2A 
 223      6153D3CF 
 223      4F20A084 
 223      544F26AA 
 224 02f2 524C238A 		.ascii	"RL#\212&\23620=Q\025)0EMA\215\240\300\304\240C\205\012"
 224      269E3230 
 224      3D511529 
 224      30454D41 
 224      8DA0C0C4 
 225 030a 080E2CB8 		.ascii	"\010\016,\270\220@A\006\016\033\204U\305\020TE\247\252"
 225      90404106 
 225      0E1B8455 
ARM GAS  /tmp/cc7cvpAw.s 			page 17


 225      C5105445 
 225      A7AA
 226 031c 270BC211 		.ascii	"'\013\302\021OPSE\020\302')\022\"\204\023\216W/;\206"
 226      4F505345 
 226      10C22729 
 226      12228413 
 226      8E572F3B 
 227 0331 212EC2E0 		.ascii	"!.\302\340\2564\216ym\036j\013\236\036\241\240\025j"
 227      AE348E79 
 227      6D1E6A0B 
 227      9E1EA1A0 
 227      156A
 228 0343 33515904 		.ascii	"3QY\004\355\333\200:p\376[\035\340\376p\210\205\245"
 228      EDDB803A 
 228      70FE5B1D 
 228      E0FE7088 
 228      85A5
 229 0355 A5C5FD6C 		.ascii	"\245\305\375l\036*\326\016\000\242\241%b3QU\014\355"
 229      1E2AD60E 
 229      00A2A125 
 229      62335155 
 229      0CED
 230 0367 D974721C 		.ascii	"\331tr\034\347Q\246osz\353[2\216\313\201\333\323\342"
 230      E751A66F 
 230      737AEB5B 
 230      328ECB81 
 230      DBD3E2
 231 037a 60CDC3BF 		.ascii	"`\315\303\277\371\371\010(Z\001k&\276M\321~-\207w)\337"
 231      F9F90828 
 231      5A016B26 
 231      BE4DD17E 
 231      2D877729 
 232 038f 2D4FB7BB 		.ascii	"-O\267\273U\322\202su\346\300\325\351\015\261\240\232"
 232      55D28273 
 232      75E6C0D5 
 232      E90DB1A0 
 232      9A
 233 03a0 875FE3FB 		.ascii	"\207_\343\373\011\032mP\315\304\2471\332\253\365r\346"
 233      091A6D50 
 233      CDC4A731 
 233      DAABF572 
 233      E6
 234 03b1 E69608CC 		.ascii	"\346\226\010\314\216\231t\345\000\232\2077\303\003B"
 234      8E9974E5 
 234      009A8737 
 234      C30342
 235 03c0 3A0A80AE 		.ascii	":\012\200\256\250!@\206\025D2\"\"\012\222$\205\014\007"
 235      A8214086 
 235      15443222 
 235      220A9224 
 235      850C07
 236 03d3 20031119 		.ascii	" \003\021\031\3256\022\300\202@Itp\343\0045A\005\205"
 236      D53612C0 
 236      82404974 
 236      70E30435 
 236      410585
 237 03e6 CA3F0700 		.ascii	"\312?\007\000\343\302Z\215j\227\225\200\301\225\000"
ARM GAS  /tmp/cc7cvpAw.s 			page 18


 237      E3C25A8D 
 237      6A979580 
 237      C19500
 238 03f5 B8380E71 		.ascii	"\2708\016q\331\320FF\352j=2\271\0351\320F\340$gH\355"
 238      D9D04646 
 238      EA6A3D32 
 238      B91D31D0 
 238      46E02467 
 239 040b 6E592C6D 		.ascii	"nY,mA\037W\013\2520\033_\033\026\325\256\2645R\326u"
 239      411F570B 
 239      AA301B5F 
 239      1B16D5AE 
 239      B43552D6 
 240 0420 A486B2E8 		.ascii	"\244\206\262\350E\263\344\257I\347\310\224\221l\010"
 240      45B3E4AF 
 240      49E7C894 
 240      916C08
 241 042f 9385E736 		.ascii	"\223\205\3476Dh\231-z\302=laIW\332\232\311,\332\204"
 241      4468992D 
 241      7AC23D6C 
 241      614957DA 
 241      9AC92CDA 
 242 0444 5386BE0C 		.ascii	"S\206\276\014\227K,\3535\206\217\370\030\030\222Xm\243"
 242      974B2CEB 
 242      35868FF8 
 242      18189258 
 242      6DA3
 243 0456 2C72B6E9 		.ascii	",r\266\3514`\270~\333\324\326\263\3066g\351G\324\337"
 243      3460B87E 
 243      DBD4D6B3 
 243      C63667E9 
 243      47D4DF
 244 0469 D9E990BE 		.ascii	"\331\351\220\2766\006\035\351!)\237j\277\264\223\316"
 244      36061DE9 
 244      21299F6A 
 244      BFB493CE 
 245 0479 E655561E 		.ascii	"\346UV\036\010\254\332\327Fix\240;\242\204D\321\261"
 245      08ACDAD7 
 245      466978A0 
 245      3BA28444 
 245      D1B1
 246 048b 763DEC5E 		.ascii	"v=\354^\314\240\357\274\202\273\003\3470\015\262\303"
 246      CCA0EFBC 
 246      82BB03E7 
 246      300DB2C3 
 247 049b 0EAB4276 		.ascii	"\016\253Bv\233\321\322{\232>\202\177\307\332\320\037"
 247      9BD1D27B 
 247      9A3E827F 
 247      C7DAD01F 
 248 04ab C62618D3 		.ascii	"\306&\030\323\005\261\270\021nJ\3109\241\202O/\303\245"
 248      05B1B811 
 248      6E4AC839 
 248      A1824F2F 
 248      C3A5
 249 04bd 9B9E2182 		.ascii	"\233\236!\202O/\307\244\334q\265!\377\257\275\204\352"
 249      4F2FC7A4 
 249      DC71B521 
ARM GAS  /tmp/cc7cvpAw.s 			page 19


 249      FFAFBD84 
 249      EA
 250 04ce 5436481C 		.ascii	"T6H\034E\031\016N=\031\020\307\2165\021\241CRX\275\376"
 250      45190E4E 
 250      3D1910C7 
 250      8E3511A1 
 250      435258BD 
 251 04e3 01       		.ascii	"\001"
 252              		.text
 253              		.section	.gnu.lto_main.141.30e8380fc6ef75df,"e",%progbits
 254 0000 28B52FFD 		.ascii	"(\265/\375`\207\0055\"\000\226}\325G\220\232Nc\004\230"
 254      60870535 
 254      2200967D 
 254      D547909A 
 254      4E630498 
 255 0014 50AF6ADD 		.ascii	"P\257j\335\376FlJE\371\206\210Z\255f\343\267\305\254"
 255      FE466C4A 
 255      45F98688 
 255      5AAD66E3 
 255      B7C5AC
 256 0027 FD83FAE4 		.ascii	"\375\203\372\344\245\036\256e\006\343\266\363\212\300"
 256      A51EAE65 
 256      06E3B6F3 
 256      8AC0
 257 0035 F21B1A19 		.ascii	"\362\033\032\031\000\002\371\221\033++\304\300\204\222"
 257      0002F991 
 257      1B2B2BC4 
 257      C08492
 258 0044 F46FBFA2 		.ascii	"\364o\277\242sO\310\313TZ\322\233\354\275\245L)\274"
 258      734FC8CB 
 258      545AD29B 
 258      ECBDA54C 
 258      29BC
 259 0056 00B600CA 		.ascii	"\000\266\000\312\000\227\347\246\205P\256#O|\313\001"
 259      0097E7A6 
 259      8550AE23 
 259      4F7CCB01 
 260 0066 8627EC03 		.ascii	"\206'\354\003\371\021\305\267l\241\322\2336\012;\275"
 260      F911C5B7 
 260      6CA1D29B 
 260      360A3BBD 
 261 0076 696D263B 		.ascii	"im&;\375\217k1\331ee\362\312\3526hXq\022s\357\335\345"
 261      FD8F6B31 
 261      D96565F2 
 261      CAEA3668 
 261      58711273 
 262 008d FCE6BC59 		.ascii	"\374\346\274Y^\300y\323\326\260K\333\267\363e\362\306"
 262      5EC079D3 
 262      D6B04BDB 
 262      B7F365F2 
 262      C6
 263 009e D99A4CCF 		.ascii	"\331\232L\317\341\320\333i\246\272\322V&\337\370\002"
 263      E1D0DB69 
 263      A6BAD256 
 263      26DFF802 
 264 00ae 3CC48459 		.ascii	"<\304\204YT\317\225\270\251%]\257\022%\243\374A\303"
 264      54CF95B8 
ARM GAS  /tmp/cc7cvpAw.s 			page 20


 264      A9255DAF 
 264      1225A3FC 
 264      41C3
 265 00c0 42DECBA9 		.ascii	"B\336\313\251\342tnL\3058:d!\365ToYU?\303^\327\322\262"
 265      E2746E4C 
 265      C5383A64 
 265      21F5546F 
 265      59553FC3 
 266 00d8 C4884855 		.ascii	"\304\210HU\335\2541\236\326d\275\270\256\2749\271\300"
 266      DDAC319E 
 266      D664BDB8 
 266      AEBC39B9 
 266      C0
 267 00e9 7A95A819 		.ascii	"z\225\250\031e\0032ic7^gG\224U-_\334\036\371\002\303"
 267      65033269 
 267      63375E67 
 267      4794552D 
 267      5FDC1EF9 
 268 00ff 273DD688 		.ascii	"'=\326\210HQ\275\336\036\334{]\205RS7\200\333\327\331"
 268      4851BDDE 
 268      1EDC7B5D 
 268      85525337 
 268      80DBD7D9 
 269 0113 EED9662E 		.ascii	"\356\331f.\367\022}\311\206\241\02314fmm^\276s\376\350"
 269      F7127DC9 
 269      86A11331 
 269      34666D6D 
 269      5EBE73FE 
 270 0128 DE91F874 		.ascii	"\336\221\370tW\367\326\370\361\215\374\310\317\317q"
 270      57F7D6F8 
 270      F18DFCC8 
 270      CFCF71
 271 0137 F3BEA8E8 		.ascii	"\363\276\250\350\274\231ahD+\347\336{\340\364\205|\310"
 271      BC996168 
 271      442BE7DE 
 271      7BE0F485 
 271      7CC8
 272 0149 91CE7394 		.ascii	"\221\316s\224w\305\245\361\2443\351\274\371\343\017"
 272      77C5A5F1 
 272      A433E9BC 
 272      F9E30F
 273 0158 9099F9D2 		.ascii	"\220\231\371\322q\374\342U\331|\253\366R\211z\241u\306"
 273      71FCE255 
 273      D97CABF6 
 273      52897AA1 
 273      75C6
 274 016a 33603563 		.ascii	"3`5c'\201\325\026\355\344}\272feK\264ql\365\215\315"
 274      2781D516 
 274      EDE47DBA 
 274      66654BB4 
 274      716CF58D 
 275 017f C16EDDBB 		.ascii	"\301n\335\273\356\324V\347l5\316V\243\266\372f\253O"
 275      EED456E7 
 275      6C35CE56 
 275      A3B6FA66 
 275      AB4F
 276 0191 5B6DDAEA 		.ascii	"[m\332\352\262\254\266\266\272\332\352\347\230fU\236"
ARM GAS  /tmp/cc7cvpAw.s 			page 21


 276      B2ACB6B6 
 276      BADAEAE7 
 276      9866559E 
 277 01a1 82EC5E17 		.ascii	"\202\354^\027men\322\034\323q\260\277\353\325\376\362"
 277      6D656ED2 
 277      1CD371B0 
 277      BFEBD5FE 
 277      F2
 278 01b2 C39C82B9 		.ascii	"\303\234\202\271,\247\251\346\006\241\270\206\320o\371"
 278      2CA7A9E6 
 278      06A1B886 
 278      D06FF9
 279 01c1 5EEF7259 		.ascii	"^\357rYy\205\2148\036\323\356\015\266h\275\\\250\006"
 279      79858C38 
 279      1ED3EE0D 
 279      B668BD5C 
 279      A806
 280 01d3 E5A7BDD9 		.ascii	"\345\247\275\331\007a\004\275\213O\007=\355\275^q\020"
 280      076104BD 
 280      8B4F073D 
 280      EDBD5E71 
 280      10
 281 01e4 C734B822 		.ascii	"\3074\270\"\223f\332\242\237Z\242\177\027)3\004\212"
 281      9366DAA2 
 281      9F5AA27F 
 281      17293304 
 281      8A
 282 01f5 CE12399C 		.ascii	"\316\0229\234\246U\372\332\322T\303\330\264\\l\256\356"
 282      A655FADA 
 282      D254C3D8 
 282      B45C6CAE 
 282      EE
 283 0206 BD158C50 		.ascii	"\275\025\214P\255\264\246-\315\236\324TT6[[\332\007"
 283      ADB4A62D 
 283      CD9ED454 
 283      54365B5B 
 283      DA07
 284 0218 CFA8F8CE 		.ascii	"\317\250\370\316Y\255\265%Zp\014X\331\214\332j\317\260"
 284      59ADB525 
 284      5A700C58 
 284      D98CDA6A 
 284      CFB0
 285 022a E010680C 		.ascii	"\340\020h\014\327\342C\261<\213\006\364\336{\225\334"
 285      D7E243B1 
 285      3C8B06F4 
 285      DE7B95DC 
 286 023a 0B09D91B 		.ascii	"\013\011\331\033_\243X\001[\004\341\362\252lw2\305\335"
 286      5FA35801 
 286      5B04E1F2 
 286      AA6C7732 
 286      C5DD
 287 024c 048BAB49 		.ascii	"\004\213\253Iy\\\326\2272\326\026\223+\2763t+\016\206"
 287      795CD697 
 287      32D61693 
 287      2BBE3374 
 287      2B0E86
 288 025f 60B4CE2B 		.ascii	"`\264\316+\347p\036\351\016?\363\351\264L9\025\017M"
ARM GAS  /tmp/cc7cvpAw.s 			page 22


 288      E7701EE9 
 288      0E3FF3E9 
 288      B44C3915 
 288      0F4D
 289 0271 57F71F3E 		.ascii	"W\367\037> _\301\012T\022\241Z\000d[[\233\02424\020"
 289      205FC10A 
 289      5412A15A 
 289      00645B5B 
 289      9B143234 
 290 0286 7FE243C9 		.ascii	"\177\342C\311\242\316!\227'\357m\342\235\311\025\237"
 290      A2CE2197 
 290      27EF6DE2 
 290      9DC9159F 
 291 0296 DD1681F4 		.ascii	"\335\026\201\3643\361\337M\344\203\364\343\035\355\210"
 291      33F1DF4D 
 291      E483F4E3 
 291      1DED88
 292 02a5 9496763E 		.ascii	"\224\226v>>4\356\205\370\355\224z$\226xG=F<\022\275"
 292      3E34EE85 
 292      F8ED947A 
 292      24967847 
 292      3D463C12 
 293 02ba A09E9E12 		.ascii	"\240\236\236\022/BO\021\322\317(B\317\317\020\020P\002"
 293      2F424F11 
 293      D2CF2842 
 293      CFCF1010 
 293      5002
 294 02cc 040C2828 		.ascii	"\004\014((X\020\264Ah\267\304\363)\361\210\226z\022"
 294      5810B441 
 294      68B7C4F3 
 294      29F18896 
 294      7A12
 295 02de 7646BD1F 		.ascii	"vF\275\037\022/\304\256w\224$b\007\341\226hO\270\361"
 295      122FC4AE 
 295      77942462 
 295      07E19668 
 295      4FB8F1
 296 02f1 4355395B 		.ascii	"CU9[\364M\006jc\355\226\364\274\313\316\224\347\251"
 296      F44D066A 
 296      63ED96F4 
 296      BCCBCE94 
 296      E7A9
 297 0303 BD8FAF2D 		.ascii	"\275\217\257-\356\212\322\005\015\347\363\324\332\030"
 297      EE8AD205 
 297      0DE7F3D4 
 297      DA18
 298 0311 A0CA5251 		.ascii	"\240\312RQ[t=ql5y\256\263A\333&p\227\235:\013d\326T"
 298      5B743D71 
 298      6C3579AE 
 298      B341DB26 
 298      70979D3A 
 299 0329 C3BCBCD9 		.ascii	"\303\274\274\331\242\355\234\305\271\2618\233\263\177"
 299      A2ED9CC5 
 299      B9B1389B 
 299      B37F
 300 0337 22022B9B 		.ascii	"\"\002+\233u\026WsK9Q{c\377t\246\302\301\254\375\213"
 300      75165773 
ARM GAS  /tmp/cc7cvpAw.s 			page 23


 300      4B39517B 
 300      63FF74A6 
 300      C2C1ACFD 
 301 034c 059A0B4C 		.ascii	"\005\232\013LF\375\302\205\363&j\037\366\001E\243\265"
 301      46FDC285 
 301      F3266A1F 
 301      F60145A3 
 301      B5
 302 035d 62644E53 		.ascii	"bdNSgr\250q,\002\235D\206F\202\021\0113\005\3115\220"
 302      6772A871 
 302      2C029D44 
 302      86468211 
 302      093305C9 
 303 0373 029131A3 		.ascii	"\002\2211\243n\020H\307\244$I\245\003\020\\\231YCj\212"
 303      6E1048C7 
 303      A42449A5 
 303      03105C99 
 303      59436A8A 
 304 0387 F72DD6EE 		.ascii	"\367-\326\356e`bA\013\177-fg\000#\031\210\201\373\235"
 304      65606241 
 304      0B7F2D66 
 304      67002319 
 304      8881FB9D 
 305 039b CF0065C5 		.ascii	"\317\000e\305\266\263\270`a\031\005\317\311\\\306Az"
 305      B6B3B860 
 305      611905CF 
 305      C95CC641 
 305      7A
 306 03ac 5F1A4F4C 		.ascii	"_\032OL\240\010\324Er\372U\015\376y\255\370[\245\214"
 306      A008D445 
 306      72FA550D 
 306      FE79ADF8 
 306      5BA58C
 307 03bf 01376BF9 		.ascii	"\0017k\371D\312_\265x\252[\352\306\317\206\233\310\222"
 307      44CA5FB5 
 307      78AA5BEA 
 307      C6CF869B 
 307      C892
 308 03d1 BA9EC750 		.ascii	"\272\236\307P\277%M:\021!r\264\214\371\330\322\374\240"
 308      BF254D3A 
 308      112172B4 
 308      8CF9D8D2 
 308      FCA0
 309 03e3 693822C9 		.ascii	"i8\"\311\370\230\365\351.\354\203]\014\3478\247'\304"
 309      F898F5E9 
 309      2EEC835D 
 309      0CE738A7 
 309      27C4
 310 03f5 82E50321 		.ascii	"\202\345\003!\375\240\210\274\221p\315\322\227E?\206"
 310      FDA088BC 
 310      9170CDD2 
 310      97453F86 
 311 0405 28F8B0F3 		.ascii	"(\370\260\363\213IA:\354\221\031\254\224_\205\211i\372"
 311      8B49413A 
 311      EC9119AC 
 311      945F8589 
 311      69FA
ARM GAS  /tmp/cc7cvpAw.s 			page 24


 312 0417 0ABA007F 		.ascii	"\012\272\000\177\032r\014\303\232g\0250y\202\201\304"
 312      1A720CC3 
 312      9A671530 
 312      798281C4 
 313 0427 403ABB03 		.ascii	"@:\273\003\306\354n(\004{\214\010\003\233\312\360\376"
 313      C6EC6E28 
 313      047B8C08 
 313      039BCAF0 
 313      FE
 314 0438 08DE9B11 		.ascii	"\010\336\233\0217\332\232\244\247\357V\214\237\251\246"
 314      37DA9AA4 
 314      A7EF568C 
 314      9FA9A6
 315 0447 77846191 		.ascii	"w\204a\221@\310\027\356T"
 315      40C817EE 
 315      54
 316              		.text
 317              		.section	.gnu.lto_.symbol_nodes.30e8380fc6ef75df,"e",%progbits
 318 0000 28B52FFD 		.ascii	"(\265/\375 \271M\003\000\324\004\265\000\000\000\000"
 318      20B94D03 
 318      00D404B5 
 318      00000000 
 319 0010 0288017F 		.ascii	"\002\210\001\177\025\360\372\2508\001\220\316\000\000"
 319      15F0FAA8 
 319      380190CE 
 319      0000
 320 001e 7F0000B9 		.ascii	"\177\000\000\271\200\201\201\200\003\211\001\177\026"
 320      80818180 
 320      0389017F 
 320      16
 321 002b 8C017F17 		.ascii	"\214\001\177\027\215\001\177\030\234\363\013\272\200"
 321      8D017F18 
 321      9CF30BBA 
 321      80
 322 0038 C1020000 		.ascii	"\301\002\000\000\000\003\002\000\242\001\007\202\017"
 322      00030200 
 322      A2010782 
 322      0F
 323 0045 1317E21A 		.ascii	"\023\027\342\032\003\003\001\"\003\003\002\374\364\261"
 323      03030122 
 323      030302FC 
 323      F4B1
 324 0053 0901C20F 		.ascii	"\011\001\302\017\000\013\000T\010\012\010\003E\200\202"
 324      000B0054 
 324      080A0803 
 324      458082
 325 0062 80B05635 		.ascii	"\200\260V53n\207\002a\200B\200\022:\230N"
 325      336E8702 
 325      61804280 
 325      123A984E 
 326              		.text
 327              		.section	.gnu.lto_.refs.30e8380fc6ef75df,"e",%progbits
 328 0000 28B52FFD 		.ascii	"(\265/\375 \005)\000\000\001\000\000\000\000"
 328      20052900 
 328      00010000 
 328      0000
 329              		.text
ARM GAS  /tmp/cc7cvpAw.s 			page 25


 330              		.section	.gnu.lto_.decls.30e8380fc6ef75df,"e",%progbits
 331 0000 28B52FFD 		.ascii	"(\265/\375`\006\035\205u\000J\275\300)Q@\314\312I\007"
 331      60061D85 
 331      75004ABD 
 331      C0295140 
 331      CCCA4907 
 332 0014 0B344130 		.ascii	"\0134A0N,\244~\377\027\275\303#\260#jl\307\216!/jzT"
 332      4E2CA47E 
 332      FF17BDC3 
 332      23B0236A 
 332      6CC78E21 
 333 002c E81DC7A8 		.ascii	"\350\035\307\250\272F\314\236\375\012w\363\304\032<"
 333      BA46CC9E 
 333      FD0A77F3 
 333      C41A3C
 334 003b E74E20F4 		.ascii	"\347N \364\037`\367\353Z\031gh\\H\015\354\334\352c\261"
 334      1F60F7EB 
 334      5A196768 
 334      5C480DEC 
 334      DCEA63B1 
 335 004f 4E87CAFF 		.ascii	"N\207\312\377B\251\336\031\231\260~\334M\332\336[\246"
 335      42A9DE19 
 335      99B07EDC 
 335      4DDADE5B 
 335      A6
 336 0060 36028C02 		.ascii	"6\002\214\002\215\002\365F\227]\305\251^\355\327t\331"
 336      8D02F546 
 336      975DC5A9 
 336      5EEDD774 
 336      D9
 337 0071 0B8E4DA3 		.ascii	"\013\216M\243p\367W\247\334\376j~\203\213\3633\201\255"
 337      70F757A7 
 337      DCFE6A7E 
 337      838BF333 
 337      81AD
 338 0083 DF904766 		.ascii	"\337\220Gf\316\271\337T\257\356\353\262\035*\236le#"
 338      CEB9DF54 
 338      AFEEEBB2 
 338      1D2A9E6C 
 338      6523
 339 0095 0C73430F 		.ascii	"\014sC\017.\213k\343Eto\321pNn\015g'\355\025|K\206o"
 339      2E8B6BE3 
 339      45746FD1 
 339      704E6E0D 
 339      6727ED15 
 340 00ad C5F0ED13 		.ascii	"\305\360\355\023|\253\004\337\026\301\267>\360\255\022"
 340      7CAB04DF 
 340      16C1B73E 
 340      F0AD12
 341 00bc DF1EF1EB 		.ascii	"\337\036\361\353\037\346\320\006wH\203_\353\360\207"
 341      1FE6D006 
 341      7748835F 
 341      EBF087
 342 00cb 30F8750D 		.ascii	"0\370u\015\217\310\202_\315\360\3230\3743&\370\325\010"
 342      8FC8825F 
 342      CDF0D330 
 342      FC3326F8 
ARM GAS  /tmp/cc7cvpAw.s 			page 26


 342      D508
 343 00dd 7E5AF581 		.ascii	"~Z\365\201_\225\370l\325\012\277\343\340\313\235\200"
 343      5F95F86C 
 343      D50ABFE3 
 343      E0CB9D80 
 344 00ed 6FA706BF 		.ascii	"o\247\006\277\317\340\3535]\313Q5]\2164d\365\002\011"
 344      CFE0EB35 
 344      5DCB5135 
 344      5D8E3464 
 344      F50209
 345 0100 DF632C68 		.ascii	"\337c,h\315\251\251\223\303O[\303y\276v\303\357.\270"
 345      CDA9A993 
 345      C34F5BC3 
 345      79BE76C3 
 345      EF2EB8
 346 0113 73BFB9D5 		.ascii	"s\277\271\325e&\000C\224$\314\273zS\014:rc\360\226\324"
 346      65260043 
 346      9424CCBB 
 346      7A530C3A 
 346      7263F096 
 347 0128 2B14BEDB 		.ascii	"+\024\276\333\002\310\241J3\206`\026\0310\310*\270\217"
 347      02C8A14A 
 347      33866016 
 347      1930C82A 
 347      B88F
 348 013a 2558387E 		.ascii	"%X8~xS\365\366\227\015\030\226e\224m\352}C\301\3023"
 348      7853F5F6 
 348      970D1896 
 348      65946DEA 
 348      7D43C1C2 
 349 014f 64142DE1 		.ascii	"d\024-\341\025\034]\332Kki.\275\245\325z\255\323Nk\264"
 349      151C5DDA 
 349      4B6B692E 
 349      BDA5D57A 
 349      ADD34E6B 
 350 0164 DF3467AA 		.ascii	"\3374g\252\234\263X\026\037\015V%\253i\245\313:=\203"
 350      9CB35816 
 350      1F0D5625 
 350      AB69A5CB 
 350      3A3D83
 351 0177 D1048B99 		.ascii	"\321\004\213\231\363\334\203:\255\315\272\314N%\263"
 351      F3DC833A 
 351      ADCDBACC 
 351      4E25B3
 352 0186 150D6503 		.ascii	"\025\015e\003#`\305\201\303\227\363\\OO\317\206\236"
 352      2360C581 
 352      C397F35C 
 352      4F4FCF86 
 352      9E
 353 0197 9E9E1E9D 		.ascii	"\236\236\036\235.EL8\303s?\002\267\\k8\021\000\201\017"
 353      2E454C38 
 353      C3733F02 
 353      B75C6B38 
 353      1100810F 
 354 01ab 84EF83DF 		.ascii	"\204\357\203\337\203\261\003\270\245\364\224N;4\225"
 354      83B103B8 
 354      A5F4944E 
ARM GAS  /tmp/cc7cvpAw.s 			page 27


 354      3B3495
 355 01ba E750A572 		.ascii	"\347P\245r\030\354W\233V\262\336'\200+\0303\210\237"
 355      18EC579B 
 355      56B2DE27 
 355      802B1833 
 355      889F
 356 01cc F8DDE1C4 		.ascii	"\370\335\341\304\320\035\316W\314\323\001\234\033:\200"
 356      D01DCE57 
 356      CCD3019C 
 356      1B3A80
 357 01db 134A8375 		.ascii	"\023J\203u\270e\313\254\227s\232\301G\351&\204z9\264"
 357      B865CBAC 
 357      97739AC1 
 357      47E92684 
 357      7A39B4
 358 01ee 86F37600 		.ascii	"\206\363v\000\347\330\226\377Z\242\374\035\366\267\330"
 358      E7D896FF 
 358      5AA2FC1D 
 358      F6B7D8
 359 01fd DF646B7A 		.ascii	"\337dkz\177\253\301\373\333\314\025\370\355WZ\335\017"
 359      7FABC1FB 
 359      DBCC15F8 
 359      ED575ADD 
 359      0F
 360 020e C06F95FC 		.ascii	"\300o\225\374\275\374{\353\357!\016\374\235\\\361\367"
 360      BDFC7BEB 
 360      EF210EFC 
 360      9D5CF1F7 
 361 021e D3DF1BFC 		.ascii	"\323\337\033\374\235\301\337\036\374\355\364?\206\001"
 361      9DC1DF1E 
 361      FCEDF43F 
 361      8601
 362 022c 7F0B1BF8 		.ascii	"\177\013\033\370\033\202\277\005\370;\303\337\003\374"
 362      1B82BF05 
 362      F83BC3DF 
 362      03FC
 363 023a BDF3067E 		.ascii	"\275\363\006~\333\365?\355\277\227&\363\377\201\277"
 363      DBF53FED 
 363      BF9726F3 
 363      FF81BF
 364 0249 C3D0FD3D 		.ascii	"\303\320\375=w\013\277%\362w\333\337`\376V\373\333\353"
 364      770BBF25 
 364      F277DBDF 
 364      60FE56FB 
 364      DBEB
 365 025b 6FB3BF8F 		.ascii	"o\263\277\217\374\235\365\267\320\337>\177\037\377S"
 365      FC9DF5B7 
 365      D0DF3E7F 
 365      1FFF53
 366 026a F9FFE56F 		.ascii	"\371\377\345o,\377\021\370\373\354\357\346\337I\376"
 366      2CFF11F8 
 366      FBECEFE6 
 366      DF49FE
 367 0279 16E1EF1E 		.ascii	"\026\341\357\036\177_\375\015\342\357\237\377%\374\007"
 367      7F5FFD0D 
 367      E2EF9FFF 
 367      25FC07
ARM GAS  /tmp/cc7cvpAw.s 			page 28


 368 0288 FB5FC0FF 		.ascii	"\373_\300\377\265\377\300\277\277\277\277\277\356\374"
 368      B5FFC0BF 
 368      BFBFBFBF 
 368      EEFC
 369 0296 57819F00 		.ascii	"W\201\237\000-\001\247\016\334\371\304\302?k\340\237"
 369      2D01A70E 
 369      DCF9C4C2 
 369      3F6BE09F 
 370 02a6 555A3DEA 		.ascii	"UZ=\352\\\323\207]\2756\313\302\336\223\024\336\370"
 370      5CD3875D 
 370      BD36CBC2 
 370      DE9314DE 
 370      F8
 371 02b7 30D61512 		.ascii	"0\326\025\022\033W]\310+ }v%\244^qY\0366\004\013\202"
 371      1B575DC8 
 371      2B207D76 
 371      25A45E71 
 371      591E3604 
 372 02cd D5619376 		.ascii	"\325a\223v\207Uvjs\340\370as\330\033WA\200:\374v\034"
 372      8755766A 
 372      73E0F861 
 372      73D81B57 
 372      41803AFC 
 373 02e3 79EE817B 		.ascii	"y\356\201{\370\3004\370@;|\240\034>\320\015\377\266"
 373      F8C034F8 
 373      403B7CA0 
 373      1C3ED00D 
 373      FFB6
 374 02f5 86BDCA6B 		.ascii	"\206\275\312k#b\244^{\014\216\321C\326\325{ \027\354"
 374      2362A45E 
 374      7B0C8ED1 
 374      43D6D57B 
 374      2017EC
 375 0308 864BD89A 		.ascii	"\206K\330\232,Q\230f\314\266\220)Cr\251V\272\254\206"
 375      2C519866 
 375      CCB69029 
 375      4372A956 
 375      BAAC86
 376 031b 1234BD35 		.ascii	"\0224\2755l\355f\247\222\027\254\220R\364\202R6(`H;"
 376      6CED66A7 
 376      9217AC90 
 376      52F48252 
 376      36286048 
 377 0330 13B8C8DA 		.ascii	"\023\270\310\332\330l\021kC\006\301\202$\213\202\204"
 377      D86C116B 
 377      4306C182 
 377      248B8284 
 378 0340 4B637257 		.ascii	"KcrW%\213X\334\337\027\244W\02706Z\220cg\3103;\233+"
 378      258B58DC 
 378      DF17A457 
 378      1730365A 
 378      906367C8 
 379 0358 99EAA6D6 		.ascii	"\231\352\246\326\3257u\257\212\251~v\252\246\261T\226"
 379      D53775AF 
 379      8AA97E76 
 379      AAA6B154 
 379      96
ARM GAS  /tmp/cc7cvpAw.s 			page 29


 380 0369 46CDAB7C 		.ascii	"F\315\253|vF\035SO\250p\352\2345\332\252\312\246\306"
 380      76461D53 
 380      4FA870EA 
 380      9C35DAAA 
 380      CAA6C6
 381 037c B156B54D 		.ascii	"\261V\265MM\241\342U\272*WQ\250zUM\375\253w\265\257"
 381      4DA1E255 
 381      BA2A5751 
 381      A87A554D 
 381      FDAB77B5 
 382 0391 96A9672A 		.ascii	"\226\251g*\232j\246\323\272\346\257p5\014\234\024\344"
 382      9A6AA6D3 
 382      BAE6AF70 
 382      350C9C14 
 382      E4
 383 03a2 5B094824 		.ascii	"[\011H$M-b`\220]T\220]\372\212\2177j\310%W?\306\330"
 383      4D2D6260 
 383      905D5490 
 383      5DFA8A8F 
 383      376AC825 
 384 03ba 84408943 		.ascii	"\204@\211C\336\275i5\335\200\2300\026&\014)\306\013"
 384      DEBD6935 
 384      DD809830 
 384      16260C29 
 384      C60B
 385 03cc 52099A2B 		.ascii	"R\011\232+X\362\320\246\304YC&YS\247\27017\344l\301"
 385      58F2D0A6 
 385      C4594326 
 385      5953A7B8 
 385      3137E46C 
 386 03e1 5D7DA1F7 		.ascii	"]}\241\367\300+Xg\011l\342\003S|\340\030>\360\011>\220"
 386      C02B5867 
 386      096CE203 
 386      537CE018 
 386      3EF0093E 
 387 03f6 093E900B 		.ascii	"\011>\220\013\0378\004\037\010\004\037\330\003\037\230"
 387      1F38041F 
 387      08041FD8 
 387      031F98
 388 0405 031F88C4 		.ascii	"\003\037\210\304\007\036\361\201F\374\033\007\377\272"
 388      071EF181 
 388      46FC1B07 
 388      FFBA
 389 0413 C1BF6AF0 		.ascii	"\301\277j\360o\035\376\025\203\177\333\360\357\032\376"
 389      6F1DFE15 
 389      837FDBF0 
 389      EF1AFE
 390 0422 DD827FAF 		.ascii	"\335\202\177\257\340_*\370w\014\377:\301\277L\360o\027"
 390      E05F2AF8 
 390      770CFF3A 
 390      C1BF4CF0 
 390      6F17
 391 0434 FEDDC2BF 		.ascii	"\376\335\302\277>\360\257\016\374\213\304\277U\370\366"
 391      3EF0AF0E 
 391      FC8BC4BF 
 391      55F8F6
 392 0443 0FDFF2E1 		.ascii	"\017\337\362\341\333=|{\006wV}\342\244\363\222\370\245"
ARM GAS  /tmp/cc7cvpAw.s 			page 30


 392      DB3D7C7B 
 392      0677567D 
 392      E2A4F392 
 392      F8A5
 393 0455 F5561270 		.ascii	"\365V\022p\023\036Z\356\342p\223:B\247\365K\370U\257"
 393      131E5AEE 
 393      E270933A 
 393      42A7F54B 
 393      F855AF
 394 0468 C0BEBA2E 		.ascii	"\300\276\272.lCO\217\216\331\033\036\"\234\367\257\314"
 394      6C434F8F 
 394      8ED91B1E 
 394      229CF7AF 
 394      CC
 395 0479 CA64C70D 		.ascii	"\312d\307\015\335\022/\365\326%\375uB\332V\275\267^"
 395      DD122FF5 
 395      D625FD75 
 395      42DA56BD 
 395      B75E
 396 048b 309A3479 		.ascii	"0\2324ywgR`\346\\uT\034\325H\305\252\\\265H\365QC\250"
 396      77675260 
 396      E65C7554 
 396      1CD548C5 
 396      AA5CB548 
 397 04a3 49AA90AA 		.ascii	"I\252\220\252\244\036\251]\025H\355Qw\324\034u\253\376"
 397      A41EA95D 
 397      1548ED51 
 397      77D41C75 
 397      ABFE
 398 04b5 A83C2AB2 		.ascii	"\250<*\262\202P\223UY\203\324e\325\252YuH\025\241\""
 398      82509355 
 398      5983D465 
 398      D5AA5975 
 398      4815A122 
 399 04c9 A9443AAD 		.ascii	"\251D:\255^\177\255Qm\010\217Y\362\364\322\210\231\213"
 399      5E7FAD51 
 399      6D088F59 
 399      F2F4D288 
 399      998B
 400 04db D3AC565A 		.ascii	"\323\254VZ\320\264\0325p\035\346\217L\327\365\011\353"
 400      D0B41A35 
 400      701DE68F 
 400      4CD7F509 
 400      EB
 401 04ec 159A9BE6 		.ascii	"\025\232\233\346\263k\260\252-bu\006\333]\343\361\211"
 401      B36BB0AA 
 401      2D627506 
 401      DB5DE3F1 
 401      89
 402 04fd 5563BBB5 		.ascii	"Uc\273\2651sN\363\366\320\270\351\024l\210!S\006\316"
 402      31734EF3 
 402      F6D0B8E9 
 402      146C8821 
 402      5306CE
 403 0510 18958D2E 		.ascii	"\030\225\215.kN\300\033\2534\270\274i86\342\314\330"
 403      6B4EC01B 
 403      AB34B8BC 
ARM GAS  /tmp/cc7cvpAw.s 			page 31


 403      693836E2 
 403      CCD8
 404 0522 BD69B06E 		.ascii	"\275i\260ns&\026\316\306-\320\227\263\261\233\001\014"
 404      732616CE 
 404      C62DD097 
 404      B3B19B01 
 404      0C
 405 0533 DD0CDCBA 		.ascii	"\335\014\334\272\"v\\\347}\320\015~P\217\215\315\266"
 405      22765CE7 
 405      7DD00D7E 
 405      508F8DCD 
 405      B6
 406 0544 DD5C434B 		.ascii	"\335\\CK/g\201u\300p\254\334\372\352m\203\013:Q{C\206"
 406      2F678175 
 406      C070ACDC 
 406      FAEA6D83 
 406      0B3A517B 
 407 055a 07064C3A 		.ascii	"\007\006L:\202\351\307\007\026T[[\263_n\232\263\221"
 407      82E9C707 
 407      16545B5B 
 407      B35F6E9A 
 407      B391
 408 056c 275BCD68 		.ascii	"'[\315hc~\357\366\2135\203\343\353:\303\267Y\254\226"
 408      637EEFF6 
 408      8B3583E3 
 408      EB3AC3B7 
 408      59AC96
 409 057f DB2D4FED 		.ascii	"\333-O\355\026\253v\224s\346\3123\312F\204%\341\254"
 409      16AB7694 
 409      73E6CA33 
 409      CA468425 
 409      E1AC
 410 0591 E1CB59C9 		.ascii	"\341\313Y\311\016\277\345r\253\366\333.6\355g\004\310"
 410      0EBFE572 
 410      ABF6DB2E 
 410      36ED6704 
 410      C8
 411 05a2 194DCE19 		.ascii	"\031M\316\031\201`J\304\215\253^\236\326p\326=\213\366"
 411      81604AC4 
 411      8DAB5E9E 
 411      D670D63D 
 411      8BF6
 412 05b4 3F07B7E1 		.ascii	"?\007\267\341\222\2232\002\346\021\366)H^\350`\333^"
 412      92933202 
 412      E611F629 
 412      485EE860 
 412      DB5E
 413 05c6 1BBB3513 		.ascii	"\033\2735\023\240a\311\365\236\200\234\363\324\221*"
 413      A061C9F5 
 413      9E809CF3 
 413      D4912A
 414 05d5 2B331C97 		.ascii	"+3\034\227\312\014`M\236|\334J\036\233\351\024On\032"
 414      CA0C604D 
 414      9E7CDC4A 
 414      1E9BE914 
 414      4F6E1A
 415 05e8 73D1722A 		.ascii	"s\321r*\347\2461\037\323\255\334\231\306\030eN\227\312"
ARM GAS  /tmp/cc7cvpAw.s 			page 32


 415      E7A6311F 
 415      D3ADDC99 
 415      C618654E 
 415      97CA
 416 05fa CE5479EA 		.ascii	"\316Ty\352\230\227\231\303\261i\314\221\323-e\206#\325"
 416      989799C3 
 416      B169CC91 
 416      D32D6586 
 416      23D5
 417 060c 96F2D8DC 		.ascii	"\226\362\330\334R\366\261\271\314G\252e\016\236#\325"
 417      52F6B1B9 
 417      CC47AA65 
 417      0E9E23D5 
 418 061c 527984CB 		.ascii	"Ry\204\313J\236c\323\250<RmMe8R\031\247\260\274\306"
 418      4A9E63D3 
 418      A83C526D 
 418      4D653852 
 418      19A7B0BC 
 419 0631 2439E8DD 		.ascii	"$9\350\335\215\231\252\312M\243\205\234\363\015+9\331"
 419      8D99AACA 
 419      4DA3859C 
 419      F30D2B39 
 419      D9
 420 0642 69CE5B39 		.ascii	"i\316[9\2231\032\220\253\310i\345(?N\350\344\231\235"
 420      93311A90 
 420      ABC869E5 
 420      283F4EE8 
 420      E4999D
 421 0655 9656CE47 		.ascii	"\226V\316G\362\206\252l\266\225\363\214\345\207\\\225"
 421      F286AA6C 
 421      B695F38C 
 421      E5875C95 
 422 0665 66BBBC51 		.ascii	"f\273\274Q\225\215\035$\327Xf\335\310y\252\227\307\234"
 422      958D1D24 
 422      D75866DD 
 422      C879AA97 
 422      C79C
 423 0677 A7D272CE 		.ascii	"\247\322r\316\332I\346\234-d\252!\235\355\354\362T*"
 423      DA49E69C 
 423      2D64AA21 
 423      9DEDECF2 
 423      542A
 424 0689 47426620 		.ascii	"GBf \315\271\013\211\304\250\314p\264\253\322\312\262"
 424      CDB90B89 
 424      C4A8CC70 
 424      B4ABD2CA 
 424      B2
 425 069a B3925B2F 		.ascii	"\263\222[/gf\266\333J\342\346\024\225|#\347\334{\007"
 425      6766B6DB 
 425      4AE2E614 
 425      957C23E7 
 425      DC7B07
 426 06ad 9C55F5E5 		.ascii	"\234U\365\345\235$n}U\352\265V\354\225N\023\260g\007"
 426      9D246E7D 
 426      55EAB556 
 426      EC954E13 
 426      B06707
ARM GAS  /tmp/cc7cvpAw.s 			page 33


 427 06c0 02713B55 		.ascii	"\002q;U\226\332]@A/\011\016,\374N\340\354\277N\240J"
 427      96DA5D40 
 427      412F090E 
 427      2CFC4EE0 
 427      ECBF4EA0 
 428 06d5 B3C2133D 		.ascii	"\263\302\023=\343\221z\255\331\035\302f\034\253\367"
 428      E3917AAD 
 428      D91DC266 
 428      1CABF7
 429 06e4 4123FEB3 		.ascii	"A#\376\263a\026\212\005\353\312\302\314y\310\033l\311"
 429      61168A05 
 429      EBCAC2CC 
 429      79C81B6C 
 429      C9
 430 06f5 159A9331 		.ascii	"\025\232\2231\022\2424!c\202\205y\366%\305\206\331\021"
 430      12A23421 
 430      63828579 
 430      F625C586 
 430      D911
 431 0707 D2FC43A7 		.ascii	"\322\374C\247k\212\225_\231\245b\245\330(v\212\025\263"
 431      6B8A955F 
 431      99A562A5 
 431      D828768A 
 431      15B3
 432 0719 6396CCA6 		.ascii	"c\226\314\246\235\3320\373\344\344\372Z\352\011p\313"
 432      9DDA30FB 
 432      E4E4FA5A 
 432      EA0970CB 
 433 0729 76E2C29A 		.ascii	"v\342\302\232K?\\S>\374s\017\377\274\303?\351\360O1"
 433      4B3F5C53 
 433      3EFC730F 
 433      FFBCC33F 
 433      E9F04F31 
 434 073d F8E71BFE 		.ascii	"\370\347\033\376\011\006\377TS\222d\255\215\237Y\275"
 434      0906FF54 
 434      539264AD 
 434      8D9F59BD 
 435 074d B6CB22E9 		.ascii	"\266\313\"\351\024\002\353u&\263\322\314\346,\303W&"
 435      1402EB75 
 435      26B3D2CC 
 435      E62CC357 
 435      26
 436 075e E40CBF21 		.ascii	"\344\014\277!8?h\010\316\337r\211\020\234{\313\273\253"
 436      383F6808 
 436      CEDF7289 
 436      109C7BCB 
 436      BBAB
 437 0770 D71ED999 		.ascii	"\327\036\331\231\222\306\254j\014\027\261D\354\226\035"
 437      92C6AC6A 
 437      0C17B144 
 437      EC961D
 438 077f D2A93562 		.ascii	"\322\2515b\203\010\261\313>f\316u\017\362\001\347\007"
 438      8308B1CB 
 438      3E66CE75 
 438      0FF201E7 
 438      07
 439 0790 9437462C 		.ascii	"\2247F,\220.\333p\2253\030\222\363/\271\206\015_\005"
ARM GAS  /tmp/cc7cvpAw.s 			page 34


 439      902EDB70 
 439      95331892 
 439      F32FB986 
 439      0D5F05
 440 07a3 22862304 		.ascii	"\"\206#\004\235\233\352\345,\207A'\213\3312G\275\017"
 440      9D9BEAE5 
 440      2C874127 
 440      8BD93247 
 440      BD0F
 441 07b5 2C5EBC20 		.ascii	",^\274 Z\002JA1E\305\320y\361\004C\203\034\031KA(\246"
 441      5A024A41 
 441      3145C5D0 
 441      79F10443 
 441      831C194B 
 442 07cc 154DB7E9 		.ascii	"\025M\267\351"
 443 07d0 FE829314 		.ascii	"\376\202\223\024\223\212%)\027OP0t\242:\210Z\222zr\361"
 443      938A2529 
 443      174F5030 
 443      74A23A88 
 443      5A927A72 
 444 07e5 84BFC2C5 		.ascii	"\204\277\302\305\323\217\217\317\005\031R1`,\3058/\324"
 444      D38F8FCF 
 444      05195231 
 444      602CC538 
 444      2FD4
 445 07f7 C2830C27 		.ascii	"\302\203\014')\250\027M:\207\221A\004-<8\211\340\240"
 445      29A8174D 
 445      3A879141 
 445      042D3C38 
 445      89E0A0
 446 080a 0514D3CE 		.ascii	"\005\024\323\316\205\252\324\322\210 \012$\245\022;"
 446      85AAD4D2 
 446      88200A24 
 446      A5123B
 447 0819 2889218B 		.ascii	"(\211!\213\032\025\2418\001D\215\2240(\2428\321\"##"
 447      1A15A138 
 447      01448D94 
 447      3028A238 
 447      D1222323 
 448 082d 25228A20 		.ascii	"%\"\212 Z\244\224B\011\210\026!Y\264\010\205EQ\"\321"
 448      5AA49442 
 448      09881621 
 448      59B40885 
 448      455122D1 
 449 0841 454D0C93 		.ascii	"EM\014\223\256\324\222P\210\015\232\236\212Q\035\020"
 449      AED49250 
 449      880D9A9E 
 449      8A511D10 
 450 0851 77BEC247 		.ascii	"w\276\302G\250E\323\222\023\324\213&\016\300$\2648\274"
 450      A845D392 
 450      13D48B26 
 450      0EC024B4 
 450      38BC
 451 0863 45432892 		.ascii	"EC(\222n\322\220\005\366\2108\224D\302\202\360D\207"
 451      6ED29005 
 451      F6883894 
 451      44C282F0 
ARM GAS  /tmp/cc7cvpAw.s 			page 35


 451      4487
 452 0875 43F6A218 		.ascii	"C\366\242\030\030\231(*\241\010\242\303\242\022\012"
 452      1899282A 
 452      A108A2C3 
 452      A2120A
 453 0884 6011AD80 		.ascii	"`\021\255\200JP\254(\021\311\242F\250\322E\213).\270"
 453      4A50AC28 
 453      11C9A246 
 453      A8D2458B 
 453      292EB8
 454 0897 281152D2 		.ascii	"(\021R\322\320\360D\207\210NT\351\002\213\022\211\026"
 454      D0F04487 
 454      884E54E9 
 454      028B1289 
 454      16
 455 08a8 2D92403A 		.ascii	"-\222@:\"\236h\261\210X\274(\221H,\002\321\244\241\341"
 455      229E68B1 
 455      8858BC28 
 455      91482C02 
 455      D1A4A1E1 
 456 08bc 45872486 		.ascii	"E\207$\206\212@\224H\034\"\022\211N\240IC\030\375 \004"
 456      8A409448 
 456      1C221289 
 456      4EA04943 
 456      18FD2004 
 457 08d0 0A120211 		.ascii	"\012\022\002\021B\304\010\011\224L\020\001\321\017B"
 457      42C40809 
 457      944C1001 
 457      D10F42
 458 08df A0202110 		.ascii	"\240 !\020!D\240#\204J&\210N\364\002\245\012\303!Z\301"
 458      2144A023 
 458      844A2688 
 458      4EF402A5 
 458      0AC3215A 
 459 08f4 C4B02888 		.ascii	"\304\260(\210\016kR\222R\360\242HC{t\204?\010\321\""
 459      0E6B5292 
 459      52F0A248 
 459      437B7484 
 459      3F08D122 
 460 0908 11C5C2A3 		.ascii	"\021\305\302\243\243 \220\020\255\300(\030tt\024Dt4"
 460      A3209010 
 460      ADC02818 
 460      74741444 
 460      7434
 461 091a 94232444 		.ascii	"\224#$D+0RJ\002\"R\032\312\0011,\"\272(qhC\240%\206"
 461      2B30524A 
 461      0222521A 
 461      CA01312C 
 461      22BA2871 
 462 0933 4422102D 		.ascii	"D\"\020-AbH\004BJJR\322\021Qdd\001jD4Bs2p*r\202\321"
 462      41624804 
 462      424A4A52 
 462      D2115164 
 462      64016A44 
 463 0950 4171A988 		.ascii	"Aq\251\210\016\021SX\370\012\237&\031\302\017B\031\000"
 463      0E115358 
 463      F80A9F26 
ARM GAS  /tmp/cc7cvpAw.s 			page 36


 463      19C20F42 
 463      1900
 464 0962 05B5908A 		.ascii	"\005\265\220\212\372qR\021\203E\223\013\244\037\031"
 464      FA715211 
 464      8345930B 
 464      A41F19
 465 0971 328AC41F 		.ascii	"2\212\304\037\247\246'\016\234\212~\210H\304\023\303"
 465      A7A6270E 
 465      9C8A7E88 
 465      48C413C3 
 466 0981 1F0EA054 		.ascii	"\037\016\240T\374\370\370\210\270\223\212\247\037('"
 466      FCF8F888 
 466      B8938AA7 
 466      1F2827
 467 0990 A928A616 		.ascii	"\251(\246\026\036X0I9\235\360\340\004\305D\344a\003"
 467      1E583049 
 467      399DF0E0 
 467      04C544E4 
 467      6103
 468 09a2 174F2C88 		.ascii	"\027O,\210<\204H1\034\012?\010\221\000\012:Q$\376D1"
 468      3C844831 
 468      1C0A3F08 
 468      91000A3A 
 468      5124FE44 
 469 09b7 6900C5D4 		.ascii	"i\000\305\324\024\345T\364\303\302\351\311\005\223\212"
 469      14E554F4 
 469      C3C2E9C9 
 469      05938A
 470 09c6 1FA7162F 		.ascii	"\037\247\026/V\374\014\241J\305\022\027%V\264\250\242"
 470      56FC0CA1 
 470      4AC51217 
 470      2556B4A8 
 470      A2
 471 09d7 289115A2 		.ascii	"(\221\025\242C\013\204\016\255\324\022P\220\224\213"
 471      430B840E 
 471      ADD41250 
 471      90948B
 472 09e6 A718F822 		.ascii	"\247\030\370\"\204C\016)*(\201\233|\\<1\265\370i\202"
 472      84430E29 
 472      2A28819B 
 472      7C5C3C31 
 472      B5F86982 
 473 09fa 8AFAF1F1 		.ascii	"\212\372\361\361\261\020\204\016\355\336\027:0_b\365"
 473      B110840E 
 473      EDDE173A 
 473      305F62F5 
 474 0a0a DABC6AD5 		.ascii	"\332\274j\325X\275\333<\233f\207*\357^\350f\240\217"
 474      58BDDB3C 
 474      9B66872A 
 474      EF5EE866 
 474      A08F
 475 0a1c 2021433B 		.ascii	" !C;\357q\217\273;\213w\224\314\231\013F\023;\346\231"
 475      EF718FBB 
 475      3B8B7794 
 475      CC990B46 
 475      133BE699 
 476 0a30 5BBC1C22 		.ascii	"[\274\034\"7\370\202\264\333P\223-\036\365\036\343\300"
ARM GAS  /tmp/cc7cvpAw.s 			page 37


 476      37F882B4 
 476      DB50932D 
 476      1EF51EE3 
 476      C0
 477 0a41 66CCD82F 		.ascii	"f\314\330/XwLLUF\3552\261\276`\325\233\363\345F\243"
 477      58774C4C 
 477      5546ED32 
 477      B1BE60D5 
 477      9BF3E546 
 478 0a56 592F1D9D 		.ascii	"Y/\035\235U\273T\306\230}oov\356(\351\304\312\335\316"
 478      55BB54C6 
 478      987D6F6F 
 478      76EE28E9 
 478      C4CADDCE 
 479 0a6a 2577DCD8 		.ascii	"%w\334\330\252\367{6N\347\270\203H\\\265a\254\230\333"
 479      AAF77B36 
 479      4EE7B883 
 479      485CB561 
 479      AC98DB
 480 0a7d B8826AA8 		.ascii	"\270\202j\250\202\211E\243\230QdfFF4I\012\351\222\013"
 480      828945A3 
 480      98516466 
 480      46463449 
 480      0AE9920B 
 481 0a91 10086271 		.ascii	"\020\010bq\332B\365\022\340\3024QU)\222\021IR\220Ji"
 481      DA42F512 
 481      E0C23451 
 481      55299211 
 481      4952904A 
 482 0aa6 FF388D82 		.ascii	"\3778\215\202\277\210\032\322@G7Qtv\315n\266\301\224"
 482      BF881AD2 
 482      40473751 
 482      7476CD6E 
 482      B6C194
 483 0ab9 175746F5 		.ascii	"\027WF\365.Ow\344\235\242\001\366\004\306@/\376>\211"
 483      2E4F77E4 
 483      9DA201F6 
 483      04C6402F 
 483      FE3E89
 484 0acc EAEBE1E6 		.ascii	"\352\353\341\346\177\242/\353F\013\200\005.\014\001"
 484      7FA22FEB 
 484      460B8005 
 484      2E0C01
 485 0adb 0E1F3B8A 		.ascii	"\016\037;\212@I\257@\227Y\347\215\314\022\333\226.\347"
 485      4049AF40 
 485      9759E78D 
 485      CC12DB96 
 485      2EE7
 486 0aed FFB8E358 		.ascii	"\377\270\343Xwv\374\013\035z\344B\000\177\205\003:!"
 486      7776FC0B 
 486      1D7AE442 
 486      007F8503 
 486      3A21
 487 0aff BA1FE8F0 		.ascii	"\272\037\350\360\367a\\\312\331\261q\205\373\360\322"
 487      F7615CCA 
 487      D9B17185 
 487      FBF0D2
ARM GAS  /tmp/cc7cvpAw.s 			page 38


 488 0b0e 5B9B641A 		.ascii	"[\233d\032\275\004\375\205`CS\207U\323_\010\376k)\305"
 488      BD04FD85 
 488      60435387 
 488      55D35F08 
 488      FE6B29C5 
 489 0b22 55B4BBB5 		.ascii	"U\264\273\265FM\267\375gl5[W\324/Q\016\030E\321+\251"
 489      464DB7FD 
 489      676C355B 
 489      57D42F51 
 489      0E1845D1 
 490 0b38 4D3DAF91 		.ascii	"M=\257\221\320D\242y\011\204\014q\230\230\361\215\005"
 490      D044A279 
 490      09840C71 
 490      9898F18D 
 490      05
 491 0b49 E5A49AEA 		.ascii	"\345\244\232\3520\022\237\362L\035;\270\330p\32672\024"
 491      30129FF2 
 491      4C1D3BB8 
 491      D870D637 
 491      3214
 492 0b5b 0EA0598C 		.ascii	"\016\240Y\214\012GW=I\227O\310>t\025\233\220R#\222\233"
 492      0A47573D 
 492      49974FC8 
 492      3E74159B 
 492      90522392 
 493 0b70 1895343B 		.ascii	"\030\2254;\211\004\202~U\212C\215\207\004)\350\242\306"
 493      8904827E 
 493      558A438D 
 493      870429E8 
 493      A2C6
 494 0b82 8B4D24D0 		.ascii	"\213M$\320A\256\316\244'\200\371\202>\023\004\2149\307"
 494      41AECEA4 
 494      2780F982 
 494      3E13048C 
 494      39C7
 495 0b94 68EA87C3 		.ascii	"h\352\207\303<=\007\013m\201\211\256\031\335\334EO\224"
 495      3C3D070B 
 495      6D8189AE 
 495      19DDDC45 
 495      4F94
 496 0ba6 30FF5D46 		.ascii	"0\377]F\011!\031$}:\250\011\002\231Y9\336\266\365\375"
 496      09211924 
 496      7D3AA809 
 496      02995939 
 496      DEB6F5FD 
 497 0bba 016F22A8 		.ascii	"\001o\"\250\331,\207\344\206\241\033\3034\344\211\314"
 497      D92C87E4 
 497      86A11BC3 
 497      34E489CC 
 498 0bca 42D87756 		.ascii	"B\330wV\240@\340\350\336\304\341\011\302\023X\351G\240"
 498      A040E0E8 
 498      DEC4E109 
 498      C21358E9 
 498      47A0
 499 0bdc 325B4B4C 		.ascii	"2[KLF\037pb\001B\334\370:3\271@\370\370e\247\226G-o"
 499      461F7062 
 499      0142DCF8 
ARM GAS  /tmp/cc7cvpAw.s 			page 39


 499      3A33B940 
 499      F8F865A7 
 500 0bf4 7D7464D9 		.ascii	"}td\331\017\267\022BR\350\272\004\232\245#\232w\374"
 500      0FB71242 
 500      52E8BA04 
 500      9AA5239A 
 500      77FC
 501 0c06 B59729D6 		.ascii	"\265\227)\326\257x\274m\327i|pW2\223$M\271\325\227\036"
 501      AF78BC6D 
 501      D7697C70 
 501      57329324 
 501      4DB9D597 
 502 0c1b C44CFF59 		.ascii	"\304L\377Yvm'\327#\317/\225\202\375\223]\371&\250\002"
 502      766D27D7 
 502      23CF2F95 
 502      82FD935D 
 502      F926A802 
 503 0c2f E79DE22F 		.ascii	"\347\235\342/\001\015\325\202e\356\334\030\214<\252"
 503      010DD582 
 503      65EEDC18 
 503      8C3CAA
 504 0c3e 618CC683 		.ascii	"a\214\306\203R\001\220t\204\327\245\206*\004\036\022"
 504      52019074 
 504      84D7A586 
 504      2A041E12 
 505 0c4e 3AE3DF1C 		.ascii	":\343\337\034\237\033,\251\340\224&r6\212\001!\322U"
 505      9F1B2CA9 
 505      E0942672 
 505      368A0121 
 505      D255
 506 0c60 E35BEE31 		.ascii	"\343[\3561\210\002E\225\362X\340\017\036\3631\027w\311"
 506      88024595 
 506      F258E00F 
 506      1EF33117 
 506      77C9
 507 0c72 4D0BE698 		.ascii	"M\013\346\230\011\234V\337\240\224z\037\224\220!\252"
 507      099C56DF 
 507      A0947A1F 
 507      949021AA 
 508 0c82 5FDE9C14 		.ascii	"_\336\234\024u`\372\005*d\014\205\200\304\277\357\264"
 508      7560FA05 
 508      2A640C85 
 508      80C4BFEF 
 508      B4
 509 0c93 81F79CB7 		.ascii	"\201\367\234\267\231\370\030\356p\240L\302kE\227\322"
 509      99F818EE 
 509      70A04CC2 
 509      6B4597D2 
 510 0ca3 83B95E9E 		.ascii	"\203\271^\236`y\240T.\336\005\006\242\211\374\016z\263"
 510      6079A054 
 510      2EDE0506 
 510      A289FC0E 
 510      7AB3
 511 0cb5 FB89AA3E 		.ascii	"\373\211\252>\020\252\031\240\343\037SX0\037)\323\031"
 511      10AA19A0 
 511      E31F5358 
 511      301F29D3 
ARM GAS  /tmp/cc7cvpAw.s 			page 40


 511      19
 512 0cc6 3CEA8B10 		.ascii	"<\352\213\020\207\016P#\017\272-\362\232\177\270<\225"
 512      870E5023 
 512      0FBA2DF2 
 512      9A7FB83C 
 512      95
 513 0cd7 D93142D2 		.ascii	"\3311B\322\223\302\307\351\301\304\356\273I>\332\252"
 513      93C2C7E9 
 513      C1C4EEBB 
 513      493EDAAA 
 514 0ce7 632101EB 		.ascii	"c!\001\353\007'\007\343\221\336\233\326\257c\255\306"
 514      072707E3 
 514      91DE9BD6 
 514      AF63ADC6 
 515 0cf7 32977B45 		.ascii	"2\227{E\307\022\320\346\226\260\274t\204\027\010\001"
 515      C712D0E6 
 515      96B0BC74 
 515      84170801 
 516 0d07 9F9FDE35 		.ascii	"\237\237\3365\036\016\335\344P\010]\006Z\303\233\310"
 516      1E0EDDE4 
 516      50085D06 
 516      5AC39BC8 
 517 0d17 1C1733E3 		.ascii	"\034\0273\343\365\351\334\300\313yoj\366\260R\312\301"
 517      F5E9DCC0 
 517      CB796F6A 
 517      F6B052CA 
 517      C1
 518 0d28 B0E6E3E4 		.ascii	"\260\346\343\344\213\325\210\274\267\337\374raFH\251"
 518      8BD588BC 
 518      B7DFFC72 
 518      614648A9 
 519 0d38 5E48CAF0 		.ascii	"^H\312\360\361\015d\303\372\020\210Gcy\333\312H\361"
 519      F10D64C3 
 519      FA108847 
 519      6379DBCA 
 519      48F1
 520 0d4a D500D173 		.ascii	"\325\000\321s\244O+J\350SITMhV\004o2\355\315\277\347"
 520      A44F2B4A 
 520      E8534954 
 520      4D685604 
 520      6F32EDCD 
 521 0d60 F6080A97 		.ascii	"\366\010\012\227\022?C\306\025\254\241!\315\365\\\254"
 521      123F43C6 
 521      15ACA121 
 521      CDF55CAC 
 522 0d70 4FE8EBCF 		.ascii	"O\350\353\317<\375\372\224\375\365\321Hm|\020\002\276"
 522      3CFDFA94 
 522      FDF5D148 
 522      6D7C1002 
 522      BE
 523 0d81 093091D2 		.ascii	"\0110\221\322\006\345\011D\331_-9\370\356\036\257gq"
 523      06E50944 
 523      D95F2D39 
 523      F8EE1EAF 
 523      6771
 524 0d93 46ED9019 		.ascii	"F\355\220\031\000\305\257\3746\306\351\276\247\334\307"
 524      00C5AFFC 
ARM GAS  /tmp/cc7cvpAw.s 			page 41


 524      36C6E9BE 
 524      A7DCC7
 525 0da2 346DB4FA 		.ascii	"4m\264\372\237\204\2178\377\271\277\233\376\024nk\034"
 525      9F848F38 
 525      FFB9BF9B 
 525      FE146E6B 
 525      1C
 526 0db3 48A1218B 		.ascii	"H\241!\213\270;\016J\3070V\034}\222?\216P\234]7\337"
 526      B83B0E4A 
 526      C730561C 
 526      7D923F8E 
 526      509C5D37 
 527 0dc8 16F0010D 		.ascii	"\026\360\001\015\330I\200\030\010\000g?\351\020Y\324"
 527      D8498018 
 527      0800673F 
 527      E91059D4 
 528 0dd8 8CA04B82 		.ascii	"\214\240K\202WpK\321\227h\004\371 \011\320\216\031\344"
 528      57704BD1 
 528      976804F9 
 528      2009D08E 
 528      19E4
 529 0dea 028CABC5 		.ascii	"\002\214\253\305|\271\030\015d\012\214\037\003j\355"
 529      7CB9180D 
 529      640A8C1F 
 529      036AED
 530 0df9 79E72C19 		.ascii	"y\347,\031\272N\334\272\300\361\336da\033\343\025\325"
 530      BA4EDCBA 
 530      C0F1DE64 
 530      611BE315 
 530      D5
 531 0e0a C3068F4D 		.ascii	"\303\006\217M\244!\216\242\250T\200u\377\015\010K\267"
 531      A4218EA2 
 531      A8548075 
 531      FF0D084B 
 531      B7
 532 0e1b 1045C091 		.ascii	"\020E\300\221\036\226\366\244\353\005d\264\331m}\204"
 532      1E96F6A4 
 532      EB0564B4 
 532      D96D7D84 
 533 0e2b 56F29775 		.ascii	"V\362\227u\374\362\336s\033\012#\236X\262\017\236\247"
 533      FCF2DE73 
 533      1B0A239E 
 533      58B20F9E 
 533      A7
 534 0e3c 88DE567F 		.ascii	"\210\336V\177\266\323\243CT\334\016\325\264\3424\266"
 534      B6D3A343 
 534      54DC0ED5 
 534      B4E234B6 
 535 0e4c 5C411043 		.ascii	"\\A\020C\300\311\273\347\261\353s\322\353\353}o\276"
 535      C0C9BBE7 
 535      B1EB73D2 
 535      EBEB7D6F 
 535      BE
 536 0e5d A04FBB93 		.ascii	"\240O\273\223/\372\371w\315a2\274/\355c),Ag\255\002"
 536      2FFAF977 
 536      CD6132BC 
 536      2FED6329 
ARM GAS  /tmp/cc7cvpAw.s 			page 42


 536      2C4167AD 
 537 0e72 57BEC63A 		.ascii	"W\276\306:?\037^\254\235\027\276<\037 \253\322O\274"
 537      3F1F5EAC 
 537      9D17BE3C 
 537      1F20ABD2 
 537      4FBC
 538 0e84 0FED47DC 		.ascii	"\017\355G\334sN\371~m\367\357 \377\034\222\331\177&"
 538      734EF97E 
 538      6DF7EF20 
 538      FF1C92D9 
 538      7F26
 539 0e96 7BCC80B9 		.ascii	"{\314\200\271\326m\306\246\313\033\207\305\375\356\252"
 539      D66DC6A6 
 539      CB1B87C5 
 539      FDEEAA
 540 0ea5 66D1D3B4 		.ascii	"f\321\323\264{\0145\0270]sOd\323\325\337\361\272\265"
 540      7B0C3517 
 540      305D734F 
 540      64D3D5DF 
 540      F1BAB5
 541 0eb8 B501     		.ascii	"\265\001"
 542              		.text
 543              		.section	.gnu.lto_.symtab.30e8380fc6ef75df,"e",%progbits
 544 0000 6D61696E 		.ascii	"main\000"
 544      00
 545 0005 00       		.ascii	"\000"
 546 0006 00       		.ascii	"\000"
 547 0007 00       		.ascii	"\000"
 548 0008 00000000 		.ascii	"\000\000\000\000\000\000\000\000"
 548      00000000 
 549 0010 D9010000 		.ascii	"\331\001\000\000"
 550              		.text
 551              		.section	.gnu.lto_.ext_symtab.30e8380fc6ef75df,"e",%progbits
 552 0000 01       		.ascii	"\001"
 553 0001 01       		.ascii	"\001"
 554 0002 00       		.ascii	"\000"
 555              		.text
 556              		.section	.gnu.lto_.opts,"e",%progbits
 557 0000 272D666E 		.ascii	"'-fno-openmp' '-fno-openacc' '-fno-pie' '-fcf-prote"
 557      6F2D6F70 
 557      656E6D70 
 557      2720272D 
 557      666E6F2D 
 558 0033 6374696F 		.ascii	"ction=none' '-mcpu=cortex-m4' '-mthumb' '-mfpu=fpv4"
 558      6E3D6E6F 
 558      6E652720 
 558      272D6D63 
 558      70753D63 
 559 0066 2D73702D 		.ascii	"-sp-d16' '-mfloat-abi=hard' '-mlibarch=armv7e-m+fp'"
 559      64313627 
 559      20272D6D 
 559      666C6F61 
 559      742D6162 
 560 0099 20272D6D 		.ascii	" '-march=armv7e-m+fp' '-Ofast' '-flto' '-fdata-sect"
 560      61726368 
 560      3D61726D 
 560      7637652D 
ARM GAS  /tmp/cc7cvpAw.s 			page 43


 560      6D2B6670 
 561 00cc 696F6E73 		.ascii	"ions' '-ffunction-sections' '-Xassembler' '-a' '-Xa"
 561      2720272D 
 561      6666756E 
 561      6374696F 
 561      6E2D7365 
 562 00ff 7373656D 		.ascii	"ssembler' '-ad' '-Xassembler' '-alms=build/main.lst"
 562      626C6572 
 562      2720272D 
 562      61642720 
 562      272D5861 
 563 0132 2700     		.ascii	"'\000"
 564              		.text
 565              		.comm	__gnu_lto_slim,1,1
 566              		.ident	"GCC: (Arch Repository) 11.2.0"
ARM GAS  /tmp/cc7cvpAw.s 			page 44


DEFINED SYMBOLS
                            *ABS*:0000000000000000 main.c
                            *COM*:0000000000000001 __gnu_lto_slim

NO UNDEFINED SYMBOLS
