ARM GAS  /tmp/ccpmGGJU.s 			page 1


   1              		.cpu cortex-m4
   2              		.eabi_attribute 27, 1
   3              		.eabi_attribute 28, 1
   4              		.eabi_attribute 23, 1
   5              		.eabi_attribute 24, 1
   6              		.eabi_attribute 25, 1
   7              		.eabi_attribute 26, 1
   8              		.eabi_attribute 30, 2
   9              		.eabi_attribute 34, 1
  10              		.eabi_attribute 18, 4
  11              		.file	"system_stm32f4xx.c"
  12              		.section	.gnu.lto_.profile.e9529ccd1a6e72c0,"e",%progbits
  13 0000 28B52FFD 		.ascii	"(\265/\375 \0061\000\000\002\000\000\000\000\000"
  13      20063100 
  13      00020000 
  13      000000
  14              		.text
  15              		.section	.gnu.lto_.icf.e9529ccd1a6e72c0,"e",%progbits
  16 0000 28B52FFD 		.ascii	"(\265/\375 \226\035\002\000\344\002\212\000\005\000"
  16      20961D02 
  16      00E4028A 
  16      000500
  17 000f B9BAE2A9 		.ascii	"\271\272\342\251\011\030\002\000\002\001\002\001\001"
  17      09180200 
  17      02010201 
  17      01
  18 001c D6CF82F0 		.ascii	"\326\317\202\360\012\034\002\002\003\002\004\222\355"
  18      0A1C0202 
  18      03020492 
  18      ED
  19 0029 CFDC0103 		.ascii	"\317\334\001\003\374\307\311\215\005\004\365\200\370"
  19      FCC7C98D 
  19      0504F580 
  19      F8
  20 0036 890F0008 		.ascii	"\211\017\000\010\0001\213\002\"\000\205\334\003N\271"
  20      00318B02 
  20      220085DC 
  20      034EB9
  21 0045 0C10B673 		.ascii	"\014\020\266s\024\006m"
  21      14066D
  22              		.text
  23              		.section	.gnu.lto_.ipa_sra.e9529ccd1a6e72c0,"e",%progbits
  24 0000 28B52FFD 		.ascii	"(\265/\375 \024\205\000\000P\010\000\002\000\000\001"
  24      20148500 
  24      00500800 
  24      02000001 
  25 0010 01000100 		.ascii	"\001\000\001\000\001\000\033\300\002"
  25      01001BC0 
  25      02
  26              		.text
  27              		.section	.gnu.lto_.inline.e9529ccd1a6e72c0,"e",%progbits
  28 0000 28B52FFD 		.ascii	"(\265/\375 T\275\001\000D\002H\000\002\000\000\023\200"
  28      2054BD01 
  28      00440248 
  28      00020000 
  28      1380
  29 0012 8080A002 		.ascii	"\200\200\240\002g\001\000\002 \200\200\200\200\002g"
ARM GAS  /tmp/ccpmGGJU.s 			page 2


  29      67010002 
  29      20808080 
  29      800267
  30 0021 00000664 		.ascii	"\000\000\006d\002\000\000\001\0000\003Z\003\000\007"
  30      02000001 
  30      0030035A 
  30      030007
  31 0030 006004F0 		.ascii	"\000`\004\360\201eF\355\023j\265,Bl\240\015"
  31      816546ED 
  31      136AB52C 
  31      426CA00D 
  32              		.text
  33              		.section	.gnu.lto_.jmpfuncs.e9529ccd1a6e72c0,"e",%progbits
  34 0000 28B52FFD 		.ascii	"(\265/\375 \024\205\000\000P\010\000\002\000\000\000"
  34      20148500 
  34      00500800 
  34      02000000 
  35 0010 01000000 		.ascii	"\001\000\000\000\001\000\033\300\002"
  35      01001BC0 
  35      02
  36              		.text
  37              		.section	.gnu.lto_.pureconst.e9529ccd1a6e72c0,"e",%progbits
  38 0000 28B52FFD 		.ascii	"(\265/\375 \013Y\000\000\007\000\000\000\002\000\232"
  38      200B5900 
  38      00070000 
  38      0002009A 
  39 0010 04019A04 		.ascii	"\004\001\232\004"
  40              		.text
  41              		.section	.gnu.lto_.ipa_modref.e9529ccd1a6e72c0,"e",%progbits
  42 0000 28B52FFD 		.ascii	"(\265/\375 `\215\001\000\360T\000\002\000\000 \020\020"
  42      20608D01 
  42      00F05400 
  42      02000020 
  42      1010
  43 0012 00020205 		.ascii	"\000\002\002\005\000\001\002\006\001\000\002\007\000"
  43      00010206 
  43      01000207 
  43      00
  44 001f 07080001 		.ascii	"\007\010\000\001\002\010\001\000\000\007\0000\211\300"
  44      02080100 
  44      00070030 
  44      89C0
  45 002d 391464B6 		.ascii	"9\024d\266\223\020\234\037X\031a\003m"
  45      93109C1F 
  45      58196103 
  45      6D
  46              		.text
  47              		.section	.gnu.lto_.lto.e9529ccd1a6e72c0,"e",%progbits
  48 0000 0B000000 		.ascii	"\013\000\000\000\001\000\001\000"
  48      01000100 
  49              		.text
  50              		.section	.gnu.lto_SystemInit.133.e9529ccd1a6e72c0,"e",%progbits
  51 0000 28B52FFD 		.ascii	"(\265/\375`N\002\305\020\000\266\\jG\360\220*\035\352"
  51      604E02C5 
  51      1000B65C 
  51      6A47F090 
  51      2A1DEA
ARM GAS  /tmp/ccpmGGJU.s 			page 3


  52 0013 5DCB3E31 		.ascii	"]\313>1\217.\014\370\243Y\362S\360cP\301\253\244#\327"
  52      8F2E0CF8 
  52      A359F253 
  52      F06350C1 
  52      ABA423D7 
  53 0027 7A5D1EDC 		.ascii	"z]\036\334\276S\376\342\353\365\212N\361\234j\241\324"
  53      BE53FEE2 
  53      EBF58A4E 
  53      F19C6AA1 
  53      D4
  54 0038 1C9F0F98 		.ascii	"\034\237\017\230t>`\375\205\2315Oyw\262\257c\341\363"
  54      743E60FD 
  54      8599354F 
  54      7977B2AF 
  54      63E1F3
  55 004b A01B971D 		.ascii	"\240\033\227\035B$H\356\224\002M\000S\000Z\000\322\236"
  55      422448EE 
  55      94024D00 
  55      53005A00 
  55      D29E
  56 005d 4B772EED 		.ascii	"Kw.\355]\272\2734\347\322{iy\351\013\370\220\31100\326"
  56      5DBABB34 
  56      E7D27B69 
  56      79E90BF8 
  56      90C93030 
  57 0072 9A61CC51 		.ascii	"\232a\314Q\305\316&\302\366\001\330e\323\270(S\007\320"
  57      C5CE26C2 
  57      F601D865 
  57      D3B82853 
  57      07D0
  58 0084 DC6658C8 		.ascii	"\334fX\310\325Z\347\306\334u\351\362O\342\036\261\227"
  58      D55AE7C6 
  58      DC75E9F2 
  58      4FE21EB1 
  58      97
  59 0095 96CB4E82 		.ascii	"\226\313N\202Z\253e\354e\303\275\267]\3006\006[v\010"
  59      5AAB65EC 
  59      65C3BDB7 
  59      5DC03606 
  59      5B7608
  60 00a8 391C6751 		.ascii	"9\034gQ\374\037o\227\243zM\374\011\012\234z\301F}\030"
  60      FC1F6F97 
  60      A37A4DFC 
  60      090A9C7A 
  60      C1467D18 
  61 00bc 7AEF7657 		.ascii	"z\357vWV3\243\311\245=v\243#\326\372\217\367\225{\027"
  61      5633A3C9 
  61      A53D76A3 
  61      23D6FA8F 
  61      F7957B17 
  62 00d0 0E30A7DC 		.ascii	"\0160\247\334\304\012\201\021\177\366\022,\236\020\357"
  62      C40A8111 
  62      7FF6122C 
  62      9E10EF
  63 00df 3E2A0C46 		.ascii	">*\014F\365+x\357\276\335\253\306\214V\2237\266\330"
  63      F52B78EF 
  63      BEDDABC6 
ARM GAS  /tmp/ccpmGGJU.s 			page 4


  63      8C569337 
  63      B6D8
  64 00f1 22F7832D 		.ascii	"\"\367\203-\326s\352\302\330\0173EQ(\337iRP%a*\260\277"
  64      D673EAC2 
  64      D80F3345 
  64      5128DF69 
  64      52502561 
  65 0108 300E46DC 		.ascii	"0\016F\334^r\264\351iZ\314\344p)n\233\374\305\326vx"
  65      5E72B4E9 
  65      695ACCE4 
  65      70296E9B 
  65      FCC5D676 
  66 011d 5C8C359D 		.ascii	"\\\2145\235\365\330:\2732\035 \352M\003\352,\272\227"
  66      F5D83ABB 
  66      321D20EA 
  66      4D03EA2C 
  66      BA97
  67 012f 8DB72280 		.ascii	"\215\267\"\200M\214q\374\307\353\326\333\273x\200\311"
  67      4D8C71FC 
  67      C7EBD6DB 
  67      BB7880C9 
  68 013f 1BABE876 		.ascii	"\033\253\350ve8f\264\332O<\033\374\314\212\247\326\230"
  68      653866B4 
  68      DA4F3C1B 
  68      FCCC8AA7 
  68      D698
  69 0151 95591B2E 		.ascii	"\225Y\033.6\205Z-\221\010 ! +\204\000RV\310\022\316"
  69      36855A2D 
  69      91082021 
  69      202B8400 
  69      5256C812 
  70 0166 90B2BED4 		.ascii	"\220\262\276\324\004\220\226&5\255RT\244\331j\225H\223"
  70      04909626 
  70      35AD5254 
  70      A4D96A95 
  70      4893
  71 0178 9A502AB4 		.ascii	"\232P*\264d\222\032\220F\242\251\262:\315Ph\201\351"
  71      64921A90 
  71      46A2A9B2 
  71      3ACD5068 
  71      81E9
  72 018a 09355794 		.ascii	"\0115W\224\025~ (\365\261\350\010DW\037\011\350\004"
  72      157E2028 
  72      F5B1E808 
  72      44571F09 
  72      E804
  73 019c 05952201 		.ascii	"\005\225\"\001\215<\020\211\020\034\020a\000\0222*\221"
  73      8D3C1089 
  73      101C1061 
  73      0012322A 
  73      91
  74 01ad 66F899AC 		.ascii	"f\370\231\254>SHK\0020 \300\002\0211c\007[1$\312\310"
  74      3E53484B 
  74      023020C0 
  74      02113163 
  74      075B3124 
  75 01c3 1D6FB24B 		.ascii	"\035o\262KC\026H^\3247\242\233A\322\022\240Z\343\217"
ARM GAS  /tmp/ccpmGGJU.s 			page 5


  75      4316485E 
  75      D437A29B 
  75      41D212A0 
  75      5AE38F
  76 01d6 732EE636 		.ascii	"s.\3466\2273'\002?\365\001G\026\306?\316q\261}`[\322"
  76      97332702 
  76      3FF50147 
  76      16C63FCE 
  76      71B17D60 
  77 01ec A8062C10 		.ascii	"\250\006,\020\207\035~\311\214\007H-\030\336\362\263"
  77      871D7EC9 
  77      8C07482D 
  77      18DEF2B3 
  78 01fc B062DDDC 		.ascii	"\260b\335\334q#=SV\274\030\370\200\311\3075\3045\205"
  78      71233D53 
  78      56BC18F8 
  78      80C9C735 
  78      C43585
  79 020f 5520B4B8 		.ascii	"U \264\270P\301`\2030\037\001N\007\203\236y\321.2"
  79      50C16083 
  79      301F014E 
  79      07839E79 
  79      D12E32
  80              		.text
  81              		.section	.gnu.lto_SystemCoreClockUpdate.134.e9529ccd1a6e72c0,"e",%progbits
  82 0000 28B52FFD 		.ascii	"(\265/\375`\304\006\335$\000\232Bl\016F\200\236M:\243"
  82      60C406DD 
  82      24009A42 
  82      6C0E4680 
  82      9E4D3AA3 
  83 0014 309F88C9 		.ascii	"0\237\210\311Q\016W\002\326\312f\361\320md\0261\021"
  83      510E5702 
  83      D6CA66F1 
  83      D06D6416 
  83      3111
  84 0026 F375D41A 		.ascii	"\363u\324\032\340\335\317\204\235\210OM\323\305\342"
  84      E0DDCF84 
  84      9D884F4D 
  84      D3C5E2
  85 0035 E5C3F1A5 		.ascii	"\345\303\361\245\347(\012d\022\2450\370K\302\010k\212"
  85      E7280A64 
  85      12A530F8 
  85      4BC2086B 
  85      8A
  86 0046 404EEC11 		.ascii	"@N\354\021\325\0312\335\032!\233\020)\223\014\315\000"
  86      D51932DD 
  86      1A219B10 
  86      29930CCD 
  86      00
  87 0057 C000D500 		.ascii	"\300\000\325\000\274$\363R\346\035\231Wd\336f^f\336"
  87      BC24F352 
  87      E61D9957 
  87      64DE665E 
  87      66DE
  88 0069 33104253 		.ascii	"3\020BSs\341J\2557\366\344\251\301Q,\311\267\376(?\327"
  88      73E14AAD 
  88      37F6E4A9 
ARM GAS  /tmp/ccpmGGJU.s 			page 6


  88      C1512CC9 
  88      B7FE283F 
  89 007e 1FFCBB3E 		.ascii	"\037\374\273>\356\376P.\345SN\345^{\353\352!$x\004\310"
  89      EEFE502E 
  89      E5534EE5 
  89      5E7BEBEA 
  89      21247804 
  90 0093 05B623CA 		.ascii	"\005\266#\312\024R\255V'f\274\334(?\356\235\374\011"
  90      1452AD56 
  90      2766BCDC 
  90      283FEE9D 
  90      FC09
  91 00a5 D5B7A6CA 		.ascii	"\325\267\246\312*\034?\300+o\204\265\006\035|\334\377"
  91      2A1C3FC0 
  91      2B6F84B5 
  91      061D7CDC 
  91      FF
  92 00b6 CA8F4827 		.ascii	"\312\217H'\242\037\305\017\321\217K\265\013\347\301"
  92      A21FC50F 
  92      D18F4BB5 
  92      0BE7C1
  93 00c5 21F5284D 		.ascii	"!\365(M\270\246\206Y\255\325\354\037\247\272\255V\222"
  93      B8A68659 
  93      ADD5EC1F 
  93      A7BAAD56 
  93      92
  94 00d6 74149BA9 		.ascii	"t\024\233\251\366\254E\316\017\253\352\266\032\222Z"
  94      F6AC45CE 
  94      0FABEAB6 
  94      1A925A
  95 00e5 8322A502 		.ascii	"\203\"\245\002\222\314\220#\353\364\007\313'\"\325Z"
  95      92CC9023 
  95      EBF407CB 
  95      2722D55A 
  96 00f5 6F583D1E 		.ascii	"oX=\036I=KD2\203\327G7hs\200\344\340\361\256A\303\206"
  96      493D4B44 
  96      3283D747 
  96      37687380 
  96      E4E0F1AE 
  97 010c 7545836A 		.ascii	"uE\203j\255\007\202c\207\310d\206Z\353\362\017+\307"
  97      AD078263 
  97      87C86486 
  97      5AEBF20F 
  97      2BC7
  98 011e F7F6DD5D 		.ascii	"\367\366\335]\262\273Cv\251\211;'\376\317\211~\034\353"
  98      B2BB4376 
  98      A9893B27 
  98      FECF897E 
  98      1CEB
  99 0130 E4312BB3 		.ascii	"\3441+\263\342\264\275\226\003\011\307\252\370\354\265"
  99      E2B4BD96 
  99      0309C7AA 
  99      F8ECB5
 100 013f D6DAAD25 		.ascii	"\326\332\255%\266\007S\016\303\366^\304\264-{.\237\242"
 100      B607530E 
 100      C3F65EC4 
 100      B42D7B2E 
ARM GAS  /tmp/ccpmGGJU.s 			page 7


 100      9FA2
 101 0151 1F977FD5 		.ascii	"\037\227\177\325g\246$\313\356\302)k\255:\360>\252\210"
 101      67A624CB 
 101      EEC2296B 
 101      AD3AF03E 
 101      AA88
 102 0163 1811D65A 		.ascii	"\030\021\326Z\033|,\320\017C3V\203\321\326\3478\372"
 102      1B7C2CD0 
 102      0F433356 
 102      83D1D6E7 
 102      38FA
 103 0175 2ED0167C 		.ascii	".\320\026|YW\333\342Wxe\255?(\354\277n\305EYk\275\221"
 103      5957DBE2 
 103      577865AD 
 103      3F28ECBF 
 103      6EC54559 
 104 018c 8F62B521 		.ascii	"\217b\265!\254\207Aa\320\217\357\366\272\363\204\253"
 104      AC874161 
 104      D08FEFF6 
 104      BAF384AB 
 105 019c 8BD37683 		.ascii	"\213\323v\203U\027kk\355\006\353\305\332\300\335\005"
 105      55176B6B 
 105      ED06EBC5 
 105      DAC0DD05 
 106 01ac E7FA2225 		.ascii	"\347\372\"%@\360\255\357\201G\371\032x\327\267\300\203"
 106      40F0ADEF 
 106      8147F91A 
 106      78D7B7C0 
 106      83
 107 01bd DF23E635 		.ascii	"\337#\3465b\336\242\346%b^\001\314;\304\274B\314\033"
 107      62DEA2E6 
 107      25625E01 
 107      CC3BC4BC 
 107      42CC1B
 108 01d0 80798398 		.ascii	"\200y\203\230\027\210y\177\230\027\000\363\3720\357"
 108      1788797F 
 108      981700F3 
 108      FA30EF
 109 01df 8D796DCC 		.ascii	"\215ym\314[c\336\222\003,V\246\326Z{\035mH\004\375\037"
 109      5B63DE92 
 109      032C56A6 
 109      D65A7B1D 
 109      6D4804FD 
 110 01f4 3A803441 		.ascii	":\2004A\037\265o7@\013Y\317\217\016R\037u\200\236\221"
 110      1FB56F37 
 110      400B59CF 
 110      8F0E521F 
 110      75809E91 
 111 0208 850C1F47 		.ascii	"\205\014\037G\203\032\251O\226\346@\035\324\344W\017"
 111      831AA94F 
 111      96E6401D 
 111      D4E4570F 
 112 0218 781CFD69 		.ascii	"x\034\375i\240 \000\375\3234\016\200\036\253\2049+}"
 112      A02000FD 
 112      D3340E80 
 112      1EAB8439 
 112      2B7D
ARM GAS  /tmp/ccpmGGJU.s 			page 8


 113 022a BAD608DE 		.ascii	"\272\326\010\336\346\267\366\351\373\262\256\310n\353"
 113      E6B7F6E9 
 113      FBB2AEC8 
 113      6EEB
 114 0238 DB1B1B8E 		.ascii	"\333\033\033\216\326Z\006\030\036\262\354\261\0234\177"
 114      D65A0618 
 114      1EB2ECB1 
 114      13347F
 115 0247 F598F49E 		.ascii	"\365\230\364\236\343(\331e\237\322&{\200\230\336\220"
 115      E328D965 
 115      9FD2267B 
 115      8098DE90 
 116 0257 0D6D2522 		.ascii	"\015m%\"\007\032G\307\226\001\026\326\333\272\342\264"
 116      071A47C7 
 116      960116D6 
 116      DBBAE2B4 
 117 0267 0DD65AE9 		.ascii	"\015\326Z\351\226\033h\002A\240x\301\241\301w\026\303"
 117      961B6802 
 117      41A078C1 
 117      A1C17716 
 117      C3
 118 0278 7154EC03 		.ascii	"qT\354\003}2_\326X\213Vvpu\035G\273\0154s)\372\236\241"
 118      7D325FD6 
 118      588B5676 
 118      70751D47 
 118      BB0D3473 
 119 0290 DCDD544F 		.ascii	"\334\335TOo\270\342g\270\307\262\2573\256\256/\3470"
 119      6FB8E267 
 119      B8C7B2AF 
 119      33AEAE2F 
 119      E730
 120 02a2 3DE3CD8E 		.ascii	"=\343\315\2160Xf\350\244\3139\014\217Hz\301R?E\367b"
 120      305866E8 
 120      A4CB390C 
 120      8F487AC1 
 120      523F45F7 
 121 02b7 3E666A6F 		.ascii	">fjod\003O\273\250vbz\241\323=\321'\236N\367T\333\351"
 121      64034FBB 
 121      A876627A 
 121      A1D33DD1 
 121      279E4EF7 
 122 02ce 744FE232 		.ascii	"tO\3422)IIM@\021A\302.\212gbwF\361b\360L\336\031\225"
 122      2949494D 
 122      401141C2 
 122      2E8A6762 
 122      7746F162 
 123 02e7 D33DEDCE 		.ascii	"\323=\355\316\021\346\311\004\345\302i\311\224\222\032"
 123      11E6C904 
 123      E5C269C9 
 123      94921A
 124 02f6 B1649E4C 		.ascii	"\261d\236LM/\316\016\346\022\210\245\020\034\314\027"
 124      4D2FCE0E 
 124      E61288A5 
 124      101CCC17 
 125 0306 50274C25 		.ascii	"P'L%%\017{\236h2\241\316(^n\227\244\313E\235!\222N\250"
 125      250F7B9E 
 125      6832A1CE 
ARM GAS  /tmp/ccpmGGJU.s 			page 9


 125      285E6E97 
 125      A4CB459D 
 126 031e DC86A415 		.ascii	"\334\206\244\025,\232t\033\222(\220\340\300\001\302"
 126      2C9A741B 
 126      922890E0 
 126      C001C2
 127 032d 83091F22 		.ascii	"\203\011\037\"H\0101b\311\344\345R@\345\230xg\007Sw"
 127      48083162 
 127      C9E4E552 
 127      40E59878 
 127      67075377 
 128 0341 36B1C89D 		.ascii	"6\261\310\2350\317\235\223\012S\303\356\033\270\"\322"
 128      30CF9D93 
 128      0A53C3EE 
 128      1BB822D2 
 129 0351 C6AC78CF 		.ascii	"\306\254x\317\032\365\360?:\013\272\250\215\372\275"
 129      1AF5F03F 
 129      3A0BBAA8 
 129      8DFABD
 130 0360 619EA21E 		.ascii	"a\236\242\036\233\244y\222E\324\013\332\202oh\305i%"
 130      9BA47992 
 130      45D40BDA 
 130      826F68C5 
 130      6925
 131 0372 8EC654D6 		.ascii	"\216\306T\326J\243\302\336\354g\247\270)\232h\023\375"
 131      4AA3C2DE 
 131      EC67A7B8 
 131      299A6813 
 131      FD
 132 0383 48D44644 		.ascii	"H\324FD\304\200\216\243C-@\374\236\241B=\324\224\254"
 132      C4808EA3 
 132      432D40FC 
 132      9EA1423D 
 132      D494AC
 133 0396 372C136A 		.ascii	"7,\023j\262\012\032[k\2219\235\2621feV`\017y\250A@\204"
 133      B20A1A5B 
 133      6B91399D 
 133      B2316665 
 133      56600F79 
 134 03ae 1C43668A 		.ascii	"\034Cf\212F&)H\012\223\016\220\002\021)#\363\021 \261"
 134      46262948 
 134      0A930E90 
 134      02112923 
 134      F31120B1 
 135 03c2 430ED58C 		.ascii	"C\016\325\214\250\214\007b\200\200\362\337\212\214\032"
 135      A88C0762 
 135      8080F2DF 
 135      8A8C1A
 136 03d1 4DC6ED8C 		.ascii	"M\306\355\214.\244\233\311\237\345\001\354\032\267O"
 136      2EA49BC9 
 136      9FE501EC 
 136      1AB74F
 137 03e0 49C9D254 		.ascii	"I\311\322T\230\220<\343ha\204#\367\365\230GU\366\342"
 137      98903CE3 
 137      68618423 
 137      F7F59847 
 137      55F6E2
ARM GAS  /tmp/ccpmGGJU.s 			page 10


 138 03f3 A543A229 		.ascii	"\245C\242)\034\251\023ZX\004\200\027\257v\025\313\260"
 138      1CA9135A 
 138      58048017 
 138      AF7615CB 
 138      B0
 139 0404 C1B3D215 		.ascii	"\301\263\322\025\346\212\246~\260\334\020\260\3128\007"
 139      E68AA67E 
 139      B0DC10B0 
 139      CA3807
 140 0413 29818B3F 		.ascii	")\201\213?5\003s\010[\241\234d\353\274u\303E\325\213"
 140      35037308 
 140      5BA19C64 
 140      EBBC75C3 
 140      45D58B
 141 0426 76C99785 		.ascii	"v\311\227\205\327\015\375\251\2133\214\032\357\035H"
 141      D70DFDA9 
 141      8B338C1A 
 141      EF1D48
 142 0435 F163E784 		.ascii	"\361c\347\204\277\033\314\374\350\371\352\370\365\350"
 142      BF1BCCFC 
 142      E8F9EAF8 
 142      F5E8
 143 0443 6E2605AB 		.ascii	"n&\005\253\227\305L\364\275\260\001\243 \032B@\361\311"
 143      97C54CF4 
 143      BDB001A3 
 143      201A4240 
 143      F1C9
 144 0455 D5CE344B 		.ascii	"\325\3164K\333R\236\0129\037\000\201\034\320\230\033"
 144      DB529E0A 
 144      391F0081 
 144      1CD0981B 
 145 0465 A5378FBB 		.ascii	"\2457\217\273\3760\320\2528\217Q\206Ux6\312\371\225"
 145      FE30D0AA 
 145      388F5186 
 145      557836CA 
 145      F995
 146 0477 1194394A 		.ascii	"\021\2249J\037\030\032$\0264|\016\341\211}\001B\011"
 146      1F181A24 
 146      16347C0E 
 146      E1897D01 
 146      4209
 147 0489 9272632A 		.ascii	"\222rc*=IE\346m\341\351+\326Y\332;\304\361\310v&I\000"
 147      3D4945E6 
 147      6DE1E92B 
 147      D659DA3B 
 147      C4F1C876 
 148 04a0 E062F1A3 		.ascii	"\340b\361\243\002"
 148      02
 149              		.text
 150              		.section	.gnu.lto_.symbol_nodes.e9529ccd1a6e72c0,"e",%progbits
 151 0000 28B52FFD 		.ascii	"(\265/\375 S\015\002\000T\003O\000\000\000\000\002\205"
 151      20530D02 
 151      0054034F 
 151      00000000 
 151      0285
 152 0012 017F0980 		.ascii	"\001\177\011\200\200\200\200\004\001\220\316\000\000"
 152      80808004 
ARM GAS  /tmp/ccpmGGJU.s 			page 11


 152      0190CE00 
 152      00
 153 001f 7F0000BA 		.ascii	"\177\000\000\272\200\201\001\206\001\177\012\005\202"
 153      80810186 
 153      017F0A05 
 153      82
 154 002c 010B8142 		.ascii	"\001\013\201B\000\000\000\005\203\001\014\204\001\015"
 154      00000005 
 154      83010C84 
 154      010D
 155 003a 81420000 		.ascii	"\201B\000\000\000\000\003\000,\303\007Dfv\216\001"
 155      00000300 
 155      2CC30744 
 155      66768E01 
 156              		.text
 157              		.section	.gnu.lto_.refs.e9529ccd1a6e72c0,"e",%progbits
 158 0000 28B52FFD 		.ascii	"(\265/\375 #\031\001\000\037\000\000\000\007\001\001"
 158      20231901 
 158      001F0000 
 158      00070101 
 159 0010 02050001 		.ascii	"\002\005\000\001\002\007\000\001\002 \000\001\002\""
 159      02070001 
 159      02200001 
 159      0222
 160 001e 00000326 		.ascii	"\000\000\003&\000\000\002(\000\001\002*\000\000"
 160      00000228 
 160      0001022A 
 160      0000
 161              		.text
 162              		.section	.gnu.lto_.decls.e9529ccd1a6e72c0,"e",%progbits
 163 0000 28B52FFD 		.ascii	"(\265/\375`\203\022}R\000\252\212\314\036R@\220J\352"
 163      6083127D 
 163      5200AA8A 
 163      CC1E5240 
 163      904AEA
 164 0013 0A29D31F 		.ascii	"\012)\323\037j\230\247\247V\327 !\246\274}\304\035\247"
 164      6A98A7A7 
 164      56D72021 
 164      A6BC7DC4 
 164      1DA7
 165 0025 E437522D 		.ascii	"\3447R-E\210\"dY\350\317\211\033L\307\356m\315q\272"
 165      45882264 
 165      59E8CF89 
 165      1B4CC7EE 
 165      6DCD71BA 
 166 0039 845E7001 		.ascii	"\204^p\0010\274;\230Kw\3008?)\311\027,\034s\205>\022"
 166      30BC3B98 
 166      4B77C038 
 166      3F29C917 
 166      2C1C7385 
 167 004f B31835E4 		.ascii	"\263\0305\344@\347\330b\310\321\024\225\261@\242\334"
 167      40E7D862 
 167      C8D11495 
 167      B140A2DC 
 168 005f 29A5B601 		.ascii	")\245\266\001\322\001\320\001A\343\177\020!\011\220"
 168      D201D001 
 168      41E37F10 
ARM GAS  /tmp/ccpmGGJU.s 			page 12


 168      210990
 169 006e 6DD10165 		.ascii	"m\321\001e\355?\010\211\020$p=\204Q\014Xn\254{[\312"
 169      ED3F0889 
 169      1024703D 
 169      84510C58 
 169      6EAC7B5B 
 170 0083 EA7243B9 		.ascii	"\352rC\271\334U\227\233\352r\037\271\334Dn\033\334\033"
 170      DC55979B 
 170      EA721FB9 
 170      DC446E1B 
 170      DC1B
 171 0095 25C52448 		.ascii	"%\305$H\251\2676\267\33460\367Y\237\351\264\027:Qr\254"
 171      A9B736B7 
 171      DC3630F7 
 171      599FE9B4 
 171      173A5172 
 172 00aa 6E6E7B4D 		.ascii	"nn{M\243\265\323\200f\303A\0150\032\264\372\262\036"
 172      A3B5D380 
 172      66C3410D 
 172      301AB4FA 
 172      B21E
 173 00bc 2361DCAE 		.ascii	"#a\334\256\334r//\277\265\001\270N\243\343V\303\006"
 173      DC722F2F 
 173      BFB501B8 
 173      4EA3E356 
 173      C306
 174 00ce 85A8256E 		.ascii	"\205\250%n9\370\000\302\3654\010\\\010\344\025Q\302"
 174      39F800C2 
 174      F534085C 
 174      08E41551 
 174      C2
 175 00df E5D67147 		.ascii	"\345\326qGt\216\313\215\343\236\010\341>\232\004L\322"
 175      748ECB8D 
 175      E39E08E1 
 175      3E9A044C 
 175      D2
 176 00f0 E89641B8 		.ascii	"\350\226A\270\0174\010\\VOQK\227\021\267\334^\372\313"
 176      0F34085C 
 176      564F514B 
 176      9711B7DC 
 176      5EFACB
 177 0103 D88E3452 		.ascii	"\330\2164R\334\006\351\270\303tH\212\251!\343\226m\\"
 177      DC06E9B8 
 177      C374488A 
 177      A921E396 
 177      6D5C
 178 0115 6E3610EE 		.ascii	"n6\020\3566;\270\314t\031\253A\340\262P\252/\255.n\271"
 178      363BB8CC 
 178      7419AB41 
 178      E0B250AA 
 178      2FAD2E6E 
 179 012a 6B60EEAD 		.ascii	"k`\356\255\266\322W\235\002[\233\243\333\306\242\343"
 179      B6D2579D 
 179      025B9BA3 
 179      DBC6A2E3 
 180 013a E66A356B 		.ascii	"\346j5k\242Dq\213\312\270\375\015\204\373\341\312::"
 180      A244718B 
ARM GAS  /tmp/ccpmGGJU.s 			page 13


 180      CAB8FD0D 
 180      84FBE1CA 
 180      3A3A
 181 014c 22454813 		.ascii	"\"EH\023\355?\314\207G\313\251\334\341\226}\227\303"
 181      ED3FCC87 
 181      47CBA9DC 
 181      E1967D97 
 181      C3
 182 015d 7A0A733F 		.ascii	"z\012s?i(}\345\312\377\341\377\013\340C\2042\214r\333"
 182      69287DE5 
 182      CAFFE1FF 
 182      0BE04384 
 182      328C72DB 
 183 0171 CDA6A19D 		.ascii	"\315\246\241\235#\372\311;\303\246\017O\330\2303G\334"
 183      23FAC93B 
 183      C3A60F4F 
 183      D8983347 
 183      DC
 184 0182 F2059799 		.ascii	"\362\005\227\231\255x\203\3457\300=\227{\004\316\247"
 184      AD7883E5 
 184      37C03D97 
 184      7B04CEA7 
 185 0192 47E07A89 		.ascii	"G\340z\211\216[\012\210\235a\363}v\204pY\023\342\226"
 185      8E5B0A88 
 185      9D61F37D 
 185      76847059 
 185      13E296
 186 01a5 FDB6B281 		.ascii	"\375\266\262\201p\000\2405\010\\\257L\230{IW\215\260"
 186      7000A035 
 186      085CAF4C 
 186      987B4957 
 186      8DB0
 187 01b7 56CA47FB 		.ascii	"V\312G\373o~0qt\203\202[\021\015\204\263\015\002\307"
 187      6F7E3071 
 187      7483825B 
 187      110D84B3 
 187      0D02C7
 188 01ca DC4FCC0D 		.ascii	"\334O\314\015|\021\270\000\366av0\346f\346V\231\033"
 188      7C11B800 
 188      F6617630 
 188      E666E656 
 188      991B
 189 01dc 030B983B 		.ascii	"\003\013\230;iG\001\357b\356\020\230\373\003\346vb\356"
 189      694701EF 
 189      62EE1098 
 189      FB03E676 
 189      62EE
 190 01ee 26E66662 		.ascii	"&\346fb\346's\277`f1\314\015\304\3341\230;\003\346V"
 190      E62773BF 
 190      606631CC 
 190      0DC4DC31 
 190      983B03E6 
 191 0203 62EE0098 		.ascii	"b\356\000\230\271\212\231=0\263\026fF\337\336\336\336"
 191      B98A993D 
 191      30B31666 
 191      46DFDEDE 
 191      DE
ARM GAS  /tmp/ccpmGGJU.s 			page 14


 192 0214 98198B19 		.ascii	"\230\031\213\031-b\366\361\005\356t.\317\342[^\305\265"
 192      2D62F6F1 
 192      05EE742E 
 192      CFE25B5E 
 192      C5B5
 193 0226 3818F772 		.ascii	"8\030\367r.\355\364/f\177\342PtM\264\264\206\020\323"
 193      2EEDF42F 
 193      667FE250 
 193      744DB4B4 
 193      8610D3
 194 0239 B80F16BA 		.ascii	"\270\017\026\272\253\010\034&[.\274@T\303\343\315\211"
 194      AB081C26 
 194      5B2EBC40 
 194      54C3E3CD 
 194      89
 195 024a 92E8E6A4 		.ascii	"\222\350\346\244\312\227\037)\353\252*+f2|\241\022d"
 195      CA971F29 
 195      EBAA2A2B 
 195      66327CA1 
 195      1264
 196 025c CDACA3F4 		.ascii	"\315\254\243\364\025\030\346\177S\213\010\021\015\022"
 196      1518E67F 
 196      538B0811 
 196      0D12
 197 026a 2298931F 		.ascii	"\"\230\223\037m[3\020\261h)rfk\311\0251&Q\214/[`cv\225"
 197      6D5B3310 
 197      B1682972 
 197      666BC915 
 197      3126518C 
 198 0284 91B32651 		.ascii	"\221\263&Q\2129\310\276\234\252\273\276\210W\027\030"
 198      8A39C8BE 
 198      9CAABBBE 
 198      88571718 
 199 0294 CCCC2821 		.ascii	"\314\314(!\2061\223\244\313W\350\321`\3048\314\177\261"
 199      863193A4 
 199      CB57E8D1 
 199      60C438CC 
 199      7FB1
 200 02a6 26484FAE 		.ascii	"&HO\256b_\036C\203u\023\353qX!\340\204k\214m\355_\214"
 200      625F1E43 
 200      837513EB 
 200      715821E0 
 200      846B8C6D 
 201 02bd 04891024 		.ascii	"\004\211\020$\256\225\030\265\"C\226\255\014w\347\215"
 201      AE9518B5 
 201      224396AD 
 201      0C77E78D 
 202 02cd 96EAB225 		.ascii	"\226\352\262%r\331\006\271l\177\\\266\310\313v\352\262"
 202      72D906B9 
 202      6C7F5CB6 
 202      C8CB76EA 
 202      B2
 203 02de 85BA8CC2 		.ascii	"\205\272\214\302\271\214\266\271\214\236]F\307\\F\303"
 203      B98CB6B9 
 203      8C9E5D46 
 203      C75C46C3 
 204 02ee 5C46B35C 		.ascii	"\\F\263\\F\261.\243\315\313h\325e\364\310e\024\310e"
ARM GAS  /tmp/ccpmGGJU.s 			page 15


 204      46B12EA3 
 204      CDCB68D5 
 204      65F4C865 
 204      14C865
 205 0301 34791935 		.ascii	"4y\0315^F\241.\177q\273\354i\227\275\354r\331\330e\007"
 205      5E46A12E 
 205      7F71BBEC 
 205      6997BDEC 
 205      72D9D865 
 206 0316 BBEC5C2E 		.ascii	"\273\354\\.\2579\226\313\376\274\375\236D{b\204i\346"
 206      AF3996CB 
 206      FEBCFD9E 
 206      447B6284 
 206      69E6
 207 0328 56A76357 		.ascii	"V\247cWA\007I\326\245\330\3442{\012(\364Xa\322&\346"
 207      410749D6 
 207      A5D8E432 
 207      7B0A28F4 
 207      5861D226 
 208 033d D64F08E1 		.ascii	"\326O\010\341l^Ob\210\341\262\020\027\025\250`u\025"
 208      6C5E4F62 
 208      88E1B210 
 208      1715A860 
 208      7515
 209 034f 1E646548 		.ascii	"\036deH\020\0333U\334\272\341\315\313Z\021\316\227\230"
 209      101B3355 
 209      DCBAE1CD 
 209      CB5A11CE 
 209      9798
 210 0361 A9A92EFE 		.ascii	"\251\251.\376\015\246\275z\206H\346\177\220\2570\035"
 210      0DA6BD7A 
 210      8648E67F 
 210      90AF301D 
 211 0371 5AB64C25 		.ascii	"Z\266L%\233\304\361\241c+\266\351\332:\213\215\371O"
 211      9BC4F1A1 
 211      632BB6E9 
 211      DA3A8B8D 
 211      F94F
 212 0383 868C0C51 		.ascii	"\206\214\014QllJj\313M\0343\377F\323j=\301\225\371\377"
 212      6C6C4A6A 
 212      CB4D1C33 
 212      FF46D36A 
 212      3DC195F9 
 213 0398 C34CD954 		.ascii	"\303L\331T\216\256bn'\376\035\245\247<\222\036L/\314"
 213      8EAE626E 
 213      27FE1DA5 
 213      A73C921E 
 213      4C2FCC
 214 03ab BDA4ABFC 		.ascii	"\275\244\253\374\373M\203\365\014\177>\252\350\306\374"
 214      FB4D83F5 
 214      0C7F3EAA 
 214      E8C6FC
 215 03ba 17636627 		.ascii	"\027cf'\301\205^B\2779\321M\360\242\353p)?:\224G\371"
 215      C1855E42 
 215      BF39D14D 
 215      F0A2EB70 
 215      293F3A94 
ARM GAS  /tmp/ccpmGGJU.s 			page 16


 216 03d0 0EC7E143 		.ascii	"\016\307\341C7\372\010>\345A\317\341k;\375\231\333\255"
 216      37FA083E 
 216      E541CFE1 
 216      6B3BFD99 
 216      DBAD
 217 03e2 E1B06DB2 		.ascii	"\341\260m\262\020sk\371\367\225\316\202\006\013p\340"
 217      10736BF9 
 217      F795CE82 
 217      060B70E0 
 218 03f2 82E48712 		.ascii	"\202\344\207\022\310u5\307\225\240\200'\241\3221\346"
 218      C87535C7 
 218      95A08027 
 218      A1D231E6 
 219 0402 6817571B 		.ascii	"h\027W\033\263Y\366\337\364\361p\003\232\021\035h\355"
 219      B359F6DF 
 219      F4F17003 
 219      9A111D68 
 219      ED
 220 0413 69EDF4B4 		.ascii	"i\355\364\264\276j\243\007\250+$\332\033\277,\240\203"
 220      BE6AA307 
 220      A82B24DA 
 220      1BBF2CA0 
 220      83
 221 0424 3C4A15DD 		.ascii	"<J\025\3352\016\307\325\341\302\372\356+\334\2325?\037"
 221      320EC7D5 
 221      E1C2FAEE 
 221      2BDC9A35 
 221      3F1F
 222 0436 1505C6CC 		.ascii	"\025\005\306\314\001rC\017$n9'\215\233\261\2379\375"
 222      0172430F 
 222      246E3927 
 222      8D9BB19F 
 222      39FD
 223 0448 CCD3D8FF 		.ascii	"\314\323\330\377\0276\237G\0100ag|\254=\0229\242\333"
 223      17369F47 
 223      08306167 
 223      7CAC3D12 
 223      39A2DB
 224 045b 94D9C2C6 		.ascii	"\224\331\302\306l\330\3230\373\031G\303g\000\374\243"
 224      6CD8D330 
 224      FB1947C3 
 224      6700FCA3 
 225 046b F9FF0250 		.ascii	"\371\377\002P\247\327\332\020\267?\015\204\363\034\036"
 225      A7D7DA10 
 225      B73F0D84 
 225      F31C1E
 226 047a F747D71C 		.ascii	"\367G\327\034\201\321C\343\270\034\2670\323 \250\222"
 226      81D143E3 
 226      B81CB730 
 226      D320A892 
 227 048a F56E5980 		.ascii	"\365nY\200\377\017\256\303?~X\225\307\017U\317\237_"
 227      FF0FAEC3 
 227      3F7E5895 
 227      C70F55CF 
 227      9F5F
 228 049c 97C6F5D9 		.ascii	"\227\306\365\331\014\376\374S\370<e\360\377)\374\265"
 228      0CFEFC53 
ARM GAS  /tmp/ccpmGGJU.s 			page 17


 228      F83C65F0 
 228      FF29FCB5 
 229 04ac B9FCFE11 		.ascii	"\271\374\376\021\306\034\277\251<\366\017?\270\276\362"
 229      C61CBFA9 
 229      3CF60F3F 
 229      B8BEF2
 230 04bb 45AC4FE1 		.ascii	"E\254O\341\216o.\217\037\326\341\362\270>\227\307^\237"
 230      8E6F2E8F 
 230      1FD6E1F2 
 230      B83E97C7 
 230      5E9F
 231 04cd CA5F87CA 		.ascii	"\312_\207\312\035?\353Py\\\275\376\370\263>\205\307"
 231      1D3FEB50 
 231      795CBDFE 
 231      F8B33E85 
 231      C7
 232 04de 75B80C7E 		.ascii	"u\270\014~X\207\302`q\2714\212@3\033\023\204\372\247"
 232      5887C260 
 232      71B9348A 
 232      40331B13 
 232      84FAA7
 233 04f1 B0C3FF4B 		.ascii	"\260\303\377KMyc7\377\227\377d\302\001\376*,\371Ox\330"
 233      4D796337 
 233      FF97FF64 
 233      C201FE2A 
 233      2CF94F78 
 234 0506 D046ACB2 		.ascii	"\320F\254\262d\362\337\205\017\001\365\316\345?\016"
 234      64F2DF85 
 234      0F01F5CE 
 234      E53F0E
 235 0515 E589876A 		.ascii	"\345\211\207j>\252\224\202za\373x\022\224H\251\377`"
 235      3EAA9482 
 235      7A61FB78 
 235      129448A9 
 235      FF60
 236 0527 2BD7FF20 		.ascii	"+\327\377 \327?\262\307\370\377\035~\370\243\277\254"
 236      D73FB2C7 
 236      F8FF1D7E 
 236      F8A3BFAC 
 237 0537 EC83CD30 		.ascii	"\354\203\3150%\177@\363\177H\221\210\360\370a-\203J"
 237      257F40F3 
 237      7F489188 
 237      F0F8612D 
 237      834A
 238 0549 22CBA67C 		.ascii	"\"\313\246|\243\3753\277li\274\317 \015/\365\377\315"
 238      A3FD33BF 
 238      6C69BCCF 
 238      200D2FF5 
 238      FFCD
 239 055b 86002C28 		.ascii	"\206\000,(\2672<RJ\250\262\334\262\227I{!Ds\002\023"
 239      B7323C52 
 239      4AA8B2DC 
 239      B297497B 
 239      21447302 
 240 0570 B74EA663 		.ascii	"\267N\246c'\263\244eK\322\255\317\230\001;W\204g[>F"
 240      27B3A465 
 240      4BD2ADCF 
ARM GAS  /tmp/ccpmGGJU.s 			page 18


 240      98013B57 
 240      84675B3E 
 241 0585 CCCDD891 		.ascii	"\314\315\330\221,n=\254\223\330\300\265t\313VM\310\032"
 241      2C6E3DAC 
 241      93D8C0B5 
 241      74CB564D 
 241      C81A
 242 0597 2A40886F 		.ascii	"*@\210o\246x\323\2758\015\036\306\273\270\025\307r1"
 242      A678D3BD 
 242      380D1EC6 
 242      BBB815C7 
 242      7231
 243 05a9 5E8383F9 		.ascii	"^\203\203\371\027\357r,\256\345T\374\351[\374\212g\271"
 243      17EF722C 
 243      AEE554FC 
 243      E95BFC8A 
 243      67B9
 244 05bb 14BF72AB 		.ascii	"\024\277r\253H\273\016\367\267\224\201R\222\357\351"
 244      48BB0EF7 
 244      B7948152 
 244      92EFE9
 245 05ca E7843454 		.ascii	"\347\2044T\264\353\260sup\026\365\376\361\371\001\225"
 245      B4EBB073 
 245      757016F5 
 245      FEF1F901 
 245      95
 246 05db 60D468C1 		.ascii	"`\324h\301\201\257i)\37595\245@\254\0028\203\206Q\217"
 246      81AF6929 
 246      FD3935A5 
 246      40AC0238 
 246      8386518F 
 247 05ef 87513095 		.ascii	"\207Q0\225\270\361\003:5\371x\270F\214\005\230J\374"
 247      B8F1033A 
 247      35F978B8 
 247      468C0598 
 247      4AFC
 248 0601 5278C0E4 		.ascii	"Rx\300\344\244\324\303(<\306\217\227\246*\007\226a\302"
 248      A4D4C328 
 248      3CC68F97 
 248      A62A0796 
 248      61C2
 249 0613 77437722 		.ascii	"wCw\"\205\004)OGM\235\005\013$\035u\205Q\212\352\202"
 249      8504294F 
 249      474D9D05 
 249      0B241D75 
 249      85518AEA 
 250 0628 84868A74 		.ascii	"\204\206\212tjRO\275\272\242\"\235 \235:\201\012\035"
 250      6A524FBD 
 250      BAA2229D 
 250      209D3A81 
 250      0A1D
 251 063a A1A222A1 		.ascii	"\241\242\"\241\241\242\335\016\012\235:\201\012$\026"
 251      A1A2DD0E 
 251      0A9D3A81 
 251      0A2416
 252 0649 414348BB 		.ascii	"ACH\273\235\006R^\212:\240\256H{\275\034u\005Q\332\013"
 252      9D06525E 
ARM GAS  /tmp/ccpmGGJU.s 			page 19


 252      8A3AA0AE 
 252      487BBD1C 
 252      750551DA 
 253 065e 3262C102 		.ascii	"2b\301\002\211'\305\257\006\010I.\206\322\336e\031&"
 253      8927C5AF 
 253      0608492E 
 253      86D2DE65 
 253      1926
 254 0670 5030F95C 		.ascii	"P0\371\\\374\234\232|\271\037\014\033K>\032F\"\370\007"
 254      FC9C9A7C 
 254      B91F0C1B 
 254      4B3E1A46 
 254      22F807
 255 0683 6346CEE9 		.ascii	"cF\316\351\007|Rb*\261\244\004\374\035\225\3709)\015"
 255      077C5262 
 255      2AB1A404 
 255      FC1D95F8 
 255      39290D
 256 0696 95E080C6 		.ascii	"\225\340\200\306\214\245\241\022\016\264HS\335\211'"
 256      8CA5A112 
 256      0EB44853 
 256      DD8927
 257 06a5 250D9C94 		.ascii	"%\015\234\224|O?^n\3517\203\206\022\214\334\217\251"
 257      7C4F3F5E 
 257      6EE93783 
 257      86128CDC 
 257      8FA9
 258 06b7 49466EA7 		.ascii	"IFn\247\246;\2444\207g\324\002)\315Q{\251\221U)H\252"
 258      A63BA434 
 258      8767D402 
 258      29CD517B 
 258      A9915529 
 259 06cd C0AAA96A 		.ascii	"\300\252\251j\264\313Q\323\036\252\246)\012t\361\200"
 259      B4CB51D3 
 259      1EAAA629 
 259      0A74F180 
 260 06dd 0E52510F 		.ascii	"\016RQ\017U{iQ/G\355\021\245E<\253\356\210\216\216r"
 260      557B6951 
 260      2F47ED11 
 260      A5453CAB 
 260      EE888E8E 
 261 06f2 D41DD190 		.ascii	"\324\035\321\220U{D;\253\022!\241*\021\017Uy;T%::\262"
 261      557B443B 
 261      AB1221A1 
 261      2A110F55 
 261      793B5425 
 262 0709 EAAE6764 		.ascii	"\352\256gd\201.\202\204\2004f\330\270\234B\227\212h"
 262      812E8284 
 262      803466D8 
 262      B89C4297 
 262      8A68
 263 071b 31C18AEB 		.ascii	"1\301\212\3533q\343\006\212\030ABL\300'\027L?\340\023"
 263      3371E306 
 263      8A184142 
 263      4CC02717 
 263      4C3FE013 
 264 072f 084FB9A7 		.ascii	"\010O\271\247\037Pi\251\006\323/)\367\3639\331h\352"
ARM GAS  /tmp/ccpmGGJU.s 			page 20


 264      1F5069A9 
 264      06D32F29 
 264      F7F339D9 
 264      68EA
 265 0741 E56EDC40 		.ascii	"\345n\334@A\024$t\224\324\313%\365r?\337\014\017~\274"
 265      41142474 
 265      94D4CB25 
 265      F5723FDF 
 265      0C0F7EBC 
 266 0755 5CCFA877 		.ascii	"\\\317\250w\224\346<p\202\2213a\202w\202\247\242\002"
 266      94E63C70 
 266      82913361 
 266      827782A7 
 266      A202
 267 0767 55454F85 		.ascii	"UEO\205\272\023t5T\3104n\241?\344\012\033\027\334\332"
 267      BA137435 
 267      54C8346E 
 267      A13FE40A 
 267      1B17DCDA 
 268 077b E3383D8E 		.ascii	"\3438=\216\273\331\237\377 I\346\216\224\346\232\303"
 268      BBD99FFF 
 268      2049E68E 
 268      94E69AC3 
 269 078b C97537C7 		.ascii	"\311u7\307Q)\340R\230\353\231\267y\221\266\006\346\345"
 269      5129E052 
 269      98EB99B7 
 269      7991B606 
 269      E6E5
 270 079d 96BD8DE7 		.ascii	"\226\275\215\347\0043;\210\270\3657:v6\016\307\007K"
 270      04333B88 
 270      B8F5373A 
 270      76360EC7 
 270      074B
 271 07af BAD5516B 		.ascii	"\272\325Qkw\343t7\256\326\306\025dT@{#\217\201`\250"
 271      77E37437 
 271      AED6C615 
 271      6454407B 
 271      238F8160 
 272 07c4 8154680C 		.ascii	"\201Th\01423\"\"\"\222$I"
 272      32332222 
 272      22922449 
 273 07d0 A1038105 		.ascii	"\241\003\201\005\304 '\225Y7\022\300\263,N\264!\021"
 273      C4202795 
 273      593712C0 
 273      B32C4EB4 
 273      2111
 274 07e2 191949EB 		.ascii	"\031\031I\353Wac\015\232\215\33350\014\222\327\0142"
 274      5761630D 
 274      9A8DDB35 
 274      300C92D7 
 274      0C32
 275 07f4 1455FC79 		.ascii	"\024U\374y\352\341Z$\034a\260\324Q\300\222\220\200\010"
 275      EAE15A24 
 275      1C61B0D4 
 275      51C09290 
 275      8008
 276 0806 98D01047 		.ascii	"\230\320\020G\030\2707\202\014\215\312\265\327bW:\304"
ARM GAS  /tmp/ccpmGGJU.s 			page 21


 276      18B83782 
 276      0C8DCAB5 
 276      D762573A 
 276      C4
 277 0817 FC906395 		.ascii	"\374\220c\225\0175\336|\301\177\332d(I\237\365\205\013"
 277      0F35DE7C 
 277      C17FDA64 
 277      28499FF5 
 277      850B
 278 0829 E32019B5 		.ascii	"\343 \031\265EX\363\023\232\020\362\334\263\263\351"
 278      4558F313 
 278      9A10F2DC 
 278      B3B3E9
 279 0838 940735CA 		.ascii	"\224\0075\312\213\341_\360c\202$&\251\025X|\350\007"
 279      8BE15FF0 
 279      63822426 
 279      A915587C 
 279      E807
 280 084a 92DBC81A 		.ascii	"\222\333\310\032Z`\343\315\010\002\346\262a\033J\272"
 280      5A60E3CD 
 280      0802E6B2 
 280      611B4ABA 
 281 085a 63580C43 		.ascii	"cX\014CVs\250\245\332 \270\032\221\035y\007x2\024!t"
 281      5673A8A5 
 281      DA20B81A 
 281      911D7907 
 281      78321421 
 282 086f 1E775566 		.ascii	"\036wUf\304PD\234b\307\237\270i\345a!\356\231\243\\"
 282      C450449C 
 282      62C79FB8 
 282      69E56121 
 282      EE99A35C 
 283 0883 60E6C938 		.ascii	"`\346\3118UU\323L\306(\253\200,\222!\3513\3045I\203"
 283      5555D34C 
 283      C628AB80 
 283      2C9221E9 
 283      33C43549 
 284 0898 805ED207 		.ascii	"\200^\322\007D\224\3549\210\322\241O\312\012\374\366"
 284      4494EC39 
 284      88D2A14F 
 284      CA0AFCF6 
 285 08a8 9F96C6F2 		.ascii	"\237\226\306\362\234\371\000X\262>\027*\375g>\363/,"
 285      9CF90058 
 285      B23E172A 
 285      FD673EF3 
 285      2F2C
 286 08ba DF786EEF 		.ascii	"\337xn\357\021F<\263waC0\211\250\027J\023\336\362\303"
 286      11463CB3 
 286      77614330 
 286      89A8174A 
 286      13DEF2C3 
 287 08ce 098F1352 		.ascii	"\011\217\023R\202\341\037\2705\250\\I\374\236\025\332"
 287      82E11FB8 
 287      35A85C49 
 287      FC9E15DA 
 288 08de 04D6389B 		.ascii	"\004\3268\233\230\252\216\222\305\206\307\215fm/\"\033"
 288      98AA8E92 
ARM GAS  /tmp/ccpmGGJU.s 			page 22


 288      C586C78D 
 288      666D2F22 
 288      1B
 289 08ef FE9B58F0 		.ascii	"\376\233X\360\330\270D\210\017\317v\037\023p\325\006"
 289      D8B84488 
 289      0FCF761F 
 289      1370D506 
 290 08ff BADCEA2E 		.ascii	"\272\334\352.\247\020\235\023\265~!\236f\207S\330\365"
 290      A7109D13 
 290      B57E219E 
 290      668753D8 
 290      F5
 291 0910 578D0221 		.ascii	"W\215\002!s\214\322y\274k>\350S\237,\227\253_#\322\254"
 291      738CD279 
 291      BC6B3EE8 
 291      539F2C97 
 291      AB5F23D2 
 292 0925 4DD5B6A7 		.ascii	"M\325\266\247\274\011\216\015@s\233\241h\302I-\274M"
 292      BC098E0D 
 292      40739BA1 
 292      68C2492D 
 292      BC4D
 293 0937 172161C3 		.ascii	"\027!a\303\012\033\302\3306\325\242\016\347\302F\325"
 293      0A1BC2D8 
 293      36D5A20E 
 293      E7C246D5 
 294 0947 105F0F78 		.ascii	"\020_\017xh\207\020\267\364\375\001q\205X \012\354\256"
 294      688710B7 
 294      F4FD0171 
 294      8558200A 
 294      ECAE
 295 0959 E298CA6C 		.ascii	"\342\230\312lRf\202\253W\360\215Ja#\014y\303\015\273"
 295      526682AB 
 295      57F08D4A 
 295      61230C79 
 295      C30DBB
 296 096c FFCBC67A 		.ascii	"\377\313\306zpj'\206\336I7\241\2264\235\235g\015\234"
 296      706A2786 
 296      DE4937A1 
 296      96349D9D 
 296      670D9C
 297 097f 880D60B9 		.ascii	"\210\015`\27175k\341\316T771\016\025\254\265\244\255"
 297      37356BE1 
 297      CE543737 
 297      310E15AC 
 297      B5A4AD
 298 0992 FF9E1240 		.ascii	"\377\236\022@\243HA'\300\372\326\324\257\300\206pd\034"
 298      A3484127 
 298      C0FAD6D4 
 298      AFC08670 
 298      641C
 299 09a4 C7024CF0 		.ascii	"\307\002L\360\231xi\375D\210\215~\343\365\231hJ\005"
 299      997869FD 
 299      44888D7E 
 299      E3F59968 
 299      4A05
 300 09b6 18071938 		.ascii	"\030\007\0318?!\247\222=\252\377:\003\317\177\252/\035"
ARM GAS  /tmp/ccpmGGJU.s 			page 23


 300      3F21A792 
 300      3DAAFF3A 
 300      03CF7FAA 
 300      2F1D
 301 09c8 C6F001A4 		.ascii	"\306\360\001\244[\002K\252/F\334{|\242\347&q\342\027"
 301      5B024BAA 
 301      2F46DC7B 
 301      7CA2E726 
 301      71E217
 302 09db FB8C2279 		.ascii	"\373\214\"y\213\365\223y\203\334;\352|\372\242\211\301"
 302      8BF59379 
 302      83DC3BEA 
 302      7CFAA289 
 302      C1
 303 09ec C005A850 		.ascii	"\300\005\250PF\177\233\311\025\273\317G\312\260\016"
 303      467F9BC9 
 303      15BBCF47 
 303      CAB00E
 304 09fb C22DEAA8 		.ascii	"\302-\352\250.\276\303\236C\020\261\363A;]\\L\006\037"
 304      2EBEC39E 
 304      4310B1F3 
 304      413B5D5C 
 304      4C061F
 305 0a0e D186F81E 		.ascii	"\321\206\370\036\342!\352\272\310\325\276\357\315\353"
 305      E221EABA 
 305      C8D5BEEF 
 305      CDEB
 306 0a1c 9D46C833 		.ascii	"\235F\3103\222\266\035\037\330\331\350\314\324\023\357"
 306      92B61D1F 
 306      D8D9E8CC 
 306      D413EF
 307 0a2b E572D342 		.ascii	"\345r\323B'\266t7\252\356\005\215/P\0069\377\362>/\037"
 307      27B67437 
 307      AAEE058D 
 307      2F500639 
 307      FFF23E2F 
 308 0a40 6479EF1F 		.ascii	"dy\357\037\365\317\302\262u}\351:T\246\276\033\343\020"
 308      F5CFC2B2 
 308      757DE93A 
 308      54A6BE1B 
 308      E310
 309 0a52 E5E39735 		.ascii	"\345\343\2275\364\0325"
 309      F41A35
 310              		.text
 311              		.section	.gnu.lto_.symtab.e9529ccd1a6e72c0,"e",%progbits
 312 0000 53797374 		.ascii	"SystemInit\000"
 312      656D496E 
 312      697400
 313 000b 00       		.ascii	"\000"
 314 000c 00       		.ascii	"\000"
 315 000d 00       		.ascii	"\000"
 316 000e 00000000 		.ascii	"\000\000\000\000\000\000\000\000"
 316      00000000 
 317 0016 6D010000 		.ascii	"m\001\000\000"
 318 001a 53797374 		.ascii	"SystemCoreClockUpdate\000"
 318      656D436F 
 318      7265436C 
ARM GAS  /tmp/ccpmGGJU.s 			page 24


 318      6F636B55 
 318      70646174 
 319 0030 00       		.ascii	"\000"
 320 0031 00       		.ascii	"\000"
 321 0032 00       		.ascii	"\000"
 322 0033 00000000 		.ascii	"\000\000\000\000\000\000\000\000"
 322      00000000 
 323 003b 6F010000 		.ascii	"o\001\000\000"
 324 003f 53797374 		.ascii	"SystemCoreClock\000"
 324      656D436F 
 324      7265436C 
 324      6F636B00 
 325 004f 00       		.ascii	"\000"
 326 0050 00       		.ascii	"\000"
 327 0051 00       		.ascii	"\000"
 328 0052 00000000 		.ascii	"\000\000\000\000\000\000\000\000"
 328      00000000 
 329 005a 72010000 		.ascii	"r\001\000\000"
 330 005e 41484250 		.ascii	"AHBPrescTable\000"
 330      72657363 
 330      5461626C 
 330      6500
 331 006c 00       		.ascii	"\000"
 332 006d 00       		.ascii	"\000"
 333 006e 00       		.ascii	"\000"
 334 006f 00000000 		.ascii	"\000\000\000\000\000\000\000\000"
 334      00000000 
 335 0077 77010000 		.ascii	"w\001\000\000"
 336 007b 41504250 		.ascii	"APBPrescTable\000"
 336      72657363 
 336      5461626C 
 336      6500
 337 0089 00       		.ascii	"\000"
 338 008a 00       		.ascii	"\000"
 339 008b 00       		.ascii	"\000"
 340 008c 00000000 		.ascii	"\000\000\000\000\000\000\000\000"
 340      00000000 
 341 0094 7E010000 		.ascii	"~\001\000\000"
 342              		.text
 343              		.section	.gnu.lto_.ext_symtab.e9529ccd1a6e72c0,"e",%progbits
 344 0000 01       		.ascii	"\001"
 345 0001 01       		.ascii	"\001"
 346 0002 00       		.ascii	"\000"
 347 0003 01       		.ascii	"\001"
 348 0004 00       		.ascii	"\000"
 349 0005 02       		.ascii	"\002"
 350 0006 00       		.ascii	"\000"
 351 0007 02       		.ascii	"\002"
 352 0008 00       		.ascii	"\000"
 353 0009 02       		.ascii	"\002"
 354 000a 00       		.ascii	"\000"
 355              		.text
 356              		.section	.gnu.lto_.opts,"e",%progbits
 357 0000 272D666E 		.ascii	"'-fno-openmp' '-fno-openacc' '-fno-pie' '-fcf-prote"
 357      6F2D6F70 
 357      656E6D70 
 357      2720272D 
ARM GAS  /tmp/ccpmGGJU.s 			page 25


 357      666E6F2D 
 358 0033 6374696F 		.ascii	"ction=none' '-mcpu=cortex-m4' '-mthumb' '-mfpu=fpv4"
 358      6E3D6E6F 
 358      6E652720 
 358      272D6D63 
 358      70753D63 
 359 0066 2D73702D 		.ascii	"-sp-d16' '-mfloat-abi=hard' '-mlibarch=armv7e-m+fp'"
 359      64313627 
 359      20272D6D 
 359      666C6F61 
 359      742D6162 
 360 0099 20272D6D 		.ascii	" '-march=armv7e-m+fp' '-Ofast' '-flto' '-fdata-sect"
 360      61726368 
 360      3D61726D 
 360      7637652D 
 360      6D2B6670 
 361 00cc 696F6E73 		.ascii	"ions' '-ffunction-sections' '-Xassembler' '-a' '-Xa"
 361      2720272D 
 361      6666756E 
 361      6374696F 
 361      6E2D7365 
 362 00ff 7373656D 		.ascii	"ssembler' '-ad' '-Xassembler' '-alms=build/system_s"
 362      626C6572 
 362      2720272D 
 362      61642720 
 362      272D5861 
 363 0132 746D3332 		.ascii	"tm32f4xx.lst'\000"
 363      66347878 
 363      2E6C7374 
 363      2700
 364              		.text
 365              		.comm	__gnu_lto_slim,1,1
 366              		.ident	"GCC: (Arch Repository) 11.2.0"
ARM GAS  /tmp/ccpmGGJU.s 			page 26


DEFINED SYMBOLS
                            *ABS*:0000000000000000 system_stm32f4xx.c
                            *COM*:0000000000000001 __gnu_lto_slim

NO UNDEFINED SYMBOLS
